[0.359s] DEBUG:colcon:Command line arguments: ['/usr/bin/colcon', 'build']
[0.359s] DEBUG:colcon:Parsed command line arguments: Namespace(log_base=None, log_level=None, verb_name='build', build_base='build', install_base='install', merge_install=False, symlink_install=False, test_result_base=None, continue_on_error=False, executor='parallel', parallel_workers=4, event_handlers=None, ignore_user_meta=False, metas=['./colcon.meta'], base_paths=['.'], packages_ignore=None, packages_ignore_regex=None, paths=None, packages_up_to=None, packages_up_to_regex=None, packages_above=None, packages_above_and_dependencies=None, packages_above_depth=None, packages_select_by_dep=None, packages_skip_by_dep=None, packages_skip_up_to=None, packages_select_build_failed=False, packages_skip_build_finished=False, packages_select_test_failures=False, packages_skip_test_passed=False, packages_select=None, packages_skip=None, packages_select_regex=None, packages_skip_regex=None, packages_start=None, packages_end=None, allow_overriding=[], cmake_args=None, cmake_target=None, cmake_target_skip_unavailable=False, cmake_clean_cache=False, cmake_clean_first=False, cmake_force_configure=False, ament_cmake_args=None, catkin_cmake_args=None, catkin_skip_building_tests=False, mixin_files=None, mixin=None, verb_parser=<colcon_mixin.mixin.mixin_argument.MixinArgumentDecorator object at 0x72377894ed40>, verb_extension=<colcon_core.verb.build.BuildVerb object at 0x723778a3be80>, main=<bound method BuildVerb.main of <colcon_core.verb.build.BuildVerb object at 0x723778a3be80>>, mixin_verb=('build',))
[0.958s] Level 1:colcon.colcon_core.package_discovery:discover_packages(colcon_meta) check parameters
[0.959s] Level 1:colcon.colcon_core.package_discovery:discover_packages(recursive) check parameters
[0.959s] Level 1:colcon.colcon_core.package_discovery:discover_packages(ignore) check parameters
[0.959s] Level 1:colcon.colcon_core.package_discovery:discover_packages(path) check parameters
[0.959s] Level 1:colcon.colcon_core.package_discovery:discover_packages(colcon_meta) discover
[0.959s] Level 1:colcon.colcon_core.package_discovery:discover_packages(recursive) discover
[0.959s] INFO:colcon.colcon_core.package_discovery:Crawling recursively for packages in '/home/zeeshan/rida_ws'
[0.959s] Level 1:colcon.colcon_core.package_identification:_identify(.) by extensions ['ignore', 'ignore_ament_install']
[0.959s] Level 1:colcon.colcon_core.package_identification:_identify(.) by extension 'ignore'
[0.959s] Level 1:colcon.colcon_core.package_identification:_identify(.) by extension 'ignore_ament_install'
[0.960s] Level 1:colcon.colcon_core.package_identification:_identify(.) by extensions ['colcon_pkg']
[0.960s] Level 1:colcon.colcon_core.package_identification:_identify(.) by extension 'colcon_pkg'
[0.960s] Level 1:colcon.colcon_core.package_identification:_identify(.) by extensions ['colcon_meta']
[0.960s] Level 1:colcon.colcon_core.package_identification:_identify(.) by extension 'colcon_meta'
[0.960s] Level 1:colcon.colcon_core.package_identification:_identify(.) by extensions ['ros']
[0.960s] Level 1:colcon.colcon_core.package_identification:_identify(.) by extension 'ros'
[0.984s] Level 1:colcon.colcon_core.package_identification:_identify(.) by extensions ['cmake', 'python']
[0.984s] Level 1:colcon.colcon_core.package_identification:_identify(.) by extension 'cmake'
[0.984s] Level 1:colcon.colcon_core.package_identification:_identify(.) by extension 'python'
[0.984s] Level 1:colcon.colcon_core.package_identification:_identify(.) by extensions ['python_setup_py']
[0.984s] Level 1:colcon.colcon_core.package_identification:_identify(.) by extension 'python_setup_py'
[0.985s] Level 1:colcon.colcon_core.package_identification:_identify(build) by extensions ['ignore', 'ignore_ament_install']
[0.985s] Level 1:colcon.colcon_core.package_identification:_identify(build) by extension 'ignore'
[0.985s] Level 1:colcon.colcon_core.package_identification:_identify(build) ignored
[0.985s] Level 1:colcon.colcon_core.package_identification:_identify(install) by extensions ['ignore', 'ignore_ament_install']
[0.985s] Level 1:colcon.colcon_core.package_identification:_identify(install) by extension 'ignore'
[0.985s] Level 1:colcon.colcon_core.package_identification:_identify(install) ignored
[0.986s] Level 1:colcon.colcon_core.package_identification:_identify(log) by extensions ['ignore', 'ignore_ament_install']
[0.986s] Level 1:colcon.colcon_core.package_identification:_identify(log) by extension 'ignore'
[0.986s] Level 1:colcon.colcon_core.package_identification:_identify(log) ignored
[0.987s] Level 1:colcon.colcon_core.package_identification:_identify(maps) by extensions ['ignore', 'ignore_ament_install']
[0.987s] Level 1:colcon.colcon_core.package_identification:_identify(maps) by extension 'ignore'
[0.988s] Level 1:colcon.colcon_core.package_identification:_identify(maps) by extension 'ignore_ament_install'
[0.988s] Level 1:colcon.colcon_core.package_identification:_identify(maps) by extensions ['colcon_pkg']
[0.988s] Level 1:colcon.colcon_core.package_identification:_identify(maps) by extension 'colcon_pkg'
[0.988s] Level 1:colcon.colcon_core.package_identification:_identify(maps) by extensions ['colcon_meta']
[0.988s] Level 1:colcon.colcon_core.package_identification:_identify(maps) by extension 'colcon_meta'
[0.988s] Level 1:colcon.colcon_core.package_identification:_identify(maps) by extensions ['ros']
[0.988s] Level 1:colcon.colcon_core.package_identification:_identify(maps) by extension 'ros'
[0.988s] Level 1:colcon.colcon_core.package_identification:_identify(maps) by extensions ['cmake', 'python']
[0.988s] Level 1:colcon.colcon_core.package_identification:_identify(maps) by extension 'cmake'
[0.988s] Level 1:colcon.colcon_core.package_identification:_identify(maps) by extension 'python'
[0.989s] Level 1:colcon.colcon_core.package_identification:_identify(maps) by extensions ['python_setup_py']
[0.989s] Level 1:colcon.colcon_core.package_identification:_identify(maps) by extension 'python_setup_py'
[0.989s] Level 1:colcon.colcon_core.package_identification:_identify(src) by extensions ['ignore', 'ignore_ament_install']
[0.990s] Level 1:colcon.colcon_core.package_identification:_identify(src) by extension 'ignore'
[0.990s] Level 1:colcon.colcon_core.package_identification:_identify(src) by extension 'ignore_ament_install'
[0.990s] Level 1:colcon.colcon_core.package_identification:_identify(src) by extensions ['colcon_pkg']
[0.990s] Level 1:colcon.colcon_core.package_identification:_identify(src) by extension 'colcon_pkg'
[0.990s] Level 1:colcon.colcon_core.package_identification:_identify(src) by extensions ['colcon_meta']
[0.990s] Level 1:colcon.colcon_core.package_identification:_identify(src) by extension 'colcon_meta'
[0.990s] Level 1:colcon.colcon_core.package_identification:_identify(src) by extensions ['ros']
[0.990s] Level 1:colcon.colcon_core.package_identification:_identify(src) by extension 'ros'
[0.991s] Level 1:colcon.colcon_core.package_identification:_identify(src) by extensions ['cmake', 'python']
[0.991s] Level 1:colcon.colcon_core.package_identification:_identify(src) by extension 'cmake'
[0.991s] Level 1:colcon.colcon_core.package_identification:_identify(src) by extension 'python'
[0.991s] Level 1:colcon.colcon_core.package_identification:_identify(src) by extensions ['python_setup_py']
[0.991s] Level 1:colcon.colcon_core.package_identification:_identify(src) by extension 'python_setup_py'
[0.992s] Level 1:colcon.colcon_core.package_identification:_identify(src/cpp_pkg) by extensions ['ignore', 'ignore_ament_install']
[0.992s] Level 1:colcon.colcon_core.package_identification:_identify(src/cpp_pkg) by extension 'ignore'
[0.992s] Level 1:colcon.colcon_core.package_identification:_identify(src/cpp_pkg) by extension 'ignore_ament_install'
[0.993s] Level 1:colcon.colcon_core.package_identification:_identify(src/cpp_pkg) by extensions ['colcon_pkg']
[0.993s] Level 1:colcon.colcon_core.package_identification:_identify(src/cpp_pkg) by extension 'colcon_pkg'
[0.993s] Level 1:colcon.colcon_core.package_identification:_identify(src/cpp_pkg) by extensions ['colcon_meta']
[0.993s] Level 1:colcon.colcon_core.package_identification:_identify(src/cpp_pkg) by extension 'colcon_meta'
[0.993s] Level 1:colcon.colcon_core.package_identification:_identify(src/cpp_pkg) by extensions ['ros']
[0.993s] Level 1:colcon.colcon_core.package_identification:_identify(src/cpp_pkg) by extension 'ros'
[1.000s] DEBUG:colcon.colcon_core.package_identification:Package 'src/cpp_pkg' with type 'ros.ament_cmake' and name 'cpp_pkg'
[1.001s] Level 1:colcon.colcon_core.package_identification:_identify(src/new_pkg) by extensions ['ignore', 'ignore_ament_install']
[1.001s] Level 1:colcon.colcon_core.package_identification:_identify(src/new_pkg) by extension 'ignore'
[1.002s] Level 1:colcon.colcon_core.package_identification:_identify(src/new_pkg) by extension 'ignore_ament_install'
[1.002s] Level 1:colcon.colcon_core.package_identification:_identify(src/new_pkg) by extensions ['colcon_pkg']
[1.002s] Level 1:colcon.colcon_core.package_identification:_identify(src/new_pkg) by extension 'colcon_pkg'
[1.002s] Level 1:colcon.colcon_core.package_identification:_identify(src/new_pkg) by extensions ['colcon_meta']
[1.002s] Level 1:colcon.colcon_core.package_identification:_identify(src/new_pkg) by extension 'colcon_meta'
[1.002s] Level 1:colcon.colcon_core.package_identification:_identify(src/new_pkg) by extensions ['ros']
[1.002s] Level 1:colcon.colcon_core.package_identification:_identify(src/new_pkg) by extension 'ros'
[1.004s] DEBUG:colcon.colcon_core.package_identification:Package 'src/new_pkg' with type 'ros.ament_python' and name 'new_pkg'
[1.005s] Level 1:colcon.colcon_core.package_identification:_identify(src/simple_planner) by extensions ['ignore', 'ignore_ament_install']
[1.006s] Level 1:colcon.colcon_core.package_identification:_identify(src/simple_planner) by extension 'ignore'
[1.006s] Level 1:colcon.colcon_core.package_identification:_identify(src/simple_planner) by extension 'ignore_ament_install'
[1.006s] Level 1:colcon.colcon_core.package_identification:_identify(src/simple_planner) by extensions ['colcon_pkg']
[1.006s] Level 1:colcon.colcon_core.package_identification:_identify(src/simple_planner) by extension 'colcon_pkg'
[1.006s] Level 1:colcon.colcon_core.package_identification:_identify(src/simple_planner) by extensions ['colcon_meta']
[1.006s] Level 1:colcon.colcon_core.package_identification:_identify(src/simple_planner) by extension 'colcon_meta'
[1.006s] Level 1:colcon.colcon_core.package_identification:_identify(src/simple_planner) by extensions ['ros']
[1.006s] Level 1:colcon.colcon_core.package_identification:_identify(src/simple_planner) by extension 'ros'
[1.009s] DEBUG:colcon.colcon_core.package_identification:Package 'src/simple_planner' with type 'ros.ament_cmake' and name 'simple_planner'
[1.009s] Level 1:colcon.colcon_core.package_discovery:discover_packages(recursive) using defaults
[1.009s] Level 1:colcon.colcon_core.package_discovery:discover_packages(ignore) discover
[1.009s] Level 1:colcon.colcon_core.package_discovery:discover_packages(ignore) using defaults
[1.009s] Level 1:colcon.colcon_core.package_discovery:discover_packages(path) discover
[1.009s] Level 1:colcon.colcon_core.package_discovery:discover_packages(path) using defaults
[1.066s] Level 1:colcon.colcon_core.package_discovery:discover_packages(prefix_path) check parameters
[1.066s] Level 1:colcon.colcon_core.package_discovery:discover_packages(prefix_path) discover
[1.073s] DEBUG:colcon.colcon_installed_package_information.package_discovery:Found 2 installed packages in /home/zeeshan/rida_ws/install
[1.077s] DEBUG:colcon.colcon_installed_package_information.package_discovery:Found 314 installed packages in /opt/ros/humble
[1.081s] Level 1:colcon.colcon_core.package_discovery:discover_packages(prefix_path) using defaults
[1.204s] Level 5:colcon.colcon_core.verb:set package 'cpp_pkg' build argument 'cmake_args' from command line to 'None'
[1.205s] Level 5:colcon.colcon_core.verb:set package 'cpp_pkg' build argument 'cmake_target' from command line to 'None'
[1.205s] Level 5:colcon.colcon_core.verb:set package 'cpp_pkg' build argument 'cmake_target_skip_unavailable' from command line to 'False'
[1.205s] Level 5:colcon.colcon_core.verb:set package 'cpp_pkg' build argument 'cmake_clean_cache' from command line to 'False'
[1.205s] Level 5:colcon.colcon_core.verb:set package 'cpp_pkg' build argument 'cmake_clean_first' from command line to 'False'
[1.205s] Level 5:colcon.colcon_core.verb:set package 'cpp_pkg' build argument 'cmake_force_configure' from command line to 'False'
[1.205s] Level 5:colcon.colcon_core.verb:set package 'cpp_pkg' build argument 'ament_cmake_args' from command line to 'None'
[1.205s] Level 5:colcon.colcon_core.verb:set package 'cpp_pkg' build argument 'catkin_cmake_args' from command line to 'None'
[1.205s] Level 5:colcon.colcon_core.verb:set package 'cpp_pkg' build argument 'catkin_skip_building_tests' from command line to 'False'
[1.205s] DEBUG:colcon.colcon_core.verb:Building package 'cpp_pkg' with the following arguments: {'ament_cmake_args': None, 'build_base': '/home/zeeshan/rida_ws/build/cpp_pkg', 'catkin_cmake_args': None, 'catkin_skip_building_tests': False, 'cmake_args': None, 'cmake_clean_cache': False, 'cmake_clean_first': False, 'cmake_force_configure': False, 'cmake_target': None, 'cmake_target_skip_unavailable': False, 'install_base': '/home/zeeshan/rida_ws/install/cpp_pkg', 'merge_install': False, 'path': '/home/zeeshan/rida_ws/src/cpp_pkg', 'symlink_install': False, 'test_result_base': None}
[1.206s] Level 5:colcon.colcon_core.verb:set package 'new_pkg' build argument 'cmake_args' from command line to 'None'
[1.206s] Level 5:colcon.colcon_core.verb:set package 'new_pkg' build argument 'cmake_target' from command line to 'None'
[1.206s] Level 5:colcon.colcon_core.verb:set package 'new_pkg' build argument 'cmake_target_skip_unavailable' from command line to 'False'
[1.206s] Level 5:colcon.colcon_core.verb:set package 'new_pkg' build argument 'cmake_clean_cache' from command line to 'False'
[1.206s] Level 5:colcon.colcon_core.verb:set package 'new_pkg' build argument 'cmake_clean_first' from command line to 'False'
[1.206s] Level 5:colcon.colcon_core.verb:set package 'new_pkg' build argument 'cmake_force_configure' from command line to 'False'
[1.206s] Level 5:colcon.colcon_core.verb:set package 'new_pkg' build argument 'ament_cmake_args' from command line to 'None'
[1.206s] Level 5:colcon.colcon_core.verb:set package 'new_pkg' build argument 'catkin_cmake_args' from command line to 'None'
[1.206s] Level 5:colcon.colcon_core.verb:set package 'new_pkg' build argument 'catkin_skip_building_tests' from command line to 'False'
[1.206s] DEBUG:colcon.colcon_core.verb:Building package 'new_pkg' with the following arguments: {'ament_cmake_args': None, 'build_base': '/home/zeeshan/rida_ws/build/new_pkg', 'catkin_cmake_args': None, 'catkin_skip_building_tests': False, 'cmake_args': None, 'cmake_clean_cache': False, 'cmake_clean_first': False, 'cmake_force_configure': False, 'cmake_target': None, 'cmake_target_skip_unavailable': False, 'install_base': '/home/zeeshan/rida_ws/install/new_pkg', 'merge_install': False, 'path': '/home/zeeshan/rida_ws/src/new_pkg', 'symlink_install': False, 'test_result_base': None}
[1.207s] Level 5:colcon.colcon_core.verb:set package 'simple_planner' build argument 'cmake_args' from command line to 'None'
[1.207s] Level 5:colcon.colcon_core.verb:set package 'simple_planner' build argument 'cmake_target' from command line to 'None'
[1.207s] Level 5:colcon.colcon_core.verb:set package 'simple_planner' build argument 'cmake_target_skip_unavailable' from command line to 'False'
[1.207s] Level 5:colcon.colcon_core.verb:set package 'simple_planner' build argument 'cmake_clean_cache' from command line to 'False'
[1.207s] Level 5:colcon.colcon_core.verb:set package 'simple_planner' build argument 'cmake_clean_first' from command line to 'False'
[1.207s] Level 5:colcon.colcon_core.verb:set package 'simple_planner' build argument 'cmake_force_configure' from command line to 'False'
[1.208s] Level 5:colcon.colcon_core.verb:set package 'simple_planner' build argument 'ament_cmake_args' from command line to 'None'
[1.208s] Level 5:colcon.colcon_core.verb:set package 'simple_planner' build argument 'catkin_cmake_args' from command line to 'None'
[1.208s] Level 5:colcon.colcon_core.verb:set package 'simple_planner' build argument 'catkin_skip_building_tests' from command line to 'False'
[1.208s] DEBUG:colcon.colcon_core.verb:Building package 'simple_planner' with the following arguments: {'ament_cmake_args': None, 'build_base': '/home/zeeshan/rida_ws/build/simple_planner', 'catkin_cmake_args': None, 'catkin_skip_building_tests': False, 'cmake_args': None, 'cmake_clean_cache': False, 'cmake_clean_first': False, 'cmake_force_configure': False, 'cmake_target': None, 'cmake_target_skip_unavailable': False, 'install_base': '/home/zeeshan/rida_ws/install/simple_planner', 'merge_install': False, 'path': '/home/zeeshan/rida_ws/src/simple_planner', 'symlink_install': False, 'test_result_base': None}
[1.208s] INFO:colcon.colcon_core.executor:Executing jobs using 'parallel' executor
[1.210s] DEBUG:colcon.colcon_parallel_executor.executor.parallel:run_until_complete
[1.210s] INFO:colcon.colcon_ros.task.ament_cmake.build:Building ROS package in '/home/zeeshan/rida_ws/src/cpp_pkg' with build type 'ament_cmake'
[1.210s] INFO:colcon.colcon_cmake.task.cmake.build:Building CMake package in '/home/zeeshan/rida_ws/src/cpp_pkg'
[1.219s] INFO:colcon.colcon_core.plugin_system:Skipping extension 'colcon_core.shell.bat': Not used on non-Windows systems
[1.219s] INFO:colcon.colcon_core.shell:Skip shell extension 'powershell' for command environment: Not usable outside of PowerShell
[1.219s] DEBUG:colcon.colcon_core.shell:Skip shell extension 'dsv' for command environment
[1.228s] INFO:colcon.colcon_ros.task.ament_python.build:Building ROS package in '/home/zeeshan/rida_ws/src/new_pkg' with build type 'ament_python'
[1.228s] Level 1:colcon.colcon_core.shell:create_environment_hook('new_pkg', 'ament_prefix_path')
[1.228s] INFO:colcon.colcon_core.shell:Creating environment hook '/home/zeeshan/rida_ws/install/new_pkg/share/new_pkg/hook/ament_prefix_path.ps1'
[1.231s] INFO:colcon.colcon_core.shell:Creating environment descriptor '/home/zeeshan/rida_ws/install/new_pkg/share/new_pkg/hook/ament_prefix_path.dsv'
[1.232s] INFO:colcon.colcon_core.shell:Creating environment hook '/home/zeeshan/rida_ws/install/new_pkg/share/new_pkg/hook/ament_prefix_path.sh'
[1.234s] INFO:colcon.colcon_core.shell:Skip shell extension 'powershell' for command environment: Not usable outside of PowerShell
[1.234s] DEBUG:colcon.colcon_core.shell:Skip shell extension 'dsv' for command environment
[1.241s] INFO:colcon.colcon_ros.task.ament_cmake.build:Building ROS package in '/home/zeeshan/rida_ws/src/simple_planner' with build type 'ament_cmake'
[1.241s] INFO:colcon.colcon_cmake.task.cmake.build:Building CMake package in '/home/zeeshan/rida_ws/src/simple_planner'
[1.241s] INFO:colcon.colcon_core.shell:Skip shell extension 'powershell' for command environment: Not usable outside of PowerShell
[1.242s] DEBUG:colcon.colcon_core.shell:Skip shell extension 'dsv' for command environment
[1.258s] DEBUG:colcon.colcon_core.event_handler.log_command:Invoking command in '/home/zeeshan/rida_ws/build/cpp_pkg': CMAKE_PREFIX_PATH=${CMAKE_PREFIX_PATH}:/opt/ros/humble /usr/bin/cmake --build /home/zeeshan/rida_ws/build/cpp_pkg -- -j4 -l4
[1.876s] INFO:colcon.colcon_core.task.python.build:Building Python package in '/home/zeeshan/rida_ws/src/new_pkg'
[1.877s] INFO:colcon.colcon_core.shell:Skip shell extension 'powershell' for command environment: Not usable outside of PowerShell
[1.877s] DEBUG:colcon.colcon_core.shell:Skip shell extension 'dsv' for command environment
[1.888s] DEBUG:colcon.colcon_core.event_handler.log_command:Invoked command in '/home/zeeshan/rida_ws/build/cpp_pkg' returned '0': CMAKE_PREFIX_PATH=${CMAKE_PREFIX_PATH}:/opt/ros/humble /usr/bin/cmake --build /home/zeeshan/rida_ws/build/cpp_pkg -- -j4 -l4
[1.896s] DEBUG:colcon.colcon_core.event_handler.log_command:Invoking command in '/home/zeeshan/rida_ws/build/simple_planner': CMAKE_PREFIX_PATH=${CMAKE_PREFIX_PATH}:/opt/ros/humble /usr/bin/cmake --build /home/zeeshan/rida_ws/build/simple_planner -- -j4 -l4
[1.960s] DEBUG:colcon.colcon_core.event_handler.log_command:Invoking command in '/home/zeeshan/rida_ws/build/cpp_pkg': CMAKE_PREFIX_PATH=${CMAKE_PREFIX_PATH}:/opt/ros/humble /usr/bin/cmake --install /home/zeeshan/rida_ws/build/cpp_pkg
[1.990s] Level 1:colcon.colcon_core.environment:create_environment_scripts_only(cpp_pkg)
[1.991s] DEBUG:colcon.colcon_core.event_handler.log_command:Invoked command in '/home/zeeshan/rida_ws/build/cpp_pkg' returned '0': CMAKE_PREFIX_PATH=${CMAKE_PREFIX_PATH}:/opt/ros/humble /usr/bin/cmake --install /home/zeeshan/rida_ws/build/cpp_pkg
[2.005s] Level 1:colcon.colcon_core.environment:checking '/home/zeeshan/rida_ws/install/cpp_pkg' for CMake module files
[2.006s] Level 1:colcon.colcon_core.environment:checking '/home/zeeshan/rida_ws/install/cpp_pkg' for CMake config files
[2.007s] Level 1:colcon.colcon_core.shell:create_environment_hook('cpp_pkg', 'cmake_prefix_path')
[2.008s] INFO:colcon.colcon_core.shell:Creating environment hook '/home/zeeshan/rida_ws/install/cpp_pkg/share/cpp_pkg/hook/cmake_prefix_path.ps1'
[2.008s] INFO:colcon.colcon_core.shell:Creating environment descriptor '/home/zeeshan/rida_ws/install/cpp_pkg/share/cpp_pkg/hook/cmake_prefix_path.dsv'
[2.009s] INFO:colcon.colcon_core.shell:Creating environment hook '/home/zeeshan/rida_ws/install/cpp_pkg/share/cpp_pkg/hook/cmake_prefix_path.sh'
[2.010s] Level 1:colcon.colcon_core.environment:checking '/home/zeeshan/rida_ws/install/cpp_pkg/lib'
[2.011s] Level 1:colcon.colcon_core.environment:checking '/home/zeeshan/rida_ws/install/cpp_pkg/bin'
[2.011s] Level 1:colcon.colcon_core.environment:checking '/home/zeeshan/rida_ws/install/cpp_pkg/lib/pkgconfig/cpp_pkg.pc'
[2.011s] Level 1:colcon.colcon_core.environment:checking '/home/zeeshan/rida_ws/install/cpp_pkg/lib/python3.10/site-packages'
[2.012s] Level 1:colcon.colcon_core.environment:checking '/home/zeeshan/rida_ws/install/cpp_pkg/bin'
[2.012s] INFO:colcon.colcon_core.shell:Creating package script '/home/zeeshan/rida_ws/install/cpp_pkg/share/cpp_pkg/package.ps1'
[2.015s] INFO:colcon.colcon_core.shell:Creating package descriptor '/home/zeeshan/rida_ws/install/cpp_pkg/share/cpp_pkg/package.dsv'
[2.020s] INFO:colcon.colcon_core.shell:Creating package script '/home/zeeshan/rida_ws/install/cpp_pkg/share/cpp_pkg/package.sh'
[2.023s] INFO:colcon.colcon_core.shell:Creating package script '/home/zeeshan/rida_ws/install/cpp_pkg/share/cpp_pkg/package.bash'
[2.026s] INFO:colcon.colcon_core.shell:Creating package script '/home/zeeshan/rida_ws/install/cpp_pkg/share/cpp_pkg/package.zsh'
[2.028s] Level 1:colcon.colcon_core.environment:create_file_with_runtime_dependencies(/home/zeeshan/rida_ws/install/cpp_pkg/share/colcon-core/packages/cpp_pkg)
[2.057s] DEBUG:colcon.colcon_core.event_handler.log_command:Invoked command in '/home/zeeshan/rida_ws/build/simple_planner' returned '0': CMAKE_PREFIX_PATH=${CMAKE_PREFIX_PATH}:/opt/ros/humble /usr/bin/cmake --build /home/zeeshan/rida_ws/build/simple_planner -- -j4 -l4
[2.082s] Level 1:colcon.colcon_core.environment:create_environment_scripts_only(cpp_pkg)
[2.083s] Level 1:colcon.colcon_core.environment:checking '/home/zeeshan/rida_ws/install/cpp_pkg' for CMake module files
[2.084s] Level 1:colcon.colcon_core.environment:checking '/home/zeeshan/rida_ws/install/cpp_pkg' for CMake config files
[2.084s] Level 1:colcon.colcon_core.shell:create_environment_hook('cpp_pkg', 'cmake_prefix_path')
[2.088s] INFO:colcon.colcon_core.shell:Creating environment hook '/home/zeeshan/rida_ws/install/cpp_pkg/share/cpp_pkg/hook/cmake_prefix_path.ps1'
[2.090s] INFO:colcon.colcon_core.shell:Creating environment descriptor '/home/zeeshan/rida_ws/install/cpp_pkg/share/cpp_pkg/hook/cmake_prefix_path.dsv'
[2.090s] INFO:colcon.colcon_core.shell:Creating environment hook '/home/zeeshan/rida_ws/install/cpp_pkg/share/cpp_pkg/hook/cmake_prefix_path.sh'
[2.092s] Level 1:colcon.colcon_core.environment:checking '/home/zeeshan/rida_ws/install/cpp_pkg/lib'
[2.092s] Level 1:colcon.colcon_core.environment:checking '/home/zeeshan/rida_ws/install/cpp_pkg/bin'
[2.092s] Level 1:colcon.colcon_core.environment:checking '/home/zeeshan/rida_ws/install/cpp_pkg/lib/pkgconfig/cpp_pkg.pc'
[2.092s] Level 1:colcon.colcon_core.environment:checking '/home/zeeshan/rida_ws/install/cpp_pkg/lib/python3.10/site-packages'
[2.093s] Level 1:colcon.colcon_core.environment:checking '/home/zeeshan/rida_ws/install/cpp_pkg/bin'
[2.094s] INFO:colcon.colcon_core.shell:Creating package script '/home/zeeshan/rida_ws/install/cpp_pkg/share/cpp_pkg/package.ps1'
[2.095s] INFO:colcon.colcon_core.shell:Creating package descriptor '/home/zeeshan/rida_ws/install/cpp_pkg/share/cpp_pkg/package.dsv'
[2.097s] INFO:colcon.colcon_core.shell:Creating package script '/home/zeeshan/rida_ws/install/cpp_pkg/share/cpp_pkg/package.sh'
[2.098s] INFO:colcon.colcon_core.shell:Creating package script '/home/zeeshan/rida_ws/install/cpp_pkg/share/cpp_pkg/package.bash'
[2.102s] INFO:colcon.colcon_core.shell:Creating package script '/home/zeeshan/rida_ws/install/cpp_pkg/share/cpp_pkg/package.zsh'
[2.103s] Level 1:colcon.colcon_core.environment:create_file_with_runtime_dependencies(/home/zeeshan/rida_ws/install/cpp_pkg/share/colcon-core/packages/cpp_pkg)
[2.115s] DEBUG:colcon.colcon_core.event_handler.log_command:Invoking command in '/home/zeeshan/rida_ws/build/simple_planner': CMAKE_PREFIX_PATH=${CMAKE_PREFIX_PATH}:/opt/ros/humble /usr/bin/cmake --install /home/zeeshan/rida_ws/build/simple_planner
[2.145s] Level 1:colcon.colcon_core.environment:create_environment_scripts_only(simple_planner)
[2.146s] Level 1:colcon.colcon_core.environment:checking '/home/zeeshan/rida_ws/install/simple_planner' for CMake module files
[2.147s] DEBUG:colcon.colcon_core.event_handler.log_command:Invoked command in '/home/zeeshan/rida_ws/build/simple_planner' returned '0': CMAKE_PREFIX_PATH=${CMAKE_PREFIX_PATH}:/opt/ros/humble /usr/bin/cmake --install /home/zeeshan/rida_ws/build/simple_planner
[2.148s] Level 1:colcon.colcon_core.environment:checking '/home/zeeshan/rida_ws/install/simple_planner' for CMake config files
[2.149s] Level 1:colcon.colcon_core.shell:create_environment_hook('simple_planner', 'cmake_prefix_path')
[2.150s] INFO:colcon.colcon_core.shell:Creating environment hook '/home/zeeshan/rida_ws/install/simple_planner/share/simple_planner/hook/cmake_prefix_path.ps1'
[2.151s] INFO:colcon.colcon_core.shell:Creating environment descriptor '/home/zeeshan/rida_ws/install/simple_planner/share/simple_planner/hook/cmake_prefix_path.dsv'
[2.151s] INFO:colcon.colcon_core.shell:Creating environment hook '/home/zeeshan/rida_ws/install/simple_planner/share/simple_planner/hook/cmake_prefix_path.sh'
[2.153s] Level 1:colcon.colcon_core.environment:checking '/home/zeeshan/rida_ws/install/simple_planner/lib'
[2.153s] Level 1:colcon.colcon_core.environment:checking '/home/zeeshan/rida_ws/install/simple_planner/bin'
[2.153s] Level 1:colcon.colcon_core.environment:checking '/home/zeeshan/rida_ws/install/simple_planner/lib/pkgconfig/simple_planner.pc'
[2.153s] Level 1:colcon.colcon_core.environment:checking '/home/zeeshan/rida_ws/install/simple_planner/lib/python3.10/site-packages'
[2.154s] Level 1:colcon.colcon_core.environment:checking '/home/zeeshan/rida_ws/install/simple_planner/bin'
[2.154s] INFO:colcon.colcon_core.shell:Creating package script '/home/zeeshan/rida_ws/install/simple_planner/share/simple_planner/package.ps1'
[2.155s] INFO:colcon.colcon_core.shell:Creating package descriptor '/home/zeeshan/rida_ws/install/simple_planner/share/simple_planner/package.dsv'
[2.156s] INFO:colcon.colcon_core.shell:Creating package script '/home/zeeshan/rida_ws/install/simple_planner/share/simple_planner/package.sh'
[2.157s] INFO:colcon.colcon_core.shell:Creating package script '/home/zeeshan/rida_ws/install/simple_planner/share/simple_planner/package.bash'
[2.157s] INFO:colcon.colcon_core.shell:Creating package script '/home/zeeshan/rida_ws/install/simple_planner/share/simple_planner/package.zsh'
[2.158s] Level 1:colcon.colcon_core.environment:create_file_with_runtime_dependencies(/home/zeeshan/rida_ws/install/simple_planner/share/colcon-core/packages/simple_planner)
[2.209s] Level 1:colcon.colcon_core.environment:create_environment_scripts_only(simple_planner)
[2.210s] Level 1:colcon.colcon_core.environment:checking '/home/zeeshan/rida_ws/install/simple_planner' for CMake module files
[2.211s] Level 1:colcon.colcon_core.environment:checking '/home/zeeshan/rida_ws/install/simple_planner' for CMake config files
[2.211s] Level 1:colcon.colcon_core.shell:create_environment_hook('simple_planner', 'cmake_prefix_path')
[2.212s] INFO:colcon.colcon_core.shell:Creating environment hook '/home/zeeshan/rida_ws/install/simple_planner/share/simple_planner/hook/cmake_prefix_path.ps1'
[2.213s] INFO:colcon.colcon_core.shell:Creating environment descriptor '/home/zeeshan/rida_ws/install/simple_planner/share/simple_planner/hook/cmake_prefix_path.dsv'
[2.213s] INFO:colcon.colcon_core.shell:Creating environment hook '/home/zeeshan/rida_ws/install/simple_planner/share/simple_planner/hook/cmake_prefix_path.sh'
[2.214s] Level 1:colcon.colcon_core.environment:checking '/home/zeeshan/rida_ws/install/simple_planner/lib'
[2.215s] Level 1:colcon.colcon_core.environment:checking '/home/zeeshan/rida_ws/install/simple_planner/bin'
[2.215s] Level 1:colcon.colcon_core.environment:checking '/home/zeeshan/rida_ws/install/simple_planner/lib/pkgconfig/simple_planner.pc'
[2.215s] Level 1:colcon.colcon_core.environment:checking '/home/zeeshan/rida_ws/install/simple_planner/lib/python3.10/site-packages'
[2.216s] Level 1:colcon.colcon_core.environment:checking '/home/zeeshan/rida_ws/install/simple_planner/bin'
[2.216s] INFO:colcon.colcon_core.shell:Creating package script '/home/zeeshan/rida_ws/install/simple_planner/share/simple_planner/package.ps1'
[2.217s] INFO:colcon.colcon_core.shell:Creating package descriptor '/home/zeeshan/rida_ws/install/simple_planner/share/simple_planner/package.dsv'
[2.219s] INFO:colcon.colcon_core.shell:Creating package script '/home/zeeshan/rida_ws/install/simple_planner/share/simple_planner/package.sh'
[2.220s] INFO:colcon.colcon_core.shell:Creating package script '/home/zeeshan/rida_ws/install/simple_planner/share/simple_planner/package.bash'
[2.221s] INFO:colcon.colcon_core.shell:Creating package script '/home/zeeshan/rida_ws/install/simple_planner/share/simple_planner/package.zsh'
[2.221s] Level 1:colcon.colcon_core.environment:create_file_with_runtime_dependencies(/home/zeeshan/rida_ws/install/simple_planner/share/colcon-core/packages/simple_planner)
[2.936s] DEBUG:colcon.colcon_core.event_handler.log_command:Invoking command in '/home/zeeshan/rida_ws/src/new_pkg': PYTHONPATH=/home/zeeshan/rida_ws/build/new_pkg/prefix_override:/usr/lib/python3/dist-packages/colcon_core/task/python/colcon_distutils_commands:/home/zeeshan/rida_ws/install/new_pkg/lib/python3.10/site-packages:${PYTHONPATH} /usr/bin/python3 -W ignore:setup.py install is deprecated setup.py egg_info --egg-base ../../build/new_pkg build --build-base /home/zeeshan/rida_ws/build/new_pkg/build install --record /home/zeeshan/rida_ws/build/new_pkg/install.log --single-version-externally-managed install_data
[3.624s] Level 1:colcon.colcon_core.environment:checking '/home/zeeshan/rida_ws/install/new_pkg' for CMake module files
[3.625s] DEBUG:colcon.colcon_core.event_handler.log_command:Invoked command in '/home/zeeshan/rida_ws/src/new_pkg' returned '0': PYTHONPATH=/home/zeeshan/rida_ws/build/new_pkg/prefix_override:/usr/lib/python3/dist-packages/colcon_core/task/python/colcon_distutils_commands:/home/zeeshan/rida_ws/install/new_pkg/lib/python3.10/site-packages:${PYTHONPATH} /usr/bin/python3 -W ignore:setup.py install is deprecated setup.py egg_info --egg-base ../../build/new_pkg build --build-base /home/zeeshan/rida_ws/build/new_pkg/build install --record /home/zeeshan/rida_ws/build/new_pkg/install.log --single-version-externally-managed install_data
[3.626s] Level 1:colcon.colcon_core.environment:checking '/home/zeeshan/rida_ws/install/new_pkg' for CMake config files
[3.627s] Level 1:colcon.colcon_core.environment:checking '/home/zeeshan/rida_ws/install/new_pkg/lib'
[3.627s] Level 1:colcon.colcon_core.environment:checking '/home/zeeshan/rida_ws/install/new_pkg/bin'
[3.627s] Level 1:colcon.colcon_core.environment:checking '/home/zeeshan/rida_ws/install/new_pkg/lib/pkgconfig/new_pkg.pc'
[3.628s] Level 1:colcon.colcon_core.environment:checking '/home/zeeshan/rida_ws/install/new_pkg/lib/python3.10/site-packages'
[3.628s] Level 1:colcon.colcon_core.shell:create_environment_hook('new_pkg', 'pythonpath')
[3.628s] INFO:colcon.colcon_core.shell:Creating environment hook '/home/zeeshan/rida_ws/install/new_pkg/share/new_pkg/hook/pythonpath.ps1'
[3.629s] INFO:colcon.colcon_core.shell:Creating environment descriptor '/home/zeeshan/rida_ws/install/new_pkg/share/new_pkg/hook/pythonpath.dsv'
[3.629s] INFO:colcon.colcon_core.shell:Creating environment hook '/home/zeeshan/rida_ws/install/new_pkg/share/new_pkg/hook/pythonpath.sh'
[3.630s] Level 1:colcon.colcon_core.environment:checking '/home/zeeshan/rida_ws/install/new_pkg/bin'
[3.630s] Level 1:colcon.colcon_core.environment:create_environment_scripts_only(new_pkg)
[3.631s] INFO:colcon.colcon_core.shell:Creating package script '/home/zeeshan/rida_ws/install/new_pkg/share/new_pkg/package.ps1'
[3.633s] INFO:colcon.colcon_core.shell:Creating package descriptor '/home/zeeshan/rida_ws/install/new_pkg/share/new_pkg/package.dsv'
[3.635s] INFO:colcon.colcon_core.shell:Creating package script '/home/zeeshan/rida_ws/install/new_pkg/share/new_pkg/package.sh'
[3.637s] INFO:colcon.colcon_core.shell:Creating package script '/home/zeeshan/rida_ws/install/new_pkg/share/new_pkg/package.bash'
[3.638s] INFO:colcon.colcon_core.shell:Creating package script '/home/zeeshan/rida_ws/install/new_pkg/share/new_pkg/package.zsh'
[3.639s] Level 1:colcon.colcon_core.environment:create_file_with_runtime_dependencies(/home/zeeshan/rida_ws/install/new_pkg/share/colcon-core/packages/new_pkg)
[3.640s] DEBUG:colcon.colcon_parallel_executor.executor.parallel:closing loop
[3.641s] DEBUG:colcon.colcon_parallel_executor.executor.parallel:loop closed
[3.642s] DEBUG:colcon.colcon_parallel_executor.executor.parallel:run_until_complete finished with '0'
[3.642s] DEBUG:colcon.colcon_core.event_reactor:joining thread
[3.664s] INFO:colcon.colcon_core.plugin_system:Skipping extension 'colcon_notification.desktop_notification.terminal_notifier': Not used on non-Darwin systems
[3.665s] INFO:colcon.colcon_core.plugin_system:Skipping extension 'colcon_notification.desktop_notification.win32': Not used on non-Windows systems
[3.665s] INFO:colcon.colcon_notification.desktop_notification:Sending desktop notification using 'notify2'
[3.708s] DEBUG:colcon.colcon_core.event_reactor:joined thread
[3.709s] INFO:colcon.colcon_core.shell:Creating prefix script '/home/zeeshan/rida_ws/install/local_setup.ps1'
[3.711s] INFO:colcon.colcon_core.shell:Creating prefix util module '/home/zeeshan/rida_ws/install/_local_setup_util_ps1.py'
[3.716s] INFO:colcon.colcon_core.shell:Creating prefix chain script '/home/zeeshan/rida_ws/install/setup.ps1'
[3.719s] INFO:colcon.colcon_core.shell:Creating prefix script '/home/zeeshan/rida_ws/install/local_setup.sh'
[3.721s] INFO:colcon.colcon_core.shell:Creating prefix util module '/home/zeeshan/rida_ws/install/_local_setup_util_sh.py'
[3.722s] INFO:colcon.colcon_core.shell:Creating prefix chain script '/home/zeeshan/rida_ws/install/setup.sh'
[3.725s] INFO:colcon.colcon_core.shell:Creating prefix script '/home/zeeshan/rida_ws/install/local_setup.bash'
[3.727s] INFO:colcon.colcon_core.shell:Creating prefix chain script '/home/zeeshan/rida_ws/install/setup.bash'
[3.730s] INFO:colcon.colcon_core.shell:Creating prefix script '/home/zeeshan/rida_ws/install/local_setup.zsh'
[3.732s] INFO:colcon.colcon_core.shell:Creating prefix chain script '/home/zeeshan/rida_ws/install/setup.zsh'
