running egg_info
creating ../../build/new_pkg/new_pkg.egg-info
writing ../../build/new_pkg/new_pkg.egg-info/PKG-INFO
writing dependency_links to ../../build/new_pkg/new_pkg.egg-info/dependency_links.txt
writing entry points to ../../build/new_pkg/new_pkg.egg-info/entry_points.txt
writing requirements to ../../build/new_pkg/new_pkg.egg-info/requires.txt
writing top-level names to ../../build/new_pkg/new_pkg.egg-info/top_level.txt
writing manifest file '../../build/new_pkg/new_pkg.egg-info/SOURCES.txt'
reading manifest file '../../build/new_pkg/new_pkg.egg-info/SOURCES.txt'
writing manifest file '../../build/new_pkg/new_pkg.egg-info/SOURCES.txt'
running build
running build_py
creating /home/zeeshan/rida_ws/build/new_pkg/build
creating /home/zeeshan/rida_ws/build/new_pkg/build/lib
creating /home/zeeshan/rida_ws/build/new_pkg/build/lib/new_pkg
copying new_pkg/__init__.py -> /home/zeeshan/rida_ws/build/new_pkg/build/lib/new_pkg
copying new_pkg/first_node.py -> /home/zeeshan/rida_ws/build/new_pkg/build/lib/new_pkg
running install
running install_lib
creating /home/zeeshan/rida_ws/install/new_pkg/lib/python3.10/site-packages/new_pkg
copying /home/zeeshan/rida_ws/build/new_pkg/build/lib/new_pkg/__init__.py -> /home/zeeshan/rida_ws/install/new_pkg/lib/python3.10/site-packages/new_pkg
copying /home/zeeshan/rida_ws/build/new_pkg/build/lib/new_pkg/first_node.py -> /home/zeeshan/rida_ws/install/new_pkg/lib/python3.10/site-packages/new_pkg
byte-compiling /home/zeeshan/rida_ws/install/new_pkg/lib/python3.10/site-packages/new_pkg/__init__.py to __init__.cpython-310.pyc
byte-compiling /home/zeeshan/rida_ws/install/new_pkg/lib/python3.10/site-packages/new_pkg/first_node.py to first_node.cpython-310.pyc
running install_data
creating /home/zeeshan/rida_ws/install/new_pkg/share/ament_index
creating /home/zeeshan/rida_ws/install/new_pkg/share/ament_index/resource_index
creating /home/zeeshan/rida_ws/install/new_pkg/share/ament_index/resource_index/packages
copying resource/new_pkg -> /home/zeeshan/rida_ws/install/new_pkg/share/ament_index/resource_index/packages
copying package.xml -> /home/zeeshan/rida_ws/install/new_pkg/share/new_pkg
running install_egg_info
Copying ../../build/new_pkg/new_pkg.egg-info to /home/zeeshan/rida_ws/install/new_pkg/lib/python3.10/site-packages/new_pkg-0.0.0-py3.10.egg-info
running install_scripts
writing list of installed files to '/home/zeeshan/rida_ws/build/new_pkg/install.log'
