[1.784s] Invoking command in '/home/zeeshan/rida_ws/src/new_pkg': PYTHONPATH=/home/zeeshan/rida_ws/build/new_pkg/prefix_override:/usr/lib/python3/dist-packages/colcon_core/task/python/colcon_distutils_commands:/home/zeeshan/rida_ws/install/new_pkg/lib/python3.10/site-packages:${PYTHONPATH} /usr/bin/python3 -W ignore:setup.py install is deprecated setup.py egg_info --egg-base ../../build/new_pkg build --build-base /home/zeeshan/rida_ws/build/new_pkg/build install --record /home/zeeshan/rida_ws/build/new_pkg/install.log --single-version-externally-managed install_data
[2.342s] running egg_info
[2.343s] writing ../../build/new_pkg/new_pkg.egg-info/PKG-INFO
[2.344s] writing dependency_links to ../../build/new_pkg/new_pkg.egg-info/dependency_links.txt
[2.344s] writing entry points to ../../build/new_pkg/new_pkg.egg-info/entry_points.txt
[2.344s] writing requirements to ../../build/new_pkg/new_pkg.egg-info/requires.txt
[2.344s] writing top-level names to ../../build/new_pkg/new_pkg.egg-info/top_level.txt
[2.350s] reading manifest file '../../build/new_pkg/new_pkg.egg-info/SOURCES.txt'
[2.351s] writing manifest file '../../build/new_pkg/new_pkg.egg-info/SOURCES.txt'
[2.352s] running build
[2.352s] running build_py
[2.352s] running install
[2.353s] running install_lib
[2.358s] running install_data
[2.358s] running install_egg_info
[2.361s] removing '/home/zeeshan/rida_ws/install/new_pkg/lib/python3.10/site-packages/new_pkg-0.0.0-py3.10.egg-info' (and everything under it)
[2.362s] Copying ../../build/new_pkg/new_pkg.egg-info to /home/zeeshan/rida_ws/install/new_pkg/lib/python3.10/site-packages/new_pkg-0.0.0-py3.10.egg-info
[2.364s] running install_scripts
[2.403s] writing list of installed files to '/home/zeeshan/rida_ws/build/new_pkg/install.log'
[2.472s] Invoked command in '/home/zeeshan/rida_ws/src/new_pkg' returned '0': PYTHONPATH=/home/zeeshan/rida_ws/build/new_pkg/prefix_override:/usr/lib/python3/dist-packages/colcon_core/task/python/colcon_distutils_commands:/home/zeeshan/rida_ws/install/new_pkg/lib/python3.10/site-packages:${PYTHONPATH} /usr/bin/python3 -W ignore:setup.py install is deprecated setup.py egg_info --egg-base ../../build/new_pkg build --build-base /home/zeeshan/rida_ws/build/new_pkg/build install --record /home/zeeshan/rida_ws/build/new_pkg/install.log --single-version-externally-managed install_data
