[0.024s] Invoking command in '/home/zeeshan/rida_ws/build/cpp_pkg': CMAKE_PREFIX_PATH=${CMAKE_PREFIX_PATH}:/opt/ros/humble /usr/bin/cmake --build /home/zeeshan/rida_ws/build/cpp_pkg -- -j4 -l4
[0.081s] -- Found ament_cmake: 1.3.9 (/opt/ros/humble/share/ament_cmake/cmake)
[0.368s] -- Found rclcpp: 16.0.9 (/opt/ros/humble/share/rclcpp/cmake)
[0.460s] -- Found rosidl_generator_c: 3.1.5 (/opt/ros/humble/share/rosidl_generator_c/cmake)
[0.468s] -- Found rosidl_adapter: 3.1.5 (/opt/ros/humble/share/rosidl_adapter/cmake)
[0.487s] -- Found rosidl_generator_cpp: 3.1.5 (/opt/ros/humble/share/rosidl_generator_cpp/cmake)
[0.519s] -- Using all available rosidl_typesupport_c: rosidl_typesupport_fastrtps_c;rosidl_typesupport_introspection_c
[0.563s] -- Using all available rosidl_typesupport_cpp: rosidl_typesupport_fastrtps_cpp;rosidl_typesupport_introspection_cpp
[0.733s] -- Found rmw_implementation_cmake: 6.1.2 (/opt/ros/humble/share/rmw_implementation_cmake/cmake)
[0.738s] -- Found rmw_fastrtps_cpp: 6.2.6 (/opt/ros/humble/share/rmw_fastrtps_cpp/cmake)
[0.993s] -- Using RMW implementation 'rmw_fastrtps_cpp' as default
[1.419s] -- Found ament_lint_auto: 0.12.11 (/opt/ros/humble/share/ament_lint_auto/cmake)
[1.576s] -- Added test 'cppcheck' to perform static code analysis on C / C++ code
[1.576s] -- Configured cppcheck include dirs: 
[1.577s] -- Configured cppcheck exclude dirs and/or files: 
[1.578s] -- Added test 'lint_cmake' to check CMake code style
[1.580s] -- Added test 'uncrustify' to check C / C++ code style
[1.581s] -- Configured uncrustify additional arguments: 
[1.581s] -- Added test 'xmllint' to check XML markup files
[1.584s] -- Configuring done
[1.606s] -- Generating done
[1.609s] -- Build files have been written to: /home/zeeshan/rida_ws/build/cpp_pkg
[1.660s] [35m[1mConsolidate compiler generated dependencies of target cpp_node[0m
[1.699s] [ 50%] [32mBuilding CXX object CMakeFiles/cpp_node.dir/src/cpp_node.cpp.o[0m
[8.536s] [100%] [32m[1mLinking CXX executable cpp_node[0m
[8.945s] [100%] Built target cpp_node
[8.967s] Invoked command in '/home/zeeshan/rida_ws/build/cpp_pkg' returned '0': CMAKE_PREFIX_PATH=${CMAKE_PREFIX_PATH}:/opt/ros/humble /usr/bin/cmake --build /home/zeeshan/rida_ws/build/cpp_pkg -- -j4 -l4
[9.028s] Invoking command in '/home/zeeshan/rida_ws/build/cpp_pkg': CMAKE_PREFIX_PATH=${CMAKE_PREFIX_PATH}:/opt/ros/humble /usr/bin/cmake --install /home/zeeshan/rida_ws/build/cpp_pkg
[9.044s] -- Install configuration: ""
[9.045s] -- Installing: /home/zeeshan/rida_ws/install/cpp_pkg/lib/cpp_pkg/cpp_node
[9.047s] -- Set runtime path of "/home/zeeshan/rida_ws/install/cpp_pkg/lib/cpp_pkg/cpp_node" to ""
[9.047s] -- Up-to-date: /home/zeeshan/rida_ws/install/cpp_pkg/share/ament_index/resource_index/package_run_dependencies/cpp_pkg
[9.047s] -- Installing: /home/zeeshan/rida_ws/install/cpp_pkg/share/ament_index/resource_index/parent_prefix_path/cpp_pkg
[9.047s] -- Up-to-date: /home/zeeshan/rida_ws/install/cpp_pkg/share/cpp_pkg/environment/ament_prefix_path.sh
[9.048s] -- Installing: /home/zeeshan/rida_ws/install/cpp_pkg/share/cpp_pkg/environment/ament_prefix_path.dsv
[9.048s] -- Up-to-date: /home/zeeshan/rida_ws/install/cpp_pkg/share/cpp_pkg/environment/path.sh
[9.048s] -- Installing: /home/zeeshan/rida_ws/install/cpp_pkg/share/cpp_pkg/environment/path.dsv
[9.048s] -- Up-to-date: /home/zeeshan/rida_ws/install/cpp_pkg/share/cpp_pkg/local_setup.bash
[9.048s] -- Up-to-date: /home/zeeshan/rida_ws/install/cpp_pkg/share/cpp_pkg/local_setup.sh
[9.049s] -- Up-to-date: /home/zeeshan/rida_ws/install/cpp_pkg/share/cpp_pkg/local_setup.zsh
[9.049s] -- Installing: /home/zeeshan/rida_ws/install/cpp_pkg/share/cpp_pkg/local_setup.dsv
[9.049s] -- Installing: /home/zeeshan/rida_ws/install/cpp_pkg/share/cpp_pkg/package.dsv
[9.049s] -- Up-to-date: /home/zeeshan/rida_ws/install/cpp_pkg/share/ament_index/resource_index/packages/cpp_pkg
[9.050s] -- Up-to-date: /home/zeeshan/rida_ws/install/cpp_pkg/share/cpp_pkg/cmake/cpp_pkgConfig.cmake
[9.050s] -- Up-to-date: /home/zeeshan/rida_ws/install/cpp_pkg/share/cpp_pkg/cmake/cpp_pkgConfig-version.cmake
[9.050s] -- Up-to-date: /home/zeeshan/rida_ws/install/cpp_pkg/share/cpp_pkg/package.xml
[9.054s] Invoked command in '/home/zeeshan/rida_ws/build/cpp_pkg' returned '0': CMAKE_PREFIX_PATH=${CMAKE_PREFIX_PATH}:/opt/ros/humble /usr/bin/cmake --install /home/zeeshan/rida_ws/build/cpp_pkg
