[0.236s] DEBUG:colcon:Command line arguments: ['/usr/bin/colcon', 'build']
[0.237s] DEBUG:colcon:Parsed command line arguments: Namespace(log_base=None, log_level=None, verb_name='build', build_base='build', install_base='install', merge_install=False, symlink_install=False, test_result_base=None, continue_on_error=False, executor='parallel', parallel_workers=4, event_handlers=None, ignore_user_meta=False, metas=['./colcon.meta'], base_paths=['.'], packages_ignore=None, packages_ignore_regex=None, paths=None, packages_up_to=None, packages_up_to_regex=None, packages_above=None, packages_above_and_dependencies=None, packages_above_depth=None, packages_select_by_dep=None, packages_skip_by_dep=None, packages_skip_up_to=None, packages_select_build_failed=False, packages_skip_build_finished=False, packages_select_test_failures=False, packages_skip_test_passed=False, packages_select=None, packages_skip=None, packages_select_regex=None, packages_skip_regex=None, packages_start=None, packages_end=None, allow_overriding=[], cmake_args=None, cmake_target=None, cmake_target_skip_unavailable=False, cmake_clean_cache=False, cmake_clean_first=False, cmake_force_configure=False, ament_cmake_args=None, catkin_cmake_args=None, catkin_skip_building_tests=False, mixin_files=None, mixin=None, verb_parser=<colcon_mixin.mixin.mixin_argument.MixinArgumentDecorator object at 0x7b1ba525efb0>, verb_extension=<colcon_core.verb.build.BuildVerb object at 0x7b1ba5394130>, main=<bound method BuildVerb.main of <colcon_core.verb.build.BuildVerb object at 0x7b1ba5394130>>, mixin_verb=('build',))
[0.613s] Level 1:colcon.colcon_core.package_discovery:discover_packages(colcon_meta) check parameters
[0.613s] Level 1:colcon.colcon_core.package_discovery:discover_packages(recursive) check parameters
[0.613s] Level 1:colcon.colcon_core.package_discovery:discover_packages(ignore) check parameters
[0.613s] Level 1:colcon.colcon_core.package_discovery:discover_packages(path) check parameters
[0.613s] Level 1:colcon.colcon_core.package_discovery:discover_packages(colcon_meta) discover
[0.614s] Level 1:colcon.colcon_core.package_discovery:discover_packages(recursive) discover
[0.614s] INFO:colcon.colcon_core.package_discovery:Crawling recursively for packages in '/home/zeeshan/rida_ws'
[0.614s] Level 1:colcon.colcon_core.package_identification:_identify(.) by extensions ['ignore', 'ignore_ament_install']
[0.614s] Level 1:colcon.colcon_core.package_identification:_identify(.) by extension 'ignore'
[0.614s] Level 1:colcon.colcon_core.package_identification:_identify(.) by extension 'ignore_ament_install'
[0.614s] Level 1:colcon.colcon_core.package_identification:_identify(.) by extensions ['colcon_pkg']
[0.614s] Level 1:colcon.colcon_core.package_identification:_identify(.) by extension 'colcon_pkg'
[0.614s] Level 1:colcon.colcon_core.package_identification:_identify(.) by extensions ['colcon_meta']
[0.614s] Level 1:colcon.colcon_core.package_identification:_identify(.) by extension 'colcon_meta'
[0.615s] Level 1:colcon.colcon_core.package_identification:_identify(.) by extensions ['ros']
[0.615s] Level 1:colcon.colcon_core.package_identification:_identify(.) by extension 'ros'
[0.638s] Level 1:colcon.colcon_core.package_identification:_identify(.) by extensions ['cmake', 'python']
[0.638s] Level 1:colcon.colcon_core.package_identification:_identify(.) by extension 'cmake'
[0.639s] Level 1:colcon.colcon_core.package_identification:_identify(.) by extension 'python'
[0.639s] Level 1:colcon.colcon_core.package_identification:_identify(.) by extensions ['python_setup_py']
[0.639s] Level 1:colcon.colcon_core.package_identification:_identify(.) by extension 'python_setup_py'
[0.639s] Level 1:colcon.colcon_core.package_identification:_identify(build) by extensions ['ignore', 'ignore_ament_install']
[0.639s] Level 1:colcon.colcon_core.package_identification:_identify(build) by extension 'ignore'
[0.639s] Level 1:colcon.colcon_core.package_identification:_identify(build) ignored
[0.639s] Level 1:colcon.colcon_core.package_identification:_identify(install) by extensions ['ignore', 'ignore_ament_install']
[0.640s] Level 1:colcon.colcon_core.package_identification:_identify(install) by extension 'ignore'
[0.640s] Level 1:colcon.colcon_core.package_identification:_identify(install) ignored
[0.640s] Level 1:colcon.colcon_core.package_identification:_identify(log) by extensions ['ignore', 'ignore_ament_install']
[0.640s] Level 1:colcon.colcon_core.package_identification:_identify(log) by extension 'ignore'
[0.640s] Level 1:colcon.colcon_core.package_identification:_identify(log) ignored
[0.640s] Level 1:colcon.colcon_core.package_identification:_identify(maps) by extensions ['ignore', 'ignore_ament_install']
[0.641s] Level 1:colcon.colcon_core.package_identification:_identify(maps) by extension 'ignore'
[0.641s] Level 1:colcon.colcon_core.package_identification:_identify(maps) by extension 'ignore_ament_install'
[0.641s] Level 1:colcon.colcon_core.package_identification:_identify(maps) by extensions ['colcon_pkg']
[0.641s] Level 1:colcon.colcon_core.package_identification:_identify(maps) by extension 'colcon_pkg'
[0.641s] Level 1:colcon.colcon_core.package_identification:_identify(maps) by extensions ['colcon_meta']
[0.641s] Level 1:colcon.colcon_core.package_identification:_identify(maps) by extension 'colcon_meta'
[0.641s] Level 1:colcon.colcon_core.package_identification:_identify(maps) by extensions ['ros']
[0.641s] Level 1:colcon.colcon_core.package_identification:_identify(maps) by extension 'ros'
[0.641s] Level 1:colcon.colcon_core.package_identification:_identify(maps) by extensions ['cmake', 'python']
[0.641s] Level 1:colcon.colcon_core.package_identification:_identify(maps) by extension 'cmake'
[0.641s] Level 1:colcon.colcon_core.package_identification:_identify(maps) by extension 'python'
[0.641s] Level 1:colcon.colcon_core.package_identification:_identify(maps) by extensions ['python_setup_py']
[0.642s] Level 1:colcon.colcon_core.package_identification:_identify(maps) by extension 'python_setup_py'
[0.642s] Level 1:colcon.colcon_core.package_identification:_identify(src) by extensions ['ignore', 'ignore_ament_install']
[0.642s] Level 1:colcon.colcon_core.package_identification:_identify(src) by extension 'ignore'
[0.642s] Level 1:colcon.colcon_core.package_identification:_identify(src) by extension 'ignore_ament_install'
[0.642s] Level 1:colcon.colcon_core.package_identification:_identify(src) by extensions ['colcon_pkg']
[0.642s] Level 1:colcon.colcon_core.package_identification:_identify(src) by extension 'colcon_pkg'
[0.642s] Level 1:colcon.colcon_core.package_identification:_identify(src) by extensions ['colcon_meta']
[0.642s] Level 1:colcon.colcon_core.package_identification:_identify(src) by extension 'colcon_meta'
[0.642s] Level 1:colcon.colcon_core.package_identification:_identify(src) by extensions ['ros']
[0.642s] Level 1:colcon.colcon_core.package_identification:_identify(src) by extension 'ros'
[0.643s] Level 1:colcon.colcon_core.package_identification:_identify(src) by extensions ['cmake', 'python']
[0.643s] Level 1:colcon.colcon_core.package_identification:_identify(src) by extension 'cmake'
[0.643s] Level 1:colcon.colcon_core.package_identification:_identify(src) by extension 'python'
[0.643s] Level 1:colcon.colcon_core.package_identification:_identify(src) by extensions ['python_setup_py']
[0.643s] Level 1:colcon.colcon_core.package_identification:_identify(src) by extension 'python_setup_py'
[0.643s] Level 1:colcon.colcon_core.package_identification:_identify(src/cpp_pkg) by extensions ['ignore', 'ignore_ament_install']
[0.643s] Level 1:colcon.colcon_core.package_identification:_identify(src/cpp_pkg) by extension 'ignore'
[0.643s] Level 1:colcon.colcon_core.package_identification:_identify(src/cpp_pkg) by extension 'ignore_ament_install'
[0.643s] Level 1:colcon.colcon_core.package_identification:_identify(src/cpp_pkg) by extensions ['colcon_pkg']
[0.643s] Level 1:colcon.colcon_core.package_identification:_identify(src/cpp_pkg) by extension 'colcon_pkg'
[0.644s] Level 1:colcon.colcon_core.package_identification:_identify(src/cpp_pkg) by extensions ['colcon_meta']
[0.644s] Level 1:colcon.colcon_core.package_identification:_identify(src/cpp_pkg) by extension 'colcon_meta'
[0.644s] Level 1:colcon.colcon_core.package_identification:_identify(src/cpp_pkg) by extensions ['ros']
[0.644s] Level 1:colcon.colcon_core.package_identification:_identify(src/cpp_pkg) by extension 'ros'
[0.649s] DEBUG:colcon.colcon_core.package_identification:Package 'src/cpp_pkg' with type 'ros.ament_cmake' and name 'cpp_pkg'
[0.649s] Level 1:colcon.colcon_core.package_identification:_identify(src/new_pkg) by extensions ['ignore', 'ignore_ament_install']
[0.649s] Level 1:colcon.colcon_core.package_identification:_identify(src/new_pkg) by extension 'ignore'
[0.650s] Level 1:colcon.colcon_core.package_identification:_identify(src/new_pkg) by extension 'ignore_ament_install'
[0.650s] Level 1:colcon.colcon_core.package_identification:_identify(src/new_pkg) by extensions ['colcon_pkg']
[0.650s] Level 1:colcon.colcon_core.package_identification:_identify(src/new_pkg) by extension 'colcon_pkg'
[0.650s] Level 1:colcon.colcon_core.package_identification:_identify(src/new_pkg) by extensions ['colcon_meta']
[0.650s] Level 1:colcon.colcon_core.package_identification:_identify(src/new_pkg) by extension 'colcon_meta'
[0.650s] Level 1:colcon.colcon_core.package_identification:_identify(src/new_pkg) by extensions ['ros']
[0.650s] Level 1:colcon.colcon_core.package_identification:_identify(src/new_pkg) by extension 'ros'
[0.652s] DEBUG:colcon.colcon_core.package_identification:Package 'src/new_pkg' with type 'ros.ament_python' and name 'new_pkg'
[0.652s] Level 1:colcon.colcon_core.package_identification:_identify(src/simple_planner) by extensions ['ignore', 'ignore_ament_install']
[0.652s] Level 1:colcon.colcon_core.package_identification:_identify(src/simple_planner) by extension 'ignore'
[0.652s] Level 1:colcon.colcon_core.package_identification:_identify(src/simple_planner) by extension 'ignore_ament_install'
[0.652s] Level 1:colcon.colcon_core.package_identification:_identify(src/simple_planner) by extensions ['colcon_pkg']
[0.652s] Level 1:colcon.colcon_core.package_identification:_identify(src/simple_planner) by extension 'colcon_pkg'
[0.652s] Level 1:colcon.colcon_core.package_identification:_identify(src/simple_planner) by extensions ['colcon_meta']
[0.652s] Level 1:colcon.colcon_core.package_identification:_identify(src/simple_planner) by extension 'colcon_meta'
[0.653s] Level 1:colcon.colcon_core.package_identification:_identify(src/simple_planner) by extensions ['ros']
[0.653s] Level 1:colcon.colcon_core.package_identification:_identify(src/simple_planner) by extension 'ros'
[0.654s] DEBUG:colcon.colcon_core.package_identification:Package 'src/simple_planner' with type 'ros.ament_cmake' and name 'simple_planner'
[0.654s] Level 1:colcon.colcon_core.package_discovery:discover_packages(recursive) using defaults
[0.654s] Level 1:colcon.colcon_core.package_discovery:discover_packages(ignore) discover
[0.654s] Level 1:colcon.colcon_core.package_discovery:discover_packages(ignore) using defaults
[0.655s] Level 1:colcon.colcon_core.package_discovery:discover_packages(path) discover
[0.655s] Level 1:colcon.colcon_core.package_discovery:discover_packages(path) using defaults
[0.697s] Level 1:colcon.colcon_core.package_discovery:discover_packages(prefix_path) check parameters
[0.697s] Level 1:colcon.colcon_core.package_discovery:discover_packages(prefix_path) discover
[0.702s] DEBUG:colcon.colcon_installed_package_information.package_discovery:Found 3 installed packages in /home/zeeshan/rida_ws/install
[0.706s] DEBUG:colcon.colcon_installed_package_information.package_discovery:Found 314 installed packages in /opt/ros/humble
[0.710s] Level 1:colcon.colcon_core.package_discovery:discover_packages(prefix_path) using defaults
[0.833s] Level 5:colcon.colcon_core.verb:set package 'cpp_pkg' build argument 'cmake_args' from command line to 'None'
[0.834s] Level 5:colcon.colcon_core.verb:set package 'cpp_pkg' build argument 'cmake_target' from command line to 'None'
[0.834s] Level 5:colcon.colcon_core.verb:set package 'cpp_pkg' build argument 'cmake_target_skip_unavailable' from command line to 'False'
[0.834s] Level 5:colcon.colcon_core.verb:set package 'cpp_pkg' build argument 'cmake_clean_cache' from command line to 'False'
[0.834s] Level 5:colcon.colcon_core.verb:set package 'cpp_pkg' build argument 'cmake_clean_first' from command line to 'False'
[0.834s] Level 5:colcon.colcon_core.verb:set package 'cpp_pkg' build argument 'cmake_force_configure' from command line to 'False'
[0.834s] Level 5:colcon.colcon_core.verb:set package 'cpp_pkg' build argument 'ament_cmake_args' from command line to 'None'
[0.834s] Level 5:colcon.colcon_core.verb:set package 'cpp_pkg' build argument 'catkin_cmake_args' from command line to 'None'
[0.834s] Level 5:colcon.colcon_core.verb:set package 'cpp_pkg' build argument 'catkin_skip_building_tests' from command line to 'False'
[0.834s] DEBUG:colcon.colcon_core.verb:Building package 'cpp_pkg' with the following arguments: {'ament_cmake_args': None, 'build_base': '/home/zeeshan/rida_ws/build/cpp_pkg', 'catkin_cmake_args': None, 'catkin_skip_building_tests': False, 'cmake_args': None, 'cmake_clean_cache': False, 'cmake_clean_first': False, 'cmake_force_configure': False, 'cmake_target': None, 'cmake_target_skip_unavailable': False, 'install_base': '/home/zeeshan/rida_ws/install/cpp_pkg', 'merge_install': False, 'path': '/home/zeeshan/rida_ws/src/cpp_pkg', 'symlink_install': False, 'test_result_base': None}
[0.835s] Level 5:colcon.colcon_core.verb:set package 'new_pkg' build argument 'cmake_args' from command line to 'None'
[0.835s] Level 5:colcon.colcon_core.verb:set package 'new_pkg' build argument 'cmake_target' from command line to 'None'
[0.835s] Level 5:colcon.colcon_core.verb:set package 'new_pkg' build argument 'cmake_target_skip_unavailable' from command line to 'False'
[0.835s] Level 5:colcon.colcon_core.verb:set package 'new_pkg' build argument 'cmake_clean_cache' from command line to 'False'
[0.835s] Level 5:colcon.colcon_core.verb:set package 'new_pkg' build argument 'cmake_clean_first' from command line to 'False'
[0.835s] Level 5:colcon.colcon_core.verb:set package 'new_pkg' build argument 'cmake_force_configure' from command line to 'False'
[0.835s] Level 5:colcon.colcon_core.verb:set package 'new_pkg' build argument 'ament_cmake_args' from command line to 'None'
[0.835s] Level 5:colcon.colcon_core.verb:set package 'new_pkg' build argument 'catkin_cmake_args' from command line to 'None'
[0.835s] Level 5:colcon.colcon_core.verb:set package 'new_pkg' build argument 'catkin_skip_building_tests' from command line to 'False'
[0.836s] DEBUG:colcon.colcon_core.verb:Building package 'new_pkg' with the following arguments: {'ament_cmake_args': None, 'build_base': '/home/zeeshan/rida_ws/build/new_pkg', 'catkin_cmake_args': None, 'catkin_skip_building_tests': False, 'cmake_args': None, 'cmake_clean_cache': False, 'cmake_clean_first': False, 'cmake_force_configure': False, 'cmake_target': None, 'cmake_target_skip_unavailable': False, 'install_base': '/home/zeeshan/rida_ws/install/new_pkg', 'merge_install': False, 'path': '/home/zeeshan/rida_ws/src/new_pkg', 'symlink_install': False, 'test_result_base': None}
[0.836s] Level 5:colcon.colcon_core.verb:set package 'simple_planner' build argument 'cmake_args' from command line to 'None'
[0.836s] Level 5:colcon.colcon_core.verb:set package 'simple_planner' build argument 'cmake_target' from command line to 'None'
[0.836s] Level 5:colcon.colcon_core.verb:set package 'simple_planner' build argument 'cmake_target_skip_unavailable' from command line to 'False'
[0.836s] Level 5:colcon.colcon_core.verb:set package 'simple_planner' build argument 'cmake_clean_cache' from command line to 'False'
[0.837s] Level 5:colcon.colcon_core.verb:set package 'simple_planner' build argument 'cmake_clean_first' from command line to 'False'
[0.837s] Level 5:colcon.colcon_core.verb:set package 'simple_planner' build argument 'cmake_force_configure' from command line to 'False'
[0.837s] Level 5:colcon.colcon_core.verb:set package 'simple_planner' build argument 'ament_cmake_args' from command line to 'None'
[0.837s] Level 5:colcon.colcon_core.verb:set package 'simple_planner' build argument 'catkin_cmake_args' from command line to 'None'
[0.837s] Level 5:colcon.colcon_core.verb:set package 'simple_planner' build argument 'catkin_skip_building_tests' from command line to 'False'
[0.837s] DEBUG:colcon.colcon_core.verb:Building package 'simple_planner' with the following arguments: {'ament_cmake_args': None, 'build_base': '/home/zeeshan/rida_ws/build/simple_planner', 'catkin_cmake_args': None, 'catkin_skip_building_tests': False, 'cmake_args': None, 'cmake_clean_cache': False, 'cmake_clean_first': False, 'cmake_force_configure': False, 'cmake_target': None, 'cmake_target_skip_unavailable': False, 'install_base': '/home/zeeshan/rida_ws/install/simple_planner', 'merge_install': False, 'path': '/home/zeeshan/rida_ws/src/simple_planner', 'symlink_install': False, 'test_result_base': None}
[0.837s] INFO:colcon.colcon_core.executor:Executing jobs using 'parallel' executor
[0.839s] DEBUG:colcon.colcon_parallel_executor.executor.parallel:run_until_complete
[0.840s] INFO:colcon.colcon_ros.task.ament_cmake.build:Building ROS package in '/home/zeeshan/rida_ws/src/cpp_pkg' with build type 'ament_cmake'
[0.840s] INFO:colcon.colcon_cmake.task.cmake.build:Building CMake package in '/home/zeeshan/rida_ws/src/cpp_pkg'
[0.844s] INFO:colcon.colcon_core.plugin_system:Skipping extension 'colcon_core.shell.bat': Not used on non-Windows systems
[0.844s] INFO:colcon.colcon_core.shell:Skip shell extension 'powershell' for command environment: Not usable outside of PowerShell
[0.844s] DEBUG:colcon.colcon_core.shell:Skip shell extension 'dsv' for command environment
[0.852s] INFO:colcon.colcon_ros.task.ament_python.build:Building ROS package in '/home/zeeshan/rida_ws/src/new_pkg' with build type 'ament_python'
[0.853s] Level 1:colcon.colcon_core.shell:create_environment_hook('new_pkg', 'ament_prefix_path')
[0.853s] INFO:colcon.colcon_core.shell:Creating environment hook '/home/zeeshan/rida_ws/install/new_pkg/share/new_pkg/hook/ament_prefix_path.ps1'
[0.855s] INFO:colcon.colcon_core.shell:Creating environment descriptor '/home/zeeshan/rida_ws/install/new_pkg/share/new_pkg/hook/ament_prefix_path.dsv'
[0.855s] INFO:colcon.colcon_core.shell:Creating environment hook '/home/zeeshan/rida_ws/install/new_pkg/share/new_pkg/hook/ament_prefix_path.sh'
[0.857s] INFO:colcon.colcon_core.shell:Skip shell extension 'powershell' for command environment: Not usable outside of PowerShell
[0.857s] DEBUG:colcon.colcon_core.shell:Skip shell extension 'dsv' for command environment
[0.864s] INFO:colcon.colcon_ros.task.ament_cmake.build:Building ROS package in '/home/zeeshan/rida_ws/src/simple_planner' with build type 'ament_cmake'
[0.864s] INFO:colcon.colcon_cmake.task.cmake.build:Building CMake package in '/home/zeeshan/rida_ws/src/simple_planner'
[0.864s] INFO:colcon.colcon_core.shell:Skip shell extension 'powershell' for command environment: Not usable outside of PowerShell
[0.864s] DEBUG:colcon.colcon_core.shell:Skip shell extension 'dsv' for command environment
[0.881s] DEBUG:colcon.colcon_core.event_handler.log_command:Invoking command in '/home/zeeshan/rida_ws/build/cpp_pkg': CMAKE_PREFIX_PATH=${CMAKE_PREFIX_PATH}:/home/zeeshan/rida_ws/install/new_pkg:/opt/ros/humble /usr/bin/cmake --build /home/zeeshan/rida_ws/build/cpp_pkg -- -j4 -l4
[1.496s] INFO:colcon.colcon_core.task.python.build:Building Python package in '/home/zeeshan/rida_ws/src/new_pkg'
[1.496s] INFO:colcon.colcon_core.shell:Skip shell extension 'powershell' for command environment: Not usable outside of PowerShell
[1.496s] DEBUG:colcon.colcon_core.shell:Skip shell extension 'dsv' for command environment
[1.520s] DEBUG:colcon.colcon_core.event_handler.log_command:Invoking command in '/home/zeeshan/rida_ws/build/simple_planner': CMAKE_PREFIX_PATH=${CMAKE_PREFIX_PATH}:/home/zeeshan/rida_ws/install/new_pkg:/opt/ros/humble /usr/bin/cmake --build /home/zeeshan/rida_ws/build/simple_planner -- -j4 -l4
[1.521s] DEBUG:colcon.colcon_core.event_handler.log_command:Invoked command in '/home/zeeshan/rida_ws/build/cpp_pkg' returned '0': CMAKE_PREFIX_PATH=${CMAKE_PREFIX_PATH}:/home/zeeshan/rida_ws/install/new_pkg:/opt/ros/humble /usr/bin/cmake --build /home/zeeshan/rida_ws/build/cpp_pkg -- -j4 -l4
[1.585s] DEBUG:colcon.colcon_core.event_handler.log_command:Invoking command in '/home/zeeshan/rida_ws/build/cpp_pkg': CMAKE_PREFIX_PATH=${CMAKE_PREFIX_PATH}:/home/zeeshan/rida_ws/install/new_pkg:/opt/ros/humble /usr/bin/cmake --install /home/zeeshan/rida_ws/build/cpp_pkg
[1.614s] Level 1:colcon.colcon_core.environment:create_environment_scripts_only(cpp_pkg)
[1.615s] DEBUG:colcon.colcon_core.event_handler.log_command:Invoked command in '/home/zeeshan/rida_ws/build/cpp_pkg' returned '0': CMAKE_PREFIX_PATH=${CMAKE_PREFIX_PATH}:/home/zeeshan/rida_ws/install/new_pkg:/opt/ros/humble /usr/bin/cmake --install /home/zeeshan/rida_ws/build/cpp_pkg
[1.625s] Level 1:colcon.colcon_core.environment:checking '/home/zeeshan/rida_ws/install/cpp_pkg' for CMake module files
[1.627s] Level 1:colcon.colcon_core.environment:checking '/home/zeeshan/rida_ws/install/cpp_pkg' for CMake config files
[1.628s] Level 1:colcon.colcon_core.shell:create_environment_hook('cpp_pkg', 'cmake_prefix_path')
[1.628s] INFO:colcon.colcon_core.shell:Creating environment hook '/home/zeeshan/rida_ws/install/cpp_pkg/share/cpp_pkg/hook/cmake_prefix_path.ps1'
[1.629s] INFO:colcon.colcon_core.shell:Creating environment descriptor '/home/zeeshan/rida_ws/install/cpp_pkg/share/cpp_pkg/hook/cmake_prefix_path.dsv'
[1.630s] INFO:colcon.colcon_core.shell:Creating environment hook '/home/zeeshan/rida_ws/install/cpp_pkg/share/cpp_pkg/hook/cmake_prefix_path.sh'
[1.633s] Level 1:colcon.colcon_core.environment:checking '/home/zeeshan/rida_ws/install/cpp_pkg/lib'
[1.633s] Level 1:colcon.colcon_core.environment:checking '/home/zeeshan/rida_ws/install/cpp_pkg/bin'
[1.633s] Level 1:colcon.colcon_core.environment:checking '/home/zeeshan/rida_ws/install/cpp_pkg/lib/pkgconfig/cpp_pkg.pc'
[1.634s] Level 1:colcon.colcon_core.environment:checking '/home/zeeshan/rida_ws/install/cpp_pkg/lib/python3.10/site-packages'
[1.634s] Level 1:colcon.colcon_core.environment:checking '/home/zeeshan/rida_ws/install/cpp_pkg/bin'
[1.635s] INFO:colcon.colcon_core.shell:Creating package script '/home/zeeshan/rida_ws/install/cpp_pkg/share/cpp_pkg/package.ps1'
[1.637s] INFO:colcon.colcon_core.shell:Creating package descriptor '/home/zeeshan/rida_ws/install/cpp_pkg/share/cpp_pkg/package.dsv'
[1.638s] INFO:colcon.colcon_core.shell:Creating package script '/home/zeeshan/rida_ws/install/cpp_pkg/share/cpp_pkg/package.sh'
[1.640s] INFO:colcon.colcon_core.shell:Creating package script '/home/zeeshan/rida_ws/install/cpp_pkg/share/cpp_pkg/package.bash'
[1.642s] INFO:colcon.colcon_core.shell:Creating package script '/home/zeeshan/rida_ws/install/cpp_pkg/share/cpp_pkg/package.zsh'
[1.644s] Level 1:colcon.colcon_core.environment:create_file_with_runtime_dependencies(/home/zeeshan/rida_ws/install/cpp_pkg/share/colcon-core/packages/cpp_pkg)
[1.677s] DEBUG:colcon.colcon_core.event_handler.log_command:Invoked command in '/home/zeeshan/rida_ws/build/simple_planner' returned '0': CMAKE_PREFIX_PATH=${CMAKE_PREFIX_PATH}:/home/zeeshan/rida_ws/install/new_pkg:/opt/ros/humble /usr/bin/cmake --build /home/zeeshan/rida_ws/build/simple_planner -- -j4 -l4
[1.697s] Level 1:colcon.colcon_core.environment:create_environment_scripts_only(cpp_pkg)
[1.697s] Level 1:colcon.colcon_core.environment:checking '/home/zeeshan/rida_ws/install/cpp_pkg' for CMake module files
[1.698s] Level 1:colcon.colcon_core.environment:checking '/home/zeeshan/rida_ws/install/cpp_pkg' for CMake config files
[1.699s] Level 1:colcon.colcon_core.shell:create_environment_hook('cpp_pkg', 'cmake_prefix_path')
[1.700s] INFO:colcon.colcon_core.shell:Creating environment hook '/home/zeeshan/rida_ws/install/cpp_pkg/share/cpp_pkg/hook/cmake_prefix_path.ps1'
[1.701s] INFO:colcon.colcon_core.shell:Creating environment descriptor '/home/zeeshan/rida_ws/install/cpp_pkg/share/cpp_pkg/hook/cmake_prefix_path.dsv'
[1.701s] INFO:colcon.colcon_core.shell:Creating environment hook '/home/zeeshan/rida_ws/install/cpp_pkg/share/cpp_pkg/hook/cmake_prefix_path.sh'
[1.703s] Level 1:colcon.colcon_core.environment:checking '/home/zeeshan/rida_ws/install/cpp_pkg/lib'
[1.703s] Level 1:colcon.colcon_core.environment:checking '/home/zeeshan/rida_ws/install/cpp_pkg/bin'
[1.703s] Level 1:colcon.colcon_core.environment:checking '/home/zeeshan/rida_ws/install/cpp_pkg/lib/pkgconfig/cpp_pkg.pc'
[1.704s] Level 1:colcon.colcon_core.environment:checking '/home/zeeshan/rida_ws/install/cpp_pkg/lib/python3.10/site-packages'
[1.704s] Level 1:colcon.colcon_core.environment:checking '/home/zeeshan/rida_ws/install/cpp_pkg/bin'
[1.705s] INFO:colcon.colcon_core.shell:Creating package script '/home/zeeshan/rida_ws/install/cpp_pkg/share/cpp_pkg/package.ps1'
[1.706s] INFO:colcon.colcon_core.shell:Creating package descriptor '/home/zeeshan/rida_ws/install/cpp_pkg/share/cpp_pkg/package.dsv'
[1.707s] INFO:colcon.colcon_core.shell:Creating package script '/home/zeeshan/rida_ws/install/cpp_pkg/share/cpp_pkg/package.sh'
[1.708s] INFO:colcon.colcon_core.shell:Creating package script '/home/zeeshan/rida_ws/install/cpp_pkg/share/cpp_pkg/package.bash'
[1.709s] INFO:colcon.colcon_core.shell:Creating package script '/home/zeeshan/rida_ws/install/cpp_pkg/share/cpp_pkg/package.zsh'
[1.710s] Level 1:colcon.colcon_core.environment:create_file_with_runtime_dependencies(/home/zeeshan/rida_ws/install/cpp_pkg/share/colcon-core/packages/cpp_pkg)
[1.737s] DEBUG:colcon.colcon_core.event_handler.log_command:Invoking command in '/home/zeeshan/rida_ws/build/simple_planner': CMAKE_PREFIX_PATH=${CMAKE_PREFIX_PATH}:/home/zeeshan/rida_ws/install/new_pkg:/opt/ros/humble /usr/bin/cmake --install /home/zeeshan/rida_ws/build/simple_planner
[1.759s] Level 1:colcon.colcon_core.environment:create_environment_scripts_only(simple_planner)
[1.759s] Level 1:colcon.colcon_core.environment:checking '/home/zeeshan/rida_ws/install/simple_planner' for CMake module files
[1.760s] DEBUG:colcon.colcon_core.event_handler.log_command:Invoked command in '/home/zeeshan/rida_ws/build/simple_planner' returned '0': CMAKE_PREFIX_PATH=${CMAKE_PREFIX_PATH}:/home/zeeshan/rida_ws/install/new_pkg:/opt/ros/humble /usr/bin/cmake --install /home/zeeshan/rida_ws/build/simple_planner
[1.761s] Level 1:colcon.colcon_core.environment:checking '/home/zeeshan/rida_ws/install/simple_planner' for CMake config files
[1.761s] Level 1:colcon.colcon_core.shell:create_environment_hook('simple_planner', 'cmake_prefix_path')
[1.762s] INFO:colcon.colcon_core.shell:Creating environment hook '/home/zeeshan/rida_ws/install/simple_planner/share/simple_planner/hook/cmake_prefix_path.ps1'
[1.763s] INFO:colcon.colcon_core.shell:Creating environment descriptor '/home/zeeshan/rida_ws/install/simple_planner/share/simple_planner/hook/cmake_prefix_path.dsv'
[1.764s] INFO:colcon.colcon_core.shell:Creating environment hook '/home/zeeshan/rida_ws/install/simple_planner/share/simple_planner/hook/cmake_prefix_path.sh'
[1.765s] Level 1:colcon.colcon_core.environment:checking '/home/zeeshan/rida_ws/install/simple_planner/lib'
[1.765s] Level 1:colcon.colcon_core.environment:checking '/home/zeeshan/rida_ws/install/simple_planner/bin'
[1.765s] Level 1:colcon.colcon_core.environment:checking '/home/zeeshan/rida_ws/install/simple_planner/lib/pkgconfig/simple_planner.pc'
[1.766s] Level 1:colcon.colcon_core.environment:checking '/home/zeeshan/rida_ws/install/simple_planner/lib/python3.10/site-packages'
[1.766s] Level 1:colcon.colcon_core.environment:checking '/home/zeeshan/rida_ws/install/simple_planner/bin'
[1.767s] INFO:colcon.colcon_core.shell:Creating package script '/home/zeeshan/rida_ws/install/simple_planner/share/simple_planner/package.ps1'
[1.768s] INFO:colcon.colcon_core.shell:Creating package descriptor '/home/zeeshan/rida_ws/install/simple_planner/share/simple_planner/package.dsv'
[1.769s] INFO:colcon.colcon_core.shell:Creating package script '/home/zeeshan/rida_ws/install/simple_planner/share/simple_planner/package.sh'
[1.770s] INFO:colcon.colcon_core.shell:Creating package script '/home/zeeshan/rida_ws/install/simple_planner/share/simple_planner/package.bash'
[1.771s] INFO:colcon.colcon_core.shell:Creating package script '/home/zeeshan/rida_ws/install/simple_planner/share/simple_planner/package.zsh'
[1.771s] Level 1:colcon.colcon_core.environment:create_file_with_runtime_dependencies(/home/zeeshan/rida_ws/install/simple_planner/share/colcon-core/packages/simple_planner)
[1.823s] Level 1:colcon.colcon_core.environment:create_environment_scripts_only(simple_planner)
[1.824s] Level 1:colcon.colcon_core.environment:checking '/home/zeeshan/rida_ws/install/simple_planner' for CMake module files
[1.825s] Level 1:colcon.colcon_core.environment:checking '/home/zeeshan/rida_ws/install/simple_planner' for CMake config files
[1.825s] Level 1:colcon.colcon_core.shell:create_environment_hook('simple_planner', 'cmake_prefix_path')
[1.826s] INFO:colcon.colcon_core.shell:Creating environment hook '/home/zeeshan/rida_ws/install/simple_planner/share/simple_planner/hook/cmake_prefix_path.ps1'
[1.827s] INFO:colcon.colcon_core.shell:Creating environment descriptor '/home/zeeshan/rida_ws/install/simple_planner/share/simple_planner/hook/cmake_prefix_path.dsv'
[1.827s] INFO:colcon.colcon_core.shell:Creating environment hook '/home/zeeshan/rida_ws/install/simple_planner/share/simple_planner/hook/cmake_prefix_path.sh'
[1.828s] Level 1:colcon.colcon_core.environment:checking '/home/zeeshan/rida_ws/install/simple_planner/lib'
[1.828s] Level 1:colcon.colcon_core.environment:checking '/home/zeeshan/rida_ws/install/simple_planner/bin'
[1.828s] Level 1:colcon.colcon_core.environment:checking '/home/zeeshan/rida_ws/install/simple_planner/lib/pkgconfig/simple_planner.pc'
[1.829s] Level 1:colcon.colcon_core.environment:checking '/home/zeeshan/rida_ws/install/simple_planner/lib/python3.10/site-packages'
[1.829s] Level 1:colcon.colcon_core.environment:checking '/home/zeeshan/rida_ws/install/simple_planner/bin'
[1.830s] INFO:colcon.colcon_core.shell:Creating package script '/home/zeeshan/rida_ws/install/simple_planner/share/simple_planner/package.ps1'
[1.831s] INFO:colcon.colcon_core.shell:Creating package descriptor '/home/zeeshan/rida_ws/install/simple_planner/share/simple_planner/package.dsv'
[1.832s] INFO:colcon.colcon_core.shell:Creating package script '/home/zeeshan/rida_ws/install/simple_planner/share/simple_planner/package.sh'
[1.833s] INFO:colcon.colcon_core.shell:Creating package script '/home/zeeshan/rida_ws/install/simple_planner/share/simple_planner/package.bash'
[1.833s] INFO:colcon.colcon_core.shell:Creating package script '/home/zeeshan/rida_ws/install/simple_planner/share/simple_planner/package.zsh'
[1.834s] Level 1:colcon.colcon_core.environment:create_file_with_runtime_dependencies(/home/zeeshan/rida_ws/install/simple_planner/share/colcon-core/packages/simple_planner)
[2.457s] DEBUG:colcon.colcon_core.event_handler.log_command:Invoking command in '/home/zeeshan/rida_ws/src/new_pkg': PYTHONPATH=/home/zeeshan/rida_ws/build/new_pkg/prefix_override:/usr/lib/python3/dist-packages/colcon_core/task/python/colcon_distutils_commands:/home/zeeshan/rida_ws/install/new_pkg/lib/python3.10/site-packages:${PYTHONPATH} /usr/bin/python3 -W ignore:setup.py install is deprecated setup.py egg_info --egg-base ../../build/new_pkg build --build-base /home/zeeshan/rida_ws/build/new_pkg/build install --record /home/zeeshan/rida_ws/build/new_pkg/install.log --single-version-externally-managed install_data
[3.147s] Level 1:colcon.colcon_core.environment:checking '/home/zeeshan/rida_ws/install/new_pkg' for CMake module files
[3.147s] DEBUG:colcon.colcon_core.event_handler.log_command:Invoked command in '/home/zeeshan/rida_ws/src/new_pkg' returned '0': PYTHONPATH=/home/zeeshan/rida_ws/build/new_pkg/prefix_override:/usr/lib/python3/dist-packages/colcon_core/task/python/colcon_distutils_commands:/home/zeeshan/rida_ws/install/new_pkg/lib/python3.10/site-packages:${PYTHONPATH} /usr/bin/python3 -W ignore:setup.py install is deprecated setup.py egg_info --egg-base ../../build/new_pkg build --build-base /home/zeeshan/rida_ws/build/new_pkg/build install --record /home/zeeshan/rida_ws/build/new_pkg/install.log --single-version-externally-managed install_data
[3.149s] Level 1:colcon.colcon_core.environment:checking '/home/zeeshan/rida_ws/install/new_pkg' for CMake config files
[3.150s] Level 1:colcon.colcon_core.environment:checking '/home/zeeshan/rida_ws/install/new_pkg/lib'
[3.150s] Level 1:colcon.colcon_core.environment:checking '/home/zeeshan/rida_ws/install/new_pkg/bin'
[3.150s] Level 1:colcon.colcon_core.environment:checking '/home/zeeshan/rida_ws/install/new_pkg/lib/pkgconfig/new_pkg.pc'
[3.151s] Level 1:colcon.colcon_core.environment:checking '/home/zeeshan/rida_ws/install/new_pkg/lib/python3.10/site-packages'
[3.151s] Level 1:colcon.colcon_core.shell:create_environment_hook('new_pkg', 'pythonpath')
[3.151s] INFO:colcon.colcon_core.shell:Creating environment hook '/home/zeeshan/rida_ws/install/new_pkg/share/new_pkg/hook/pythonpath.ps1'
[3.152s] INFO:colcon.colcon_core.shell:Creating environment descriptor '/home/zeeshan/rida_ws/install/new_pkg/share/new_pkg/hook/pythonpath.dsv'
[3.153s] INFO:colcon.colcon_core.shell:Creating environment hook '/home/zeeshan/rida_ws/install/new_pkg/share/new_pkg/hook/pythonpath.sh'
[3.154s] Level 1:colcon.colcon_core.environment:checking '/home/zeeshan/rida_ws/install/new_pkg/bin'
[3.154s] Level 1:colcon.colcon_core.environment:create_environment_scripts_only(new_pkg)
[3.155s] INFO:colcon.colcon_core.shell:Creating package script '/home/zeeshan/rida_ws/install/new_pkg/share/new_pkg/package.ps1'
[3.156s] INFO:colcon.colcon_core.shell:Creating package descriptor '/home/zeeshan/rida_ws/install/new_pkg/share/new_pkg/package.dsv'
[3.156s] INFO:colcon.colcon_core.shell:Creating package script '/home/zeeshan/rida_ws/install/new_pkg/share/new_pkg/package.sh'
[3.157s] INFO:colcon.colcon_core.shell:Creating package script '/home/zeeshan/rida_ws/install/new_pkg/share/new_pkg/package.bash'
[3.158s] INFO:colcon.colcon_core.shell:Creating package script '/home/zeeshan/rida_ws/install/new_pkg/share/new_pkg/package.zsh'
[3.158s] Level 1:colcon.colcon_core.environment:create_file_with_runtime_dependencies(/home/zeeshan/rida_ws/install/new_pkg/share/colcon-core/packages/new_pkg)
[3.159s] DEBUG:colcon.colcon_parallel_executor.executor.parallel:closing loop
[3.159s] DEBUG:colcon.colcon_parallel_executor.executor.parallel:loop closed
[3.159s] DEBUG:colcon.colcon_parallel_executor.executor.parallel:run_until_complete finished with '0'
[3.160s] DEBUG:colcon.colcon_core.event_reactor:joining thread
[3.175s] INFO:colcon.colcon_core.plugin_system:Skipping extension 'colcon_notification.desktop_notification.terminal_notifier': Not used on non-Darwin systems
[3.175s] INFO:colcon.colcon_core.plugin_system:Skipping extension 'colcon_notification.desktop_notification.win32': Not used on non-Windows systems
[3.175s] INFO:colcon.colcon_notification.desktop_notification:Sending desktop notification using 'notify2'
[3.210s] DEBUG:colcon.colcon_core.event_reactor:joined thread
[3.211s] INFO:colcon.colcon_core.shell:Creating prefix script '/home/zeeshan/rida_ws/install/local_setup.ps1'
[3.214s] INFO:colcon.colcon_core.shell:Creating prefix util module '/home/zeeshan/rida_ws/install/_local_setup_util_ps1.py'
[3.218s] INFO:colcon.colcon_core.shell:Creating prefix chain script '/home/zeeshan/rida_ws/install/setup.ps1'
[3.222s] INFO:colcon.colcon_core.shell:Creating prefix script '/home/zeeshan/rida_ws/install/local_setup.sh'
[3.224s] INFO:colcon.colcon_core.shell:Creating prefix util module '/home/zeeshan/rida_ws/install/_local_setup_util_sh.py'
[3.225s] INFO:colcon.colcon_core.shell:Creating prefix chain script '/home/zeeshan/rida_ws/install/setup.sh'
[3.229s] INFO:colcon.colcon_core.shell:Creating prefix script '/home/zeeshan/rida_ws/install/local_setup.bash'
[3.230s] INFO:colcon.colcon_core.shell:Creating prefix chain script '/home/zeeshan/rida_ws/install/setup.bash'
[3.234s] INFO:colcon.colcon_core.shell:Creating prefix script '/home/zeeshan/rida_ws/install/local_setup.zsh'
[3.235s] INFO:colcon.colcon_core.shell:Creating prefix chain script '/home/zeeshan/rida_ws/install/setup.zsh'
