[0.263s] DEBUG:colcon:Command line arguments: ['/usr/bin/colcon', 'build', '--packages-select', 'simple_planner']
[0.264s] DEBUG:colcon:Parsed command line arguments: Namespace(log_base=None, log_level=None, verb_name='build', build_base='build', install_base='install', merge_install=False, symlink_install=False, test_result_base=None, continue_on_error=False, executor='parallel', parallel_workers=4, event_handlers=None, ignore_user_meta=False, metas=['./colcon.meta'], base_paths=['.'], packages_ignore=None, packages_ignore_regex=None, paths=None, packages_up_to=None, packages_up_to_regex=None, packages_above=None, packages_above_and_dependencies=None, packages_above_depth=None, packages_select_by_dep=None, packages_skip_by_dep=None, packages_skip_up_to=None, packages_select_build_failed=False, packages_skip_build_finished=False, packages_select_test_failures=False, packages_skip_test_passed=False, packages_select=['simple_planner'], packages_skip=None, packages_select_regex=None, packages_skip_regex=None, packages_start=None, packages_end=None, allow_overriding=[], cmake_args=None, cmake_target=None, cmake_target_skip_unavailable=False, cmake_clean_cache=False, cmake_clean_first=False, cmake_force_configure=False, ament_cmake_args=None, catkin_cmake_args=None, catkin_skip_building_tests=False, mixin_files=None, mixin=None, verb_parser=<colcon_mixin.mixin.mixin_argument.MixinArgumentDecorator object at 0x72a0eef56d40>, verb_extension=<colcon_core.verb.build.BuildVerb object at 0x72a0ef043e80>, main=<bound method BuildVerb.main of <colcon_core.verb.build.BuildVerb object at 0x72a0ef043e80>>, mixin_verb=('build',))
[0.718s] Level 1:colcon.colcon_core.package_discovery:discover_packages(colcon_meta) check parameters
[0.719s] Level 1:colcon.colcon_core.package_discovery:discover_packages(recursive) check parameters
[0.719s] Level 1:colcon.colcon_core.package_discovery:discover_packages(ignore) check parameters
[0.719s] Level 1:colcon.colcon_core.package_discovery:discover_packages(path) check parameters
[0.720s] Level 1:colcon.colcon_core.package_discovery:discover_packages(colcon_meta) discover
[0.720s] Level 1:colcon.colcon_core.package_discovery:discover_packages(recursive) discover
[0.720s] INFO:colcon.colcon_core.package_discovery:Crawling recursively for packages in '/home/zeeshan/rida_ws'
[0.720s] Level 1:colcon.colcon_core.package_identification:_identify(.) by extensions ['ignore', 'ignore_ament_install']
[0.720s] Level 1:colcon.colcon_core.package_identification:_identify(.) by extension 'ignore'
[0.721s] Level 1:colcon.colcon_core.package_identification:_identify(.) by extension 'ignore_ament_install'
[0.721s] Level 1:colcon.colcon_core.package_identification:_identify(.) by extensions ['colcon_pkg']
[0.721s] Level 1:colcon.colcon_core.package_identification:_identify(.) by extension 'colcon_pkg'
[0.721s] Level 1:colcon.colcon_core.package_identification:_identify(.) by extensions ['colcon_meta']
[0.721s] Level 1:colcon.colcon_core.package_identification:_identify(.) by extension 'colcon_meta'
[0.721s] Level 1:colcon.colcon_core.package_identification:_identify(.) by extensions ['ros']
[0.721s] Level 1:colcon.colcon_core.package_identification:_identify(.) by extension 'ros'
[0.747s] Level 1:colcon.colcon_core.package_identification:_identify(.) by extensions ['cmake', 'python']
[0.748s] Level 1:colcon.colcon_core.package_identification:_identify(.) by extension 'cmake'
[0.748s] Level 1:colcon.colcon_core.package_identification:_identify(.) by extension 'python'
[0.748s] Level 1:colcon.colcon_core.package_identification:_identify(.) by extensions ['python_setup_py']
[0.748s] Level 1:colcon.colcon_core.package_identification:_identify(.) by extension 'python_setup_py'
[0.748s] Level 1:colcon.colcon_core.package_identification:_identify(build) by extensions ['ignore', 'ignore_ament_install']
[0.749s] Level 1:colcon.colcon_core.package_identification:_identify(build) by extension 'ignore'
[0.749s] Level 1:colcon.colcon_core.package_identification:_identify(build) ignored
[0.749s] Level 1:colcon.colcon_core.package_identification:_identify(install) by extensions ['ignore', 'ignore_ament_install']
[0.749s] Level 1:colcon.colcon_core.package_identification:_identify(install) by extension 'ignore'
[0.749s] Level 1:colcon.colcon_core.package_identification:_identify(install) ignored
[0.749s] Level 1:colcon.colcon_core.package_identification:_identify(log) by extensions ['ignore', 'ignore_ament_install']
[0.750s] Level 1:colcon.colcon_core.package_identification:_identify(log) by extension 'ignore'
[0.750s] Level 1:colcon.colcon_core.package_identification:_identify(log) ignored
[0.750s] Level 1:colcon.colcon_core.package_identification:_identify(maps) by extensions ['ignore', 'ignore_ament_install']
[0.750s] Level 1:colcon.colcon_core.package_identification:_identify(maps) by extension 'ignore'
[0.750s] Level 1:colcon.colcon_core.package_identification:_identify(maps) by extension 'ignore_ament_install'
[0.750s] Level 1:colcon.colcon_core.package_identification:_identify(maps) by extensions ['colcon_pkg']
[0.750s] Level 1:colcon.colcon_core.package_identification:_identify(maps) by extension 'colcon_pkg'
[0.751s] Level 1:colcon.colcon_core.package_identification:_identify(maps) by extensions ['colcon_meta']
[0.751s] Level 1:colcon.colcon_core.package_identification:_identify(maps) by extension 'colcon_meta'
[0.751s] Level 1:colcon.colcon_core.package_identification:_identify(maps) by extensions ['ros']
[0.751s] Level 1:colcon.colcon_core.package_identification:_identify(maps) by extension 'ros'
[0.751s] Level 1:colcon.colcon_core.package_identification:_identify(maps) by extensions ['cmake', 'python']
[0.751s] Level 1:colcon.colcon_core.package_identification:_identify(maps) by extension 'cmake'
[0.751s] Level 1:colcon.colcon_core.package_identification:_identify(maps) by extension 'python'
[0.751s] Level 1:colcon.colcon_core.package_identification:_identify(maps) by extensions ['python_setup_py']
[0.751s] Level 1:colcon.colcon_core.package_identification:_identify(maps) by extension 'python_setup_py'
[0.752s] Level 1:colcon.colcon_core.package_identification:_identify(src) by extensions ['ignore', 'ignore_ament_install']
[0.752s] Level 1:colcon.colcon_core.package_identification:_identify(src) by extension 'ignore'
[0.752s] Level 1:colcon.colcon_core.package_identification:_identify(src) by extension 'ignore_ament_install'
[0.752s] Level 1:colcon.colcon_core.package_identification:_identify(src) by extensions ['colcon_pkg']
[0.752s] Level 1:colcon.colcon_core.package_identification:_identify(src) by extension 'colcon_pkg'
[0.752s] Level 1:colcon.colcon_core.package_identification:_identify(src) by extensions ['colcon_meta']
[0.752s] Level 1:colcon.colcon_core.package_identification:_identify(src) by extension 'colcon_meta'
[0.752s] Level 1:colcon.colcon_core.package_identification:_identify(src) by extensions ['ros']
[0.752s] Level 1:colcon.colcon_core.package_identification:_identify(src) by extension 'ros'
[0.753s] Level 1:colcon.colcon_core.package_identification:_identify(src) by extensions ['cmake', 'python']
[0.753s] Level 1:colcon.colcon_core.package_identification:_identify(src) by extension 'cmake'
[0.753s] Level 1:colcon.colcon_core.package_identification:_identify(src) by extension 'python'
[0.753s] Level 1:colcon.colcon_core.package_identification:_identify(src) by extensions ['python_setup_py']
[0.753s] Level 1:colcon.colcon_core.package_identification:_identify(src) by extension 'python_setup_py'
[0.753s] Level 1:colcon.colcon_core.package_identification:_identify(src/cpp_pkg) by extensions ['ignore', 'ignore_ament_install']
[0.753s] Level 1:colcon.colcon_core.package_identification:_identify(src/cpp_pkg) by extension 'ignore'
[0.754s] Level 1:colcon.colcon_core.package_identification:_identify(src/cpp_pkg) by extension 'ignore_ament_install'
[0.754s] Level 1:colcon.colcon_core.package_identification:_identify(src/cpp_pkg) by extensions ['colcon_pkg']
[0.754s] Level 1:colcon.colcon_core.package_identification:_identify(src/cpp_pkg) by extension 'colcon_pkg'
[0.754s] Level 1:colcon.colcon_core.package_identification:_identify(src/cpp_pkg) by extensions ['colcon_meta']
[0.754s] Level 1:colcon.colcon_core.package_identification:_identify(src/cpp_pkg) by extension 'colcon_meta'
[0.754s] Level 1:colcon.colcon_core.package_identification:_identify(src/cpp_pkg) by extensions ['ros']
[0.754s] Level 1:colcon.colcon_core.package_identification:_identify(src/cpp_pkg) by extension 'ros'
[0.760s] DEBUG:colcon.colcon_core.package_identification:Package 'src/cpp_pkg' with type 'ros.ament_cmake' and name 'cpp_pkg'
[0.761s] Level 1:colcon.colcon_core.package_identification:_identify(src/new_pkg) by extensions ['ignore', 'ignore_ament_install']
[0.761s] Level 1:colcon.colcon_core.package_identification:_identify(src/new_pkg) by extension 'ignore'
[0.761s] Level 1:colcon.colcon_core.package_identification:_identify(src/new_pkg) by extension 'ignore_ament_install'
[0.761s] Level 1:colcon.colcon_core.package_identification:_identify(src/new_pkg) by extensions ['colcon_pkg']
[0.761s] Level 1:colcon.colcon_core.package_identification:_identify(src/new_pkg) by extension 'colcon_pkg'
[0.761s] Level 1:colcon.colcon_core.package_identification:_identify(src/new_pkg) by extensions ['colcon_meta']
[0.762s] Level 1:colcon.colcon_core.package_identification:_identify(src/new_pkg) by extension 'colcon_meta'
[0.762s] Level 1:colcon.colcon_core.package_identification:_identify(src/new_pkg) by extensions ['ros']
[0.762s] Level 1:colcon.colcon_core.package_identification:_identify(src/new_pkg) by extension 'ros'
[0.763s] DEBUG:colcon.colcon_core.package_identification:Package 'src/new_pkg' with type 'ros.ament_python' and name 'new_pkg'
[0.764s] Level 1:colcon.colcon_core.package_identification:_identify(src/simple_planner) by extensions ['ignore', 'ignore_ament_install']
[0.764s] Level 1:colcon.colcon_core.package_identification:_identify(src/simple_planner) by extension 'ignore'
[0.764s] Level 1:colcon.colcon_core.package_identification:_identify(src/simple_planner) by extension 'ignore_ament_install'
[0.764s] Level 1:colcon.colcon_core.package_identification:_identify(src/simple_planner) by extensions ['colcon_pkg']
[0.764s] Level 1:colcon.colcon_core.package_identification:_identify(src/simple_planner) by extension 'colcon_pkg'
[0.764s] Level 1:colcon.colcon_core.package_identification:_identify(src/simple_planner) by extensions ['colcon_meta']
[0.764s] Level 1:colcon.colcon_core.package_identification:_identify(src/simple_planner) by extension 'colcon_meta'
[0.765s] Level 1:colcon.colcon_core.package_identification:_identify(src/simple_planner) by extensions ['ros']
[0.765s] Level 1:colcon.colcon_core.package_identification:_identify(src/simple_planner) by extension 'ros'
[0.767s] DEBUG:colcon.colcon_core.package_identification:Package 'src/simple_planner' with type 'ros.ament_cmake' and name 'simple_planner'
[0.767s] Level 1:colcon.colcon_core.package_discovery:discover_packages(recursive) using defaults
[0.767s] Level 1:colcon.colcon_core.package_discovery:discover_packages(ignore) discover
[0.767s] Level 1:colcon.colcon_core.package_discovery:discover_packages(ignore) using defaults
[0.767s] Level 1:colcon.colcon_core.package_discovery:discover_packages(path) discover
[0.767s] Level 1:colcon.colcon_core.package_discovery:discover_packages(path) using defaults
[0.816s] INFO:colcon.colcon_core.package_selection:Skipping not selected package 'cpp_pkg' in 'src/cpp_pkg'
[0.816s] INFO:colcon.colcon_core.package_selection:Skipping not selected package 'new_pkg' in 'src/new_pkg'
[0.817s] Level 1:colcon.colcon_core.package_discovery:discover_packages(prefix_path) check parameters
[0.817s] Level 1:colcon.colcon_core.package_discovery:discover_packages(prefix_path) discover
[0.822s] DEBUG:colcon.colcon_installed_package_information.package_discovery:Found 2 installed packages in /home/zeeshan/rida_ws/install
[0.826s] DEBUG:colcon.colcon_installed_package_information.package_discovery:Found 314 installed packages in /opt/ros/humble
[0.830s] Level 1:colcon.colcon_core.package_discovery:discover_packages(prefix_path) using defaults
[0.972s] Level 5:colcon.colcon_core.verb:set package 'simple_planner' build argument 'cmake_args' from command line to 'None'
[0.972s] Level 5:colcon.colcon_core.verb:set package 'simple_planner' build argument 'cmake_target' from command line to 'None'
[0.972s] Level 5:colcon.colcon_core.verb:set package 'simple_planner' build argument 'cmake_target_skip_unavailable' from command line to 'False'
[0.972s] Level 5:colcon.colcon_core.verb:set package 'simple_planner' build argument 'cmake_clean_cache' from command line to 'False'
[0.972s] Level 5:colcon.colcon_core.verb:set package 'simple_planner' build argument 'cmake_clean_first' from command line to 'False'
[0.972s] Level 5:colcon.colcon_core.verb:set package 'simple_planner' build argument 'cmake_force_configure' from command line to 'False'
[0.972s] Level 5:colcon.colcon_core.verb:set package 'simple_planner' build argument 'ament_cmake_args' from command line to 'None'
[0.972s] Level 5:colcon.colcon_core.verb:set package 'simple_planner' build argument 'catkin_cmake_args' from command line to 'None'
[0.972s] Level 5:colcon.colcon_core.verb:set package 'simple_planner' build argument 'catkin_skip_building_tests' from command line to 'False'
[0.973s] DEBUG:colcon.colcon_core.verb:Building package 'simple_planner' with the following arguments: {'ament_cmake_args': None, 'build_base': '/home/zeeshan/rida_ws/build/simple_planner', 'catkin_cmake_args': None, 'catkin_skip_building_tests': False, 'cmake_args': None, 'cmake_clean_cache': False, 'cmake_clean_first': False, 'cmake_force_configure': False, 'cmake_target': None, 'cmake_target_skip_unavailable': False, 'install_base': '/home/zeeshan/rida_ws/install/simple_planner', 'merge_install': False, 'path': '/home/zeeshan/rida_ws/src/simple_planner', 'symlink_install': False, 'test_result_base': None}
[0.973s] INFO:colcon.colcon_core.executor:Executing jobs using 'parallel' executor
[0.975s] DEBUG:colcon.colcon_parallel_executor.executor.parallel:run_until_complete
[0.976s] INFO:colcon.colcon_ros.task.ament_cmake.build:Building ROS package in '/home/zeeshan/rida_ws/src/simple_planner' with build type 'ament_cmake'
[0.976s] INFO:colcon.colcon_cmake.task.cmake.build:Building CMake package in '/home/zeeshan/rida_ws/src/simple_planner'
[0.981s] INFO:colcon.colcon_core.plugin_system:Skipping extension 'colcon_core.shell.bat': Not used on non-Windows systems
[0.981s] INFO:colcon.colcon_core.shell:Skip shell extension 'powershell' for command environment: Not usable outside of PowerShell
[0.981s] DEBUG:colcon.colcon_core.shell:Skip shell extension 'dsv' for command environment
[1.004s] DEBUG:colcon.colcon_core.event_handler.log_command:Invoking command in '/home/zeeshan/rida_ws/build/simple_planner': CMAKE_PREFIX_PATH=${CMAKE_PREFIX_PATH}:/opt/ros/humble /usr/bin/cmake --build /home/zeeshan/rida_ws/build/simple_planner -- -j4 -l4
[21.094s] DEBUG:colcon.colcon_core.event_handler.log_command:Invoked command in '/home/zeeshan/rida_ws/build/simple_planner' returned '0': CMAKE_PREFIX_PATH=${CMAKE_PREFIX_PATH}:/opt/ros/humble /usr/bin/cmake --build /home/zeeshan/rida_ws/build/simple_planner -- -j4 -l4
[21.157s] DEBUG:colcon.colcon_core.event_handler.log_command:Invoking command in '/home/zeeshan/rida_ws/build/simple_planner': CMAKE_PREFIX_PATH=${CMAKE_PREFIX_PATH}:/opt/ros/humble /usr/bin/cmake --install /home/zeeshan/rida_ws/build/simple_planner
[21.185s] Level 1:colcon.colcon_core.environment:create_environment_scripts_only(simple_planner)
[21.186s] DEBUG:colcon.colcon_core.event_handler.log_command:Invoked command in '/home/zeeshan/rida_ws/build/simple_planner' returned '0': CMAKE_PREFIX_PATH=${CMAKE_PREFIX_PATH}:/opt/ros/humble /usr/bin/cmake --install /home/zeeshan/rida_ws/build/simple_planner
[21.191s] Level 1:colcon.colcon_core.environment:checking '/home/zeeshan/rida_ws/install/simple_planner' for CMake module files
[21.192s] Level 1:colcon.colcon_core.environment:checking '/home/zeeshan/rida_ws/install/simple_planner' for CMake config files
[21.193s] Level 1:colcon.colcon_core.shell:create_environment_hook('simple_planner', 'cmake_prefix_path')
[21.193s] INFO:colcon.colcon_core.shell:Creating environment hook '/home/zeeshan/rida_ws/install/simple_planner/share/simple_planner/hook/cmake_prefix_path.ps1'
[21.195s] INFO:colcon.colcon_core.shell:Creating environment descriptor '/home/zeeshan/rida_ws/install/simple_planner/share/simple_planner/hook/cmake_prefix_path.dsv'
[21.196s] INFO:colcon.colcon_core.shell:Creating environment hook '/home/zeeshan/rida_ws/install/simple_planner/share/simple_planner/hook/cmake_prefix_path.sh'
[21.197s] Level 1:colcon.colcon_core.environment:checking '/home/zeeshan/rida_ws/install/simple_planner/lib'
[21.198s] Level 1:colcon.colcon_core.environment:checking '/home/zeeshan/rida_ws/install/simple_planner/bin'
[21.198s] Level 1:colcon.colcon_core.environment:checking '/home/zeeshan/rida_ws/install/simple_planner/lib/pkgconfig/simple_planner.pc'
[21.198s] Level 1:colcon.colcon_core.environment:checking '/home/zeeshan/rida_ws/install/simple_planner/lib/python3.10/site-packages'
[21.199s] Level 1:colcon.colcon_core.environment:checking '/home/zeeshan/rida_ws/install/simple_planner/bin'
[21.199s] INFO:colcon.colcon_core.shell:Creating package script '/home/zeeshan/rida_ws/install/simple_planner/share/simple_planner/package.ps1'
[21.201s] INFO:colcon.colcon_core.shell:Creating package descriptor '/home/zeeshan/rida_ws/install/simple_planner/share/simple_planner/package.dsv'
[21.202s] INFO:colcon.colcon_core.shell:Creating package script '/home/zeeshan/rida_ws/install/simple_planner/share/simple_planner/package.sh'
[21.203s] INFO:colcon.colcon_core.shell:Creating package script '/home/zeeshan/rida_ws/install/simple_planner/share/simple_planner/package.bash'
[21.205s] INFO:colcon.colcon_core.shell:Creating package script '/home/zeeshan/rida_ws/install/simple_planner/share/simple_planner/package.zsh'
[21.207s] Level 1:colcon.colcon_core.environment:create_file_with_runtime_dependencies(/home/zeeshan/rida_ws/install/simple_planner/share/colcon-core/packages/simple_planner)
[21.251s] Level 1:colcon.colcon_core.environment:create_environment_scripts_only(simple_planner)
[21.252s] Level 1:colcon.colcon_core.environment:checking '/home/zeeshan/rida_ws/install/simple_planner' for CMake module files
[21.253s] Level 1:colcon.colcon_core.environment:checking '/home/zeeshan/rida_ws/install/simple_planner' for CMake config files
[21.253s] Level 1:colcon.colcon_core.shell:create_environment_hook('simple_planner', 'cmake_prefix_path')
[21.254s] INFO:colcon.colcon_core.shell:Creating environment hook '/home/zeeshan/rida_ws/install/simple_planner/share/simple_planner/hook/cmake_prefix_path.ps1'
[21.255s] INFO:colcon.colcon_core.shell:Creating environment descriptor '/home/zeeshan/rida_ws/install/simple_planner/share/simple_planner/hook/cmake_prefix_path.dsv'
[21.256s] INFO:colcon.colcon_core.shell:Creating environment hook '/home/zeeshan/rida_ws/install/simple_planner/share/simple_planner/hook/cmake_prefix_path.sh'
[21.257s] Level 1:colcon.colcon_core.environment:checking '/home/zeeshan/rida_ws/install/simple_planner/lib'
[21.257s] Level 1:colcon.colcon_core.environment:checking '/home/zeeshan/rida_ws/install/simple_planner/bin'
[21.257s] Level 1:colcon.colcon_core.environment:checking '/home/zeeshan/rida_ws/install/simple_planner/lib/pkgconfig/simple_planner.pc'
[21.258s] Level 1:colcon.colcon_core.environment:checking '/home/zeeshan/rida_ws/install/simple_planner/lib/python3.10/site-packages'
[21.258s] Level 1:colcon.colcon_core.environment:checking '/home/zeeshan/rida_ws/install/simple_planner/bin'
[21.259s] INFO:colcon.colcon_core.shell:Creating package script '/home/zeeshan/rida_ws/install/simple_planner/share/simple_planner/package.ps1'
[21.260s] INFO:colcon.colcon_core.shell:Creating package descriptor '/home/zeeshan/rida_ws/install/simple_planner/share/simple_planner/package.dsv'
[21.261s] INFO:colcon.colcon_core.shell:Creating package script '/home/zeeshan/rida_ws/install/simple_planner/share/simple_planner/package.sh'
[21.262s] INFO:colcon.colcon_core.shell:Creating package script '/home/zeeshan/rida_ws/install/simple_planner/share/simple_planner/package.bash'
[21.263s] INFO:colcon.colcon_core.shell:Creating package script '/home/zeeshan/rida_ws/install/simple_planner/share/simple_planner/package.zsh'
[21.263s] Level 1:colcon.colcon_core.environment:create_file_with_runtime_dependencies(/home/zeeshan/rida_ws/install/simple_planner/share/colcon-core/packages/simple_planner)
[21.264s] DEBUG:colcon.colcon_parallel_executor.executor.parallel:closing loop
[21.265s] DEBUG:colcon.colcon_parallel_executor.executor.parallel:loop closed
[21.265s] DEBUG:colcon.colcon_parallel_executor.executor.parallel:run_until_complete finished with '0'
[21.265s] DEBUG:colcon.colcon_core.event_reactor:joining thread
[21.275s] INFO:colcon.colcon_core.plugin_system:Skipping extension 'colcon_notification.desktop_notification.terminal_notifier': Not used on non-Darwin systems
[21.275s] INFO:colcon.colcon_core.plugin_system:Skipping extension 'colcon_notification.desktop_notification.win32': Not used on non-Windows systems
[21.275s] INFO:colcon.colcon_notification.desktop_notification:Sending desktop notification using 'notify2'
[21.301s] DEBUG:colcon.colcon_core.event_reactor:joined thread
[21.302s] INFO:colcon.colcon_core.shell:Creating prefix script '/home/zeeshan/rida_ws/install/local_setup.ps1'
[21.304s] INFO:colcon.colcon_core.shell:Creating prefix util module '/home/zeeshan/rida_ws/install/_local_setup_util_ps1.py'
[21.307s] INFO:colcon.colcon_core.shell:Creating prefix chain script '/home/zeeshan/rida_ws/install/setup.ps1'
[21.310s] INFO:colcon.colcon_core.shell:Creating prefix script '/home/zeeshan/rida_ws/install/local_setup.sh'
[21.311s] INFO:colcon.colcon_core.shell:Creating prefix util module '/home/zeeshan/rida_ws/install/_local_setup_util_sh.py'
[21.312s] INFO:colcon.colcon_core.shell:Creating prefix chain script '/home/zeeshan/rida_ws/install/setup.sh'
[21.315s] INFO:colcon.colcon_core.shell:Creating prefix script '/home/zeeshan/rida_ws/install/local_setup.bash'
[21.315s] INFO:colcon.colcon_core.shell:Creating prefix chain script '/home/zeeshan/rida_ws/install/setup.bash'
[21.317s] INFO:colcon.colcon_core.shell:Creating prefix script '/home/zeeshan/rida_ws/install/local_setup.zsh'
[21.318s] INFO:colcon.colcon_core.shell:Creating prefix chain script '/home/zeeshan/rida_ws/install/setup.zsh'
