[1.648s] Invoking command in '/home/zeeshan/rida_ws/src/new_pkg': PYTHONPATH=/home/zeeshan/rida_ws/build/new_pkg/prefix_override:/usr/lib/python3/dist-packages/colcon_core/task/python/colcon_distutils_commands:/home/zeeshan/rida_ws/install/new_pkg/lib/python3.10/site-packages:${PYTHONPATH} /usr/bin/python3 -W ignore:setup.py install is deprecated setup.py egg_info --egg-base ../../build/new_pkg build --build-base /home/zeeshan/rida_ws/build/new_pkg/build install --record /home/zeeshan/rida_ws/build/new_pkg/install.log --single-version-externally-managed install_data
[2.214s] running egg_info
[2.215s] writing ../../build/new_pkg/new_pkg.egg-info/PKG-INFO
[2.216s] writing dependency_links to ../../build/new_pkg/new_pkg.egg-info/dependency_links.txt
[2.216s] writing entry points to ../../build/new_pkg/new_pkg.egg-info/entry_points.txt
[2.216s] writing requirements to ../../build/new_pkg/new_pkg.egg-info/requires.txt
[2.216s] writing top-level names to ../../build/new_pkg/new_pkg.egg-info/top_level.txt
[2.222s] reading manifest file '../../build/new_pkg/new_pkg.egg-info/SOURCES.txt'
[2.224s] writing manifest file '../../build/new_pkg/new_pkg.egg-info/SOURCES.txt'
[2.224s] running build
[2.224s] running build_py
[2.225s] running install
[2.225s] running install_lib
[2.230s] running install_data
[2.231s] running install_egg_info
[2.234s] removing '/home/zeeshan/rida_ws/install/new_pkg/lib/python3.10/site-packages/new_pkg-0.0.0-py3.10.egg-info' (and everything under it)
[2.235s] Copying ../../build/new_pkg/new_pkg.egg-info to /home/zeeshan/rida_ws/install/new_pkg/lib/python3.10/site-packages/new_pkg-0.0.0-py3.10.egg-info
[2.236s] running install_scripts
[2.276s] writing list of installed files to '/home/zeeshan/rida_ws/build/new_pkg/install.log'
[2.348s] Invoked command in '/home/zeeshan/rida_ws/src/new_pkg' returned '0': PYTHONPATH=/home/zeeshan/rida_ws/build/new_pkg/prefix_override:/usr/lib/python3/dist-packages/colcon_core/task/python/colcon_distutils_commands:/home/zeeshan/rida_ws/install/new_pkg/lib/python3.10/site-packages:${PYTHONPATH} /usr/bin/python3 -W ignore:setup.py install is deprecated setup.py egg_info --egg-base ../../build/new_pkg build --build-base /home/zeeshan/rida_ws/build/new_pkg/build install --record /home/zeeshan/rida_ws/build/new_pkg/install.log --single-version-externally-managed install_data
