[0.046s] Invoking command in '/home/zeeshan/rida_ws/build/cpp_pkg': CMAKE_PREFIX_PATH=${CMAKE_PREFIX_PATH}:/opt/ros/humble /usr/bin/cmake --build /home/zeeshan/rida_ws/build/cpp_pkg -- -j4 -l4
[0.674s] [35m[1mConsolidate compiler generated dependencies of target cpp_node[0m
[0.674s] [100%] Built target cpp_node
[0.677s] Invoked command in '/home/zeeshan/rida_ws/build/cpp_pkg' returned '0': CMAKE_PREFIX_PATH=${CMAKE_PREFIX_PATH}:/opt/ros/humble /usr/bin/cmake --build /home/zeeshan/rida_ws/build/cpp_pkg -- -j4 -l4
[0.748s] Invoking command in '/home/zeeshan/rida_ws/build/cpp_pkg': CMAKE_PREFIX_PATH=${CMAKE_PREFIX_PATH}:/opt/ros/humble /usr/bin/cmake --install /home/zeeshan/rida_ws/build/cpp_pkg
[0.764s] -- Install configuration: ""
[0.767s] -- Up-to-date: /home/zeeshan/rida_ws/install/cpp_pkg/lib/cpp_pkg/cpp_node
[0.768s] -- Up-to-date: /home/zeeshan/rida_ws/install/cpp_pkg/share/ament_index/resource_index/package_run_dependencies/cpp_pkg
[0.770s] -- Up-to-date: /home/zeeshan/rida_ws/install/cpp_pkg/share/ament_index/resource_index/parent_prefix_path/cpp_pkg
[0.770s] -- Up-to-date: /home/zeeshan/rida_ws/install/cpp_pkg/share/cpp_pkg/environment/ament_prefix_path.sh
[0.771s] -- Up-to-date: /home/zeeshan/rida_ws/install/cpp_pkg/share/cpp_pkg/environment/ament_prefix_path.dsv
[0.771s] -- Up-to-date: /home/zeeshan/rida_ws/install/cpp_pkg/share/cpp_pkg/environment/path.sh
[0.771s] -- Up-to-date: /home/zeeshan/rida_ws/install/cpp_pkg/share/cpp_pkg/environment/path.dsv
[0.771s] -- Up-to-date: /home/zeeshan/rida_ws/install/cpp_pkg/share/cpp_pkg/local_setup.bash
[0.771s] -- Up-to-date: /home/zeeshan/rida_ws/install/cpp_pkg/share/cpp_pkg/local_setup.sh
[0.772s] -- Up-to-date: /home/zeeshan/rida_ws/install/cpp_pkg/share/cpp_pkg/local_setup.zsh
[0.772s] -- Up-to-date: /home/zeeshan/rida_ws/install/cpp_pkg/share/cpp_pkg/local_setup.dsv
[0.772s] -- Installing: /home/zeeshan/rida_ws/install/cpp_pkg/share/cpp_pkg/package.dsv
[0.772s] -- Up-to-date: /home/zeeshan/rida_ws/install/cpp_pkg/share/ament_index/resource_index/packages/cpp_pkg
[0.775s] -- Up-to-date: /home/zeeshan/rida_ws/install/cpp_pkg/share/cpp_pkg/cmake/cpp_pkgConfig.cmake
[0.776s] -- Up-to-date: /home/zeeshan/rida_ws/install/cpp_pkg/share/cpp_pkg/cmake/cpp_pkgConfig-version.cmake
[0.778s] -- Up-to-date: /home/zeeshan/rida_ws/install/cpp_pkg/share/cpp_pkg/package.xml
[0.780s] Invoked command in '/home/zeeshan/rida_ws/build/cpp_pkg' returned '0': CMAKE_PREFIX_PATH=${CMAKE_PREFIX_PATH}:/opt/ros/humble /usr/bin/cmake --install /home/zeeshan/rida_ws/build/cpp_pkg
