[0.317s] DEBUG:colcon:Command line arguments: ['/usr/bin/colcon', 'build', '--packages-select', 'simple_planner']
[0.317s] DEBUG:colcon:Parsed command line arguments: Namespace(log_base=None, log_level=None, verb_name='build', build_base='build', install_base='install', merge_install=False, symlink_install=False, test_result_base=None, continue_on_error=False, executor='parallel', parallel_workers=4, event_handlers=None, ignore_user_meta=False, metas=['./colcon.meta'], base_paths=['.'], packages_ignore=None, packages_ignore_regex=None, paths=None, packages_up_to=None, packages_up_to_regex=None, packages_above=None, packages_above_and_dependencies=None, packages_above_depth=None, packages_select_by_dep=None, packages_skip_by_dep=None, packages_skip_up_to=None, packages_select_build_failed=False, packages_skip_build_finished=False, packages_select_test_failures=False, packages_skip_test_passed=False, packages_select=['simple_planner'], packages_skip=None, packages_select_regex=None, packages_skip_regex=None, packages_start=None, packages_end=None, allow_overriding=[], cmake_args=None, cmake_target=None, cmake_target_skip_unavailable=False, cmake_clean_cache=False, cmake_clean_first=False, cmake_force_configure=False, ament_cmake_args=None, catkin_cmake_args=None, catkin_skip_building_tests=False, mixin_files=None, mixin=None, verb_parser=<colcon_mixin.mixin.mixin_argument.MixinArgumentDecorator object at 0x72ceddbced40>, verb_extension=<colcon_core.verb.build.BuildVerb object at 0x72ceddcb7e80>, main=<bound method BuildVerb.main of <colcon_core.verb.build.BuildVerb object at 0x72ceddcb7e80>>, mixin_verb=('build',))
[0.896s] Level 1:colcon.colcon_core.package_discovery:discover_packages(colcon_meta) check parameters
[0.896s] Level 1:colcon.colcon_core.package_discovery:discover_packages(recursive) check parameters
[0.896s] Level 1:colcon.colcon_core.package_discovery:discover_packages(ignore) check parameters
[0.896s] Level 1:colcon.colcon_core.package_discovery:discover_packages(path) check parameters
[0.896s] Level 1:colcon.colcon_core.package_discovery:discover_packages(colcon_meta) discover
[0.896s] Level 1:colcon.colcon_core.package_discovery:discover_packages(recursive) discover
[0.896s] INFO:colcon.colcon_core.package_discovery:Crawling recursively for packages in '/home/zeeshan/rida_ws'
[0.896s] Level 1:colcon.colcon_core.package_identification:_identify(.) by extensions ['ignore', 'ignore_ament_install']
[0.897s] Level 1:colcon.colcon_core.package_identification:_identify(.) by extension 'ignore'
[0.897s] Level 1:colcon.colcon_core.package_identification:_identify(.) by extension 'ignore_ament_install'
[0.897s] Level 1:colcon.colcon_core.package_identification:_identify(.) by extensions ['colcon_pkg']
[0.897s] Level 1:colcon.colcon_core.package_identification:_identify(.) by extension 'colcon_pkg'
[0.897s] Level 1:colcon.colcon_core.package_identification:_identify(.) by extensions ['colcon_meta']
[0.897s] Level 1:colcon.colcon_core.package_identification:_identify(.) by extension 'colcon_meta'
[0.897s] Level 1:colcon.colcon_core.package_identification:_identify(.) by extensions ['ros']
[0.897s] Level 1:colcon.colcon_core.package_identification:_identify(.) by extension 'ros'
[0.920s] Level 1:colcon.colcon_core.package_identification:_identify(.) by extensions ['cmake', 'python']
[0.920s] Level 1:colcon.colcon_core.package_identification:_identify(.) by extension 'cmake'
[0.920s] Level 1:colcon.colcon_core.package_identification:_identify(.) by extension 'python'
[0.920s] Level 1:colcon.colcon_core.package_identification:_identify(.) by extensions ['python_setup_py']
[0.920s] Level 1:colcon.colcon_core.package_identification:_identify(.) by extension 'python_setup_py'
[0.921s] Level 1:colcon.colcon_core.package_identification:_identify(build) by extensions ['ignore', 'ignore_ament_install']
[0.921s] Level 1:colcon.colcon_core.package_identification:_identify(build) by extension 'ignore'
[0.921s] Level 1:colcon.colcon_core.package_identification:_identify(build) ignored
[0.921s] Level 1:colcon.colcon_core.package_identification:_identify(install) by extensions ['ignore', 'ignore_ament_install']
[0.921s] Level 1:colcon.colcon_core.package_identification:_identify(install) by extension 'ignore'
[0.921s] Level 1:colcon.colcon_core.package_identification:_identify(install) ignored
[0.922s] Level 1:colcon.colcon_core.package_identification:_identify(log) by extensions ['ignore', 'ignore_ament_install']
[0.922s] Level 1:colcon.colcon_core.package_identification:_identify(log) by extension 'ignore'
[0.922s] Level 1:colcon.colcon_core.package_identification:_identify(log) ignored
[0.922s] Level 1:colcon.colcon_core.package_identification:_identify(maps) by extensions ['ignore', 'ignore_ament_install']
[0.922s] Level 1:colcon.colcon_core.package_identification:_identify(maps) by extension 'ignore'
[0.922s] Level 1:colcon.colcon_core.package_identification:_identify(maps) by extension 'ignore_ament_install'
[0.922s] Level 1:colcon.colcon_core.package_identification:_identify(maps) by extensions ['colcon_pkg']
[0.923s] Level 1:colcon.colcon_core.package_identification:_identify(maps) by extension 'colcon_pkg'
[0.923s] Level 1:colcon.colcon_core.package_identification:_identify(maps) by extensions ['colcon_meta']
[0.923s] Level 1:colcon.colcon_core.package_identification:_identify(maps) by extension 'colcon_meta'
[0.923s] Level 1:colcon.colcon_core.package_identification:_identify(maps) by extensions ['ros']
[0.923s] Level 1:colcon.colcon_core.package_identification:_identify(maps) by extension 'ros'
[0.923s] Level 1:colcon.colcon_core.package_identification:_identify(maps) by extensions ['cmake', 'python']
[0.923s] Level 1:colcon.colcon_core.package_identification:_identify(maps) by extension 'cmake'
[0.923s] Level 1:colcon.colcon_core.package_identification:_identify(maps) by extension 'python'
[0.923s] Level 1:colcon.colcon_core.package_identification:_identify(maps) by extensions ['python_setup_py']
[0.923s] Level 1:colcon.colcon_core.package_identification:_identify(maps) by extension 'python_setup_py'
[0.924s] Level 1:colcon.colcon_core.package_identification:_identify(src) by extensions ['ignore', 'ignore_ament_install']
[0.924s] Level 1:colcon.colcon_core.package_identification:_identify(src) by extension 'ignore'
[0.924s] Level 1:colcon.colcon_core.package_identification:_identify(src) by extension 'ignore_ament_install'
[0.924s] Level 1:colcon.colcon_core.package_identification:_identify(src) by extensions ['colcon_pkg']
[0.924s] Level 1:colcon.colcon_core.package_identification:_identify(src) by extension 'colcon_pkg'
[0.924s] Level 1:colcon.colcon_core.package_identification:_identify(src) by extensions ['colcon_meta']
[0.924s] Level 1:colcon.colcon_core.package_identification:_identify(src) by extension 'colcon_meta'
[0.924s] Level 1:colcon.colcon_core.package_identification:_identify(src) by extensions ['ros']
[0.924s] Level 1:colcon.colcon_core.package_identification:_identify(src) by extension 'ros'
[0.925s] Level 1:colcon.colcon_core.package_identification:_identify(src) by extensions ['cmake', 'python']
[0.925s] Level 1:colcon.colcon_core.package_identification:_identify(src) by extension 'cmake'
[0.925s] Level 1:colcon.colcon_core.package_identification:_identify(src) by extension 'python'
[0.925s] Level 1:colcon.colcon_core.package_identification:_identify(src) by extensions ['python_setup_py']
[0.925s] Level 1:colcon.colcon_core.package_identification:_identify(src) by extension 'python_setup_py'
[0.925s] Level 1:colcon.colcon_core.package_identification:_identify(src/cpp_pkg) by extensions ['ignore', 'ignore_ament_install']
[0.925s] Level 1:colcon.colcon_core.package_identification:_identify(src/cpp_pkg) by extension 'ignore'
[0.925s] Level 1:colcon.colcon_core.package_identification:_identify(src/cpp_pkg) by extension 'ignore_ament_install'
[0.926s] Level 1:colcon.colcon_core.package_identification:_identify(src/cpp_pkg) by extensions ['colcon_pkg']
[0.926s] Level 1:colcon.colcon_core.package_identification:_identify(src/cpp_pkg) by extension 'colcon_pkg'
[0.926s] Level 1:colcon.colcon_core.package_identification:_identify(src/cpp_pkg) by extensions ['colcon_meta']
[0.926s] Level 1:colcon.colcon_core.package_identification:_identify(src/cpp_pkg) by extension 'colcon_meta'
[0.926s] Level 1:colcon.colcon_core.package_identification:_identify(src/cpp_pkg) by extensions ['ros']
[0.926s] Level 1:colcon.colcon_core.package_identification:_identify(src/cpp_pkg) by extension 'ros'
[0.934s] DEBUG:colcon.colcon_core.package_identification:Package 'src/cpp_pkg' with type 'ros.ament_cmake' and name 'cpp_pkg'
[0.934s] Level 1:colcon.colcon_core.package_identification:_identify(src/new_pkg) by extensions ['ignore', 'ignore_ament_install']
[0.935s] Level 1:colcon.colcon_core.package_identification:_identify(src/new_pkg) by extension 'ignore'
[0.935s] Level 1:colcon.colcon_core.package_identification:_identify(src/new_pkg) by extension 'ignore_ament_install'
[0.935s] Level 1:colcon.colcon_core.package_identification:_identify(src/new_pkg) by extensions ['colcon_pkg']
[0.935s] Level 1:colcon.colcon_core.package_identification:_identify(src/new_pkg) by extension 'colcon_pkg'
[0.935s] Level 1:colcon.colcon_core.package_identification:_identify(src/new_pkg) by extensions ['colcon_meta']
[0.935s] Level 1:colcon.colcon_core.package_identification:_identify(src/new_pkg) by extension 'colcon_meta'
[0.935s] Level 1:colcon.colcon_core.package_identification:_identify(src/new_pkg) by extensions ['ros']
[0.935s] Level 1:colcon.colcon_core.package_identification:_identify(src/new_pkg) by extension 'ros'
[0.938s] DEBUG:colcon.colcon_core.package_identification:Package 'src/new_pkg' with type 'ros.ament_python' and name 'new_pkg'
[0.938s] Level 1:colcon.colcon_core.package_identification:_identify(src/simple_planner) by extensions ['ignore', 'ignore_ament_install']
[0.938s] Level 1:colcon.colcon_core.package_identification:_identify(src/simple_planner) by extension 'ignore'
[0.938s] Level 1:colcon.colcon_core.package_identification:_identify(src/simple_planner) by extension 'ignore_ament_install'
[0.939s] Level 1:colcon.colcon_core.package_identification:_identify(src/simple_planner) by extensions ['colcon_pkg']
[0.939s] Level 1:colcon.colcon_core.package_identification:_identify(src/simple_planner) by extension 'colcon_pkg'
[0.939s] Level 1:colcon.colcon_core.package_identification:_identify(src/simple_planner) by extensions ['colcon_meta']
[0.939s] Level 1:colcon.colcon_core.package_identification:_identify(src/simple_planner) by extension 'colcon_meta'
[0.939s] Level 1:colcon.colcon_core.package_identification:_identify(src/simple_planner) by extensions ['ros']
[0.939s] Level 1:colcon.colcon_core.package_identification:_identify(src/simple_planner) by extension 'ros'
[0.940s] DEBUG:colcon.colcon_core.package_identification:Package 'src/simple_planner' with type 'ros.ament_cmake' and name 'simple_planner'
[0.941s] Level 1:colcon.colcon_core.package_discovery:discover_packages(recursive) using defaults
[0.941s] Level 1:colcon.colcon_core.package_discovery:discover_packages(ignore) discover
[0.941s] Level 1:colcon.colcon_core.package_discovery:discover_packages(ignore) using defaults
[0.941s] Level 1:colcon.colcon_core.package_discovery:discover_packages(path) discover
[0.941s] Level 1:colcon.colcon_core.package_discovery:discover_packages(path) using defaults
[0.998s] INFO:colcon.colcon_core.package_selection:Skipping not selected package 'cpp_pkg' in 'src/cpp_pkg'
[0.999s] INFO:colcon.colcon_core.package_selection:Skipping not selected package 'new_pkg' in 'src/new_pkg'
[1.000s] Level 1:colcon.colcon_core.package_discovery:discover_packages(prefix_path) check parameters
[1.000s] Level 1:colcon.colcon_core.package_discovery:discover_packages(prefix_path) discover
[1.007s] DEBUG:colcon.colcon_installed_package_information.package_discovery:Found 2 installed packages in /home/zeeshan/rida_ws/install
[1.011s] DEBUG:colcon.colcon_installed_package_information.package_discovery:Found 314 installed packages in /opt/ros/humble
[1.015s] Level 1:colcon.colcon_core.package_discovery:discover_packages(prefix_path) using defaults
[1.139s] Level 5:colcon.colcon_core.verb:set package 'simple_planner' build argument 'cmake_args' from command line to 'None'
[1.140s] Level 5:colcon.colcon_core.verb:set package 'simple_planner' build argument 'cmake_target' from command line to 'None'
[1.140s] Level 5:colcon.colcon_core.verb:set package 'simple_planner' build argument 'cmake_target_skip_unavailable' from command line to 'False'
[1.140s] Level 5:colcon.colcon_core.verb:set package 'simple_planner' build argument 'cmake_clean_cache' from command line to 'False'
[1.140s] Level 5:colcon.colcon_core.verb:set package 'simple_planner' build argument 'cmake_clean_first' from command line to 'False'
[1.140s] Level 5:colcon.colcon_core.verb:set package 'simple_planner' build argument 'cmake_force_configure' from command line to 'False'
[1.140s] Level 5:colcon.colcon_core.verb:set package 'simple_planner' build argument 'ament_cmake_args' from command line to 'None'
[1.140s] Level 5:colcon.colcon_core.verb:set package 'simple_planner' build argument 'catkin_cmake_args' from command line to 'None'
[1.140s] Level 5:colcon.colcon_core.verb:set package 'simple_planner' build argument 'catkin_skip_building_tests' from command line to 'False'
[1.140s] DEBUG:colcon.colcon_core.verb:Building package 'simple_planner' with the following arguments: {'ament_cmake_args': None, 'build_base': '/home/zeeshan/rida_ws/build/simple_planner', 'catkin_cmake_args': None, 'catkin_skip_building_tests': False, 'cmake_args': None, 'cmake_clean_cache': False, 'cmake_clean_first': False, 'cmake_force_configure': False, 'cmake_target': None, 'cmake_target_skip_unavailable': False, 'install_base': '/home/zeeshan/rida_ws/install/simple_planner', 'merge_install': False, 'path': '/home/zeeshan/rida_ws/src/simple_planner', 'symlink_install': False, 'test_result_base': None}
[1.141s] INFO:colcon.colcon_core.executor:Executing jobs using 'parallel' executor
[1.143s] DEBUG:colcon.colcon_parallel_executor.executor.parallel:run_until_complete
[1.143s] INFO:colcon.colcon_ros.task.ament_cmake.build:Building ROS package in '/home/zeeshan/rida_ws/src/simple_planner' with build type 'ament_cmake'
[1.144s] INFO:colcon.colcon_cmake.task.cmake.build:Building CMake package in '/home/zeeshan/rida_ws/src/simple_planner'
[1.152s] INFO:colcon.colcon_core.plugin_system:Skipping extension 'colcon_core.shell.bat': Not used on non-Windows systems
[1.152s] INFO:colcon.colcon_core.shell:Skip shell extension 'powershell' for command environment: Not usable outside of PowerShell
[1.152s] DEBUG:colcon.colcon_core.shell:Skip shell extension 'dsv' for command environment
[1.169s] DEBUG:colcon.colcon_core.event_handler.log_command:Invoking command in '/home/zeeshan/rida_ws/build/simple_planner': CMAKE_PREFIX_PATH=${CMAKE_PREFIX_PATH}:/opt/ros/humble /usr/bin/cmake --build /home/zeeshan/rida_ws/build/simple_planner -- -j4 -l4
[20.665s] DEBUG:colcon.colcon_core.event_handler.log_command:Invoked command in '/home/zeeshan/rida_ws/build/simple_planner' returned '0': CMAKE_PREFIX_PATH=${CMAKE_PREFIX_PATH}:/opt/ros/humble /usr/bin/cmake --build /home/zeeshan/rida_ws/build/simple_planner -- -j4 -l4
[20.724s] DEBUG:colcon.colcon_core.event_handler.log_command:Invoking command in '/home/zeeshan/rida_ws/build/simple_planner': CMAKE_PREFIX_PATH=${CMAKE_PREFIX_PATH}:/opt/ros/humble /usr/bin/cmake --install /home/zeeshan/rida_ws/build/simple_planner
[20.756s] Level 1:colcon.colcon_core.environment:create_environment_scripts_only(simple_planner)
[20.757s] DEBUG:colcon.colcon_core.event_handler.log_command:Invoked command in '/home/zeeshan/rida_ws/build/simple_planner' returned '0': CMAKE_PREFIX_PATH=${CMAKE_PREFIX_PATH}:/opt/ros/humble /usr/bin/cmake --install /home/zeeshan/rida_ws/build/simple_planner
[20.766s] Level 1:colcon.colcon_core.environment:checking '/home/zeeshan/rida_ws/install/simple_planner' for CMake module files
[20.767s] Level 1:colcon.colcon_core.environment:checking '/home/zeeshan/rida_ws/install/simple_planner' for CMake config files
[20.768s] Level 1:colcon.colcon_core.shell:create_environment_hook('simple_planner', 'cmake_prefix_path')
[20.768s] INFO:colcon.colcon_core.shell:Creating environment hook '/home/zeeshan/rida_ws/install/simple_planner/share/simple_planner/hook/cmake_prefix_path.ps1'
[20.771s] INFO:colcon.colcon_core.shell:Creating environment descriptor '/home/zeeshan/rida_ws/install/simple_planner/share/simple_planner/hook/cmake_prefix_path.dsv'
[20.774s] INFO:colcon.colcon_core.shell:Creating environment hook '/home/zeeshan/rida_ws/install/simple_planner/share/simple_planner/hook/cmake_prefix_path.sh'
[20.778s] Level 1:colcon.colcon_core.environment:checking '/home/zeeshan/rida_ws/install/simple_planner/lib'
[20.778s] Level 1:colcon.colcon_core.environment:checking '/home/zeeshan/rida_ws/install/simple_planner/bin'
[20.778s] Level 1:colcon.colcon_core.environment:checking '/home/zeeshan/rida_ws/install/simple_planner/lib/pkgconfig/simple_planner.pc'
[20.779s] Level 1:colcon.colcon_core.environment:checking '/home/zeeshan/rida_ws/install/simple_planner/lib/python3.10/site-packages'
[20.780s] Level 1:colcon.colcon_core.environment:checking '/home/zeeshan/rida_ws/install/simple_planner/bin'
[20.781s] INFO:colcon.colcon_core.shell:Creating package script '/home/zeeshan/rida_ws/install/simple_planner/share/simple_planner/package.ps1'
[20.784s] INFO:colcon.colcon_core.shell:Creating package descriptor '/home/zeeshan/rida_ws/install/simple_planner/share/simple_planner/package.dsv'
[20.787s] INFO:colcon.colcon_core.shell:Creating package script '/home/zeeshan/rida_ws/install/simple_planner/share/simple_planner/package.sh'
[20.791s] INFO:colcon.colcon_core.shell:Creating package script '/home/zeeshan/rida_ws/install/simple_planner/share/simple_planner/package.bash'
[20.795s] INFO:colcon.colcon_core.shell:Creating package script '/home/zeeshan/rida_ws/install/simple_planner/share/simple_planner/package.zsh'
[20.799s] Level 1:colcon.colcon_core.environment:create_file_with_runtime_dependencies(/home/zeeshan/rida_ws/install/simple_planner/share/colcon-core/packages/simple_planner)
[20.845s] Level 1:colcon.colcon_core.environment:create_environment_scripts_only(simple_planner)
[20.846s] Level 1:colcon.colcon_core.environment:checking '/home/zeeshan/rida_ws/install/simple_planner' for CMake module files
[20.847s] Level 1:colcon.colcon_core.environment:checking '/home/zeeshan/rida_ws/install/simple_planner' for CMake config files
[20.847s] Level 1:colcon.colcon_core.shell:create_environment_hook('simple_planner', 'cmake_prefix_path')
[20.848s] INFO:colcon.colcon_core.shell:Creating environment hook '/home/zeeshan/rida_ws/install/simple_planner/share/simple_planner/hook/cmake_prefix_path.ps1'
[20.849s] INFO:colcon.colcon_core.shell:Creating environment descriptor '/home/zeeshan/rida_ws/install/simple_planner/share/simple_planner/hook/cmake_prefix_path.dsv'
[20.849s] INFO:colcon.colcon_core.shell:Creating environment hook '/home/zeeshan/rida_ws/install/simple_planner/share/simple_planner/hook/cmake_prefix_path.sh'
[20.850s] Level 1:colcon.colcon_core.environment:checking '/home/zeeshan/rida_ws/install/simple_planner/lib'
[20.850s] Level 1:colcon.colcon_core.environment:checking '/home/zeeshan/rida_ws/install/simple_planner/bin'
[20.850s] Level 1:colcon.colcon_core.environment:checking '/home/zeeshan/rida_ws/install/simple_planner/lib/pkgconfig/simple_planner.pc'
[20.851s] Level 1:colcon.colcon_core.environment:checking '/home/zeeshan/rida_ws/install/simple_planner/lib/python3.10/site-packages'
[20.851s] Level 1:colcon.colcon_core.environment:checking '/home/zeeshan/rida_ws/install/simple_planner/bin'
[20.852s] INFO:colcon.colcon_core.shell:Creating package script '/home/zeeshan/rida_ws/install/simple_planner/share/simple_planner/package.ps1'
[20.853s] INFO:colcon.colcon_core.shell:Creating package descriptor '/home/zeeshan/rida_ws/install/simple_planner/share/simple_planner/package.dsv'
[20.854s] INFO:colcon.colcon_core.shell:Creating package script '/home/zeeshan/rida_ws/install/simple_planner/share/simple_planner/package.sh'
[20.855s] INFO:colcon.colcon_core.shell:Creating package script '/home/zeeshan/rida_ws/install/simple_planner/share/simple_planner/package.bash'
[20.856s] INFO:colcon.colcon_core.shell:Creating package script '/home/zeeshan/rida_ws/install/simple_planner/share/simple_planner/package.zsh'
[20.857s] Level 1:colcon.colcon_core.environment:create_file_with_runtime_dependencies(/home/zeeshan/rida_ws/install/simple_planner/share/colcon-core/packages/simple_planner)
[20.857s] DEBUG:colcon.colcon_parallel_executor.executor.parallel:closing loop
[20.858s] DEBUG:colcon.colcon_parallel_executor.executor.parallel:loop closed
[20.858s] DEBUG:colcon.colcon_parallel_executor.executor.parallel:run_until_complete finished with '0'
[20.859s] DEBUG:colcon.colcon_core.event_reactor:joining thread
[20.871s] INFO:colcon.colcon_core.plugin_system:Skipping extension 'colcon_notification.desktop_notification.terminal_notifier': Not used on non-Darwin systems
[20.871s] INFO:colcon.colcon_core.plugin_system:Skipping extension 'colcon_notification.desktop_notification.win32': Not used on non-Windows systems
[20.872s] INFO:colcon.colcon_notification.desktop_notification:Sending desktop notification using 'notify2'
[20.924s] DEBUG:colcon.colcon_core.event_reactor:joined thread
[20.925s] INFO:colcon.colcon_core.shell:Creating prefix script '/home/zeeshan/rida_ws/install/local_setup.ps1'
[20.928s] INFO:colcon.colcon_core.shell:Creating prefix util module '/home/zeeshan/rida_ws/install/_local_setup_util_ps1.py'
[20.932s] INFO:colcon.colcon_core.shell:Creating prefix chain script '/home/zeeshan/rida_ws/install/setup.ps1'
[20.935s] INFO:colcon.colcon_core.shell:Creating prefix script '/home/zeeshan/rida_ws/install/local_setup.sh'
[20.937s] INFO:colcon.colcon_core.shell:Creating prefix util module '/home/zeeshan/rida_ws/install/_local_setup_util_sh.py'
[20.938s] INFO:colcon.colcon_core.shell:Creating prefix chain script '/home/zeeshan/rida_ws/install/setup.sh'
[20.942s] INFO:colcon.colcon_core.shell:Creating prefix script '/home/zeeshan/rida_ws/install/local_setup.bash'
[20.944s] INFO:colcon.colcon_core.shell:Creating prefix chain script '/home/zeeshan/rida_ws/install/setup.bash'
[20.948s] INFO:colcon.colcon_core.shell:Creating prefix script '/home/zeeshan/rida_ws/install/local_setup.zsh'
[20.950s] INFO:colcon.colcon_core.shell:Creating prefix chain script '/home/zeeshan/rida_ws/install/setup.zsh'
