[1.652s] Invoking command in '/home/zeeshan/rida_ws/src/new_pkg': PYTHONPATH=/home/zeeshan/rida_ws/build/new_pkg/prefix_override:/usr/lib/python3/dist-packages/colcon_core/task/python/colcon_distutils_commands:/home/zeeshan/rida_ws/install/new_pkg/lib/python3.10/site-packages:${PYTHONPATH} /usr/bin/python3 -W ignore:setup.py install is deprecated setup.py egg_info --egg-base ../../build/new_pkg build --build-base /home/zeeshan/rida_ws/build/new_pkg/build install --record /home/zeeshan/rida_ws/build/new_pkg/install.log --single-version-externally-managed install_data
[2.210s] running egg_info
[2.211s] writing ../../build/new_pkg/new_pkg.egg-info/PKG-INFO
[2.212s] writing dependency_links to ../../build/new_pkg/new_pkg.egg-info/dependency_links.txt
[2.212s] writing entry points to ../../build/new_pkg/new_pkg.egg-info/entry_points.txt
[2.212s] writing requirements to ../../build/new_pkg/new_pkg.egg-info/requires.txt
[2.213s] writing top-level names to ../../build/new_pkg/new_pkg.egg-info/top_level.txt
[2.218s] reading manifest file '../../build/new_pkg/new_pkg.egg-info/SOURCES.txt'
[2.220s] writing manifest file '../../build/new_pkg/new_pkg.egg-info/SOURCES.txt'
[2.220s] running build
[2.220s] running build_py
[2.221s] running install
[2.221s] running install_lib
[2.227s] running install_data
[2.227s] running install_egg_info
[2.230s] removing '/home/zeeshan/rida_ws/install/new_pkg/lib/python3.10/site-packages/new_pkg-0.0.0-py3.10.egg-info' (and everything under it)
[2.230s] Copying ../../build/new_pkg/new_pkg.egg-info to /home/zeeshan/rida_ws/install/new_pkg/lib/python3.10/site-packages/new_pkg-0.0.0-py3.10.egg-info
[2.232s] running install_scripts
[2.272s] writing list of installed files to '/home/zeeshan/rida_ws/build/new_pkg/install.log'
[2.342s] Invoked command in '/home/zeeshan/rida_ws/src/new_pkg' returned '0': PYTHONPATH=/home/zeeshan/rida_ws/build/new_pkg/prefix_override:/usr/lib/python3/dist-packages/colcon_core/task/python/colcon_distutils_commands:/home/zeeshan/rida_ws/install/new_pkg/lib/python3.10/site-packages:${PYTHONPATH} /usr/bin/python3 -W ignore:setup.py install is deprecated setup.py egg_info --egg-base ../../build/new_pkg build --build-base /home/zeeshan/rida_ws/build/new_pkg/build install --record /home/zeeshan/rida_ws/build/new_pkg/install.log --single-version-externally-managed install_data
