[0.023s] Invoking command in '/home/zeeshan/rida_ws/build/cpp_pkg': CMAKE_PREFIX_PATH=${CMAKE_PREFIX_PATH}:/home/zeeshan/rida_ws/install/new_pkg:/opt/ros/humble /usr/bin/cmake /home/zeeshan/rida_ws/src/cpp_pkg -DCMAKE_INSTALL_PREFIX=/home/zeeshan/rida_ws/install/cpp_pkg
[0.173s] -- The C compiler identification is GNU 11.4.0
[0.287s] -- The CXX compiler identification is GNU 11.4.0
[0.302s] -- Detecting C compiler ABI info
[0.448s] -- Detecting C compiler ABI info - done
[0.464s] -- Check for working C compiler: /usr/bin/cc - skipped
[0.464s] -- Detecting C compile features
[0.465s] -- Detecting C compile features - done
[0.471s] -- Detecting CXX compiler ABI info
[0.643s] -- Detecting CXX compiler ABI info - done
[0.661s] -- Check for working CXX compiler: /usr/bin/c++ - skipped
[0.661s] -- Detecting CXX compile features
[0.662s] -- Detecting CXX compile features - done
[0.670s] -- Found ament_cmake: 1.3.9 (/opt/ros/humble/share/ament_cmake/cmake)
[0.967s] -- Found Python3: /usr/bin/python3 (found version "3.10.12") found components: Interpreter 
[1.143s] -- Found rclcpp: 16.0.9 (/opt/ros/humble/share/rclcpp/cmake)
[1.219s] -- Found rosidl_generator_c: 3.1.5 (/opt/ros/humble/share/rosidl_generator_c/cmake)
[1.228s] -- Found rosidl_adapter: 3.1.5 (/opt/ros/humble/share/rosidl_adapter/cmake)
[1.245s] -- Found rosidl_generator_cpp: 3.1.5 (/opt/ros/humble/share/rosidl_generator_cpp/cmake)
[1.274s] -- Using all available rosidl_typesupport_c: rosidl_typesupport_fastrtps_c;rosidl_typesupport_introspection_c
[1.315s] -- Using all available rosidl_typesupport_cpp: rosidl_typesupport_fastrtps_cpp;rosidl_typesupport_introspection_cpp
[1.465s] -- Found rmw_implementation_cmake: 6.1.2 (/opt/ros/humble/share/rmw_implementation_cmake/cmake)
[1.470s] -- Found rmw_fastrtps_cpp: 6.2.6 (/opt/ros/humble/share/rmw_fastrtps_cpp/cmake)
[1.656s] -- Found OpenSSL: /usr/lib/x86_64-linux-gnu/libcrypto.so (found version "3.0.2")  
[1.703s] -- Found FastRTPS: /opt/ros/humble/include  
[1.790s] -- Using RMW implementation 'rmw_fastrtps_cpp' as default
[1.807s] -- Looking for pthread.h
[1.958s] -- Looking for pthread.h - found
[1.959s] -- Performing Test CMAKE_HAVE_LIBC_PTHREAD
[2.117s] -- Performing Test CMAKE_HAVE_LIBC_PTHREAD - Success
[2.119s] -- Found Threads: TRUE  
[2.520s] -- Found ament_lint_auto: 0.12.11 (/opt/ros/humble/share/ament_lint_auto/cmake)
[2.681s] -- Added test 'cppcheck' to perform static code analysis on C / C++ code
[2.681s] -- Configured cppcheck include dirs: 
[2.681s] -- Configured cppcheck exclude dirs and/or files: 
[2.681s] -- Added test 'lint_cmake' to check CMake code style
[2.684s] -- Added test 'uncrustify' to check C / C++ code style
[2.684s] -- Configured uncrustify additional arguments: 
[2.685s] -- Added test 'xmllint' to check XML markup files
[2.688s] -- Configuring done
[2.705s] -- Generating done
[2.708s] -- Build files have been written to: /home/zeeshan/rida_ws/build/cpp_pkg
[2.728s] Invoked command in '/home/zeeshan/rida_ws/build/cpp_pkg' returned '0': CMAKE_PREFIX_PATH=${CMAKE_PREFIX_PATH}:/home/zeeshan/rida_ws/install/new_pkg:/opt/ros/humble /usr/bin/cmake /home/zeeshan/rida_ws/src/cpp_pkg -DCMAKE_INSTALL_PREFIX=/home/zeeshan/rida_ws/install/cpp_pkg
[2.732s] Invoking command in '/home/zeeshan/rida_ws/build/cpp_pkg': CMAKE_PREFIX_PATH=${CMAKE_PREFIX_PATH}:/home/zeeshan/rida_ws/install/new_pkg:/opt/ros/humble /usr/bin/cmake --build /home/zeeshan/rida_ws/build/cpp_pkg -- -j4 -l4
[2.831s] [ 50%] [32mBuilding CXX object CMakeFiles/cpp_node.dir/src/cpp_node.cpp.o[0m
[9.452s] [100%] [32m[1mLinking CXX executable cpp_node[0m
[9.801s] [100%] Built target cpp_node
[9.823s] Invoked command in '/home/zeeshan/rida_ws/build/cpp_pkg' returned '0': CMAKE_PREFIX_PATH=${CMAKE_PREFIX_PATH}:/home/zeeshan/rida_ws/install/new_pkg:/opt/ros/humble /usr/bin/cmake --build /home/zeeshan/rida_ws/build/cpp_pkg -- -j4 -l4
[9.889s] Invoking command in '/home/zeeshan/rida_ws/build/cpp_pkg': CMAKE_PREFIX_PATH=${CMAKE_PREFIX_PATH}:/home/zeeshan/rida_ws/install/new_pkg:/opt/ros/humble /usr/bin/cmake --install /home/zeeshan/rida_ws/build/cpp_pkg
[9.903s] -- Install configuration: ""
[9.903s] -- Installing: /home/zeeshan/rida_ws/install/cpp_pkg/lib/cpp_pkg/cpp_node
[9.904s] -- Set runtime path of "/home/zeeshan/rida_ws/install/cpp_pkg/lib/cpp_pkg/cpp_node" to ""
[9.904s] -- Installing: /home/zeeshan/rida_ws/install/cpp_pkg/share/ament_index/resource_index/package_run_dependencies/cpp_pkg
[9.905s] -- Installing: /home/zeeshan/rida_ws/install/cpp_pkg/share/ament_index/resource_index/parent_prefix_path/cpp_pkg
[9.905s] -- Installing: /home/zeeshan/rida_ws/install/cpp_pkg/share/cpp_pkg/environment/ament_prefix_path.sh
[9.905s] -- Installing: /home/zeeshan/rida_ws/install/cpp_pkg/share/cpp_pkg/environment/ament_prefix_path.dsv
[9.906s] -- Installing: /home/zeeshan/rida_ws/install/cpp_pkg/share/cpp_pkg/environment/path.sh
[9.906s] -- Installing: /home/zeeshan/rida_ws/install/cpp_pkg/share/cpp_pkg/environment/path.dsv
[9.906s] -- Installing: /home/zeeshan/rida_ws/install/cpp_pkg/share/cpp_pkg/local_setup.bash
[9.909s] -- Installing: /home/zeeshan/rida_ws/install/cpp_pkg/share/cpp_pkg/local_setup.sh
[9.909s] -- Installing: /home/zeeshan/rida_ws/install/cpp_pkg/share/cpp_pkg/local_setup.zsh
[9.909s] -- Installing: /home/zeeshan/rida_ws/install/cpp_pkg/share/cpp_pkg/local_setup.dsv
[9.910s] -- Installing: /home/zeeshan/rida_ws/install/cpp_pkg/share/cpp_pkg/package.dsv
[9.910s] -- Installing: /home/zeeshan/rida_ws/install/cpp_pkg/share/ament_index/resource_index/packages/cpp_pkg
[9.910s] -- Installing: /home/zeeshan/rida_ws/install/cpp_pkg/share/cpp_pkg/cmake/cpp_pkgConfig.cmake
[9.910s] -- Installing: /home/zeeshan/rida_ws/install/cpp_pkg/share/cpp_pkg/cmake/cpp_pkgConfig-version.cmake
[9.910s] -- Installing: /home/zeeshan/rida_ws/install/cpp_pkg/share/cpp_pkg/package.xml
[9.913s] Invoked command in '/home/zeeshan/rida_ws/build/cpp_pkg' returned '0': CMAKE_PREFIX_PATH=${CMAKE_PREFIX_PATH}:/home/zeeshan/rida_ws/install/new_pkg:/opt/ros/humble /usr/bin/cmake --install /home/zeeshan/rida_ws/build/cpp_pkg
