[0.043s] Invoking command in '/home/zeeshan/rida_ws/build/cpp_pkg': CMAKE_PREFIX_PATH=${CMAKE_PREFIX_PATH}:/home/zeeshan/rida_ws/install/new_pkg:/opt/ros/humble /usr/bin/cmake --build /home/zeeshan/rida_ws/build/cpp_pkg -- -j4 -l4
[0.677s] [100%] Built target cpp_node
[0.689s] Invoked command in '/home/zeeshan/rida_ws/build/cpp_pkg' returned '0': CMAKE_PREFIX_PATH=${CMAKE_PREFIX_PATH}:/home/zeeshan/rida_ws/install/new_pkg:/opt/ros/humble /usr/bin/cmake --build /home/zeeshan/rida_ws/build/cpp_pkg -- -j4 -l4
[0.761s] Invoking command in '/home/zeeshan/rida_ws/build/cpp_pkg': CMAKE_PREFIX_PATH=${CMAKE_PREFIX_PATH}:/home/zeeshan/rida_ws/install/new_pkg:/opt/ros/humble /usr/bin/cmake --install /home/zeeshan/rida_ws/build/cpp_pkg
[0.773s] -- Install configuration: ""
[0.774s] -- Up-to-date: /home/zeeshan/rida_ws/install/cpp_pkg/lib/cpp_pkg/cpp_node
[0.774s] -- Up-to-date: /home/zeeshan/rida_ws/install/cpp_pkg/share/ament_index/resource_index/package_run_dependencies/cpp_pkg
[0.775s] -- Up-to-date: /home/zeeshan/rida_ws/install/cpp_pkg/share/ament_index/resource_index/parent_prefix_path/cpp_pkg
[0.776s] -- Up-to-date: /home/zeeshan/rida_ws/install/cpp_pkg/share/cpp_pkg/environment/ament_prefix_path.sh
[0.776s] -- Up-to-date: /home/zeeshan/rida_ws/install/cpp_pkg/share/cpp_pkg/environment/ament_prefix_path.dsv
[0.777s] -- Up-to-date: /home/zeeshan/rida_ws/install/cpp_pkg/share/cpp_pkg/environment/path.sh
[0.777s] -- Up-to-date: /home/zeeshan/rida_ws/install/cpp_pkg/share/cpp_pkg/environment/path.dsv
[0.777s] -- Up-to-date: /home/zeeshan/rida_ws/install/cpp_pkg/share/cpp_pkg/local_setup.bash
[0.777s] -- Up-to-date: /home/zeeshan/rida_ws/install/cpp_pkg/share/cpp_pkg/local_setup.sh
[0.778s] -- Up-to-date: /home/zeeshan/rida_ws/install/cpp_pkg/share/cpp_pkg/local_setup.zsh
[0.778s] -- Up-to-date: /home/zeeshan/rida_ws/install/cpp_pkg/share/cpp_pkg/local_setup.dsv
[0.778s] -- Installing: /home/zeeshan/rida_ws/install/cpp_pkg/share/cpp_pkg/package.dsv
[0.778s] -- Up-to-date: /home/zeeshan/rida_ws/install/cpp_pkg/share/ament_index/resource_index/packages/cpp_pkg
[0.779s] -- Up-to-date: /home/zeeshan/rida_ws/install/cpp_pkg/share/cpp_pkg/cmake/cpp_pkgConfig.cmake
[0.780s] -- Up-to-date: /home/zeeshan/rida_ws/install/cpp_pkg/share/cpp_pkg/cmake/cpp_pkgConfig-version.cmake
[0.780s] -- Up-to-date: /home/zeeshan/rida_ws/install/cpp_pkg/share/cpp_pkg/package.xml
[0.784s] Invoked command in '/home/zeeshan/rida_ws/build/cpp_pkg' returned '0': CMAKE_PREFIX_PATH=${CMAKE_PREFIX_PATH}:/home/zeeshan/rida_ws/install/new_pkg:/opt/ros/humble /usr/bin/cmake --install /home/zeeshan/rida_ws/build/cpp_pkg
