[0.650s] Invoking command in '/home/zeeshan/rida_ws/build/simple_planner': CMAKE_PREFIX_PATH=${CMAKE_PREFIX_PATH}:/home/zeeshan/rida_ws/install/new_pkg:/opt/ros/humble /usr/bin/cmake --build /home/zeeshan/rida_ws/build/simple_planner -- -j4 -l4
[0.769s] [ 50%] Built target map_handler
[0.782s] [100%] Built target path_planner
[0.814s] Invoked command in '/home/zeeshan/rida_ws/build/simple_planner' returned '0': CMAKE_PREFIX_PATH=${CMAKE_PREFIX_PATH}:/home/zeeshan/rida_ws/install/new_pkg:/opt/ros/humble /usr/bin/cmake --build /home/zeeshan/rida_ws/build/simple_planner -- -j4 -l4
[0.875s] Invoking command in '/home/zeeshan/rida_ws/build/simple_planner': CMAKE_PREFIX_PATH=${CMAKE_PREFIX_PATH}:/home/zeeshan/rida_ws/install/new_pkg:/opt/ros/humble /usr/bin/cmake --install /home/zeeshan/rida_ws/build/simple_planner
[0.892s] -- Install configuration: ""
[0.892s] -- Up-to-date: /home/zeeshan/rida_ws/install/simple_planner/lib/simple_planner/map_handler
[0.892s] -- Up-to-date: /home/zeeshan/rida_ws/install/simple_planner/lib/simple_planner/path_planner
[0.893s] -- Up-to-date: /home/zeeshan/rida_ws/install/simple_planner/share/simple_planner/launch
[0.893s] -- Up-to-date: /home/zeeshan/rida_ws/install/simple_planner/share/simple_planner/launch/launch_planner.launch.py
[0.893s] -- Up-to-date: /home/zeeshan/rida_ws/install/simple_planner/share/ament_index/resource_index/package_run_dependencies/simple_planner
[0.893s] -- Up-to-date: /home/zeeshan/rida_ws/install/simple_planner/share/ament_index/resource_index/parent_prefix_path/simple_planner
[0.893s] -- Up-to-date: /home/zeeshan/rida_ws/install/simple_planner/share/simple_planner/environment/ament_prefix_path.sh
[0.894s] -- Up-to-date: /home/zeeshan/rida_ws/install/simple_planner/share/simple_planner/environment/ament_prefix_path.dsv
[0.894s] -- Up-to-date: /home/zeeshan/rida_ws/install/simple_planner/share/simple_planner/environment/path.sh
[0.894s] -- Up-to-date: /home/zeeshan/rida_ws/install/simple_planner/share/simple_planner/environment/path.dsv
[0.894s] -- Up-to-date: /home/zeeshan/rida_ws/install/simple_planner/share/simple_planner/local_setup.bash
[0.894s] -- Up-to-date: /home/zeeshan/rida_ws/install/simple_planner/share/simple_planner/local_setup.sh
[0.894s] -- Up-to-date: /home/zeeshan/rida_ws/install/simple_planner/share/simple_planner/local_setup.zsh
[0.895s] -- Up-to-date: /home/zeeshan/rida_ws/install/simple_planner/share/simple_planner/local_setup.dsv
[0.895s] -- Installing: /home/zeeshan/rida_ws/install/simple_planner/share/simple_planner/package.dsv
[0.895s] -- Up-to-date: /home/zeeshan/rida_ws/install/simple_planner/share/ament_index/resource_index/packages/simple_planner
[0.895s] -- Up-to-date: /home/zeeshan/rida_ws/install/simple_planner/share/simple_planner/cmake/simple_plannerConfig.cmake
[0.895s] -- Up-to-date: /home/zeeshan/rida_ws/install/simple_planner/share/simple_planner/cmake/simple_plannerConfig-version.cmake
[0.895s] -- Up-to-date: /home/zeeshan/rida_ws/install/simple_planner/share/simple_planner/package.xml
[0.901s] Invoked command in '/home/zeeshan/rida_ws/build/simple_planner' returned '0': CMAKE_PREFIX_PATH=${CMAKE_PREFIX_PATH}:/home/zeeshan/rida_ws/install/new_pkg:/opt/ros/humble /usr/bin/cmake --install /home/zeeshan/rida_ws/build/simple_planner
