[0.023s] Invoking command in '/home/zeeshan/rida_ws/build/simple_planner': CMAKE_PREFIX_PATH=${CMAKE_PREFIX_PATH}:/opt/ros/humble /usr/bin/cmake /home/zeeshan/rida_ws/src/simple_planner -DCMAKE_INSTALL_PREFIX=/home/zeeshan/rida_ws/install/simple_planner
[0.208s] -- The C compiler identification is GNU 11.4.0
[0.382s] -- The CXX compiler identification is GNU 11.4.0
[0.402s] -- Detecting C compiler ABI info
[0.549s] -- Detecting C compiler ABI info - done
[0.565s] -- Check for working C compiler: /usr/bin/cc - skipped
[0.565s] -- Detecting C compile features
[0.567s] -- Detecting C compile features - done
[0.573s] -- Detecting CXX compiler ABI info
[0.734s] -- Detecting CXX compiler ABI info - done
[0.751s] -- Check for working CXX compiler: /usr/bin/c++ - skipped
[0.751s] -- Detecting CXX compile features
[0.752s] -- Detecting CXX compile features - done
[0.765s] -- Found ament_cmake: 1.3.9 (/opt/ros/humble/share/ament_cmake/cmake)
[1.096s] -- Found Python3: /usr/bin/python3 (found version "3.10.12") found components: Interpreter 
[1.317s] -- Found rclcpp: 16.0.9 (/opt/ros/humble/share/rclcpp/cmake)
[1.433s] -- Found rosidl_generator_c: 3.1.5 (/opt/ros/humble/share/rosidl_generator_c/cmake)
[1.447s] -- Found rosidl_adapter: 3.1.5 (/opt/ros/humble/share/rosidl_adapter/cmake)
[1.477s] -- Found rosidl_generator_cpp: 3.1.5 (/opt/ros/humble/share/rosidl_generator_cpp/cmake)
[1.517s] -- Using all available rosidl_typesupport_c: rosidl_typesupport_fastrtps_c;rosidl_typesupport_introspection_c
[1.572s] -- Using all available rosidl_typesupport_cpp: rosidl_typesupport_fastrtps_cpp;rosidl_typesupport_introspection_cpp
[1.981s] -- Found rmw_implementation_cmake: 6.1.2 (/opt/ros/humble/share/rmw_implementation_cmake/cmake)
[1.994s] -- Found rmw_fastrtps_cpp: 6.2.6 (/opt/ros/humble/share/rmw_fastrtps_cpp/cmake)
[2.225s] -- Found OpenSSL: /usr/lib/x86_64-linux-gnu/libcrypto.so (found version "3.0.2")  
[2.276s] -- Found FastRTPS: /opt/ros/humble/include  
[2.364s] -- Using RMW implementation 'rmw_fastrtps_cpp' as default
[2.386s] -- Looking for pthread.h
[2.542s] -- Looking for pthread.h - found
[2.544s] -- Performing Test CMAKE_HAVE_LIBC_PTHREAD
[2.687s] -- Performing Test CMAKE_HAVE_LIBC_PTHREAD - Success
[2.688s] -- Found Threads: TRUE  
[3.120s] -- Found nav_msgs: 4.2.4 (/opt/ros/humble/share/nav_msgs/cmake)
[3.462s] -- Found ament_lint_auto: 0.12.11 (/opt/ros/humble/share/ament_lint_auto/cmake)
[3.635s] -- Added test 'cppcheck' to perform static code analysis on C / C++ code
[3.636s] -- Configured cppcheck include dirs: 
[3.636s] -- Configured cppcheck exclude dirs and/or files: 
[3.637s] -- Added test 'lint_cmake' to check CMake code style
[3.639s] -- Added test 'uncrustify' to check C / C++ code style
[3.640s] -- Configured uncrustify additional arguments: 
[3.641s] -- Added test 'xmllint' to check XML markup files
[3.645s] -- Configuring done
[3.654s] -- Generating done
[3.657s] -- Build files have been written to: /home/zeeshan/rida_ws/build/simple_planner
[3.674s] Invoked command in '/home/zeeshan/rida_ws/build/simple_planner' returned '0': CMAKE_PREFIX_PATH=${CMAKE_PREFIX_PATH}:/opt/ros/humble /usr/bin/cmake /home/zeeshan/rida_ws/src/simple_planner -DCMAKE_INSTALL_PREFIX=/home/zeeshan/rida_ws/install/simple_planner
[3.678s] Invoking command in '/home/zeeshan/rida_ws/build/simple_planner': CMAKE_PREFIX_PATH=${CMAKE_PREFIX_PATH}:/opt/ros/humble /usr/bin/cmake --build /home/zeeshan/rida_ws/build/simple_planner -- -j4 -l4
[3.756s] Invoked command in '/home/zeeshan/rida_ws/build/simple_planner' returned '0': CMAKE_PREFIX_PATH=${CMAKE_PREFIX_PATH}:/opt/ros/humble /usr/bin/cmake --build /home/zeeshan/rida_ws/build/simple_planner -- -j4 -l4
[3.811s] Invoking command in '/home/zeeshan/rida_ws/build/simple_planner': CMAKE_PREFIX_PATH=${CMAKE_PREFIX_PATH}:/opt/ros/humble /usr/bin/cmake --install /home/zeeshan/rida_ws/build/simple_planner
[3.825s] -- Install configuration: ""
[3.826s] -- Installing: /home/zeeshan/rida_ws/install/simple_planner/share/ament_index/resource_index/package_run_dependencies/simple_planner
[3.827s] -- Installing: /home/zeeshan/rida_ws/install/simple_planner/share/ament_index/resource_index/parent_prefix_path/simple_planner
[3.827s] -- Installing: /home/zeeshan/rida_ws/install/simple_planner/share/simple_planner/environment/ament_prefix_path.sh
[3.827s] -- Installing: /home/zeeshan/rida_ws/install/simple_planner/share/simple_planner/environment/ament_prefix_path.dsv
[3.827s] -- Installing: /home/zeeshan/rida_ws/install/simple_planner/share/simple_planner/environment/path.sh
[3.828s] -- Installing: /home/zeeshan/rida_ws/install/simple_planner/share/simple_planner/environment/path.dsv
[3.828s] -- Installing: /home/zeeshan/rida_ws/install/simple_planner/share/simple_planner/local_setup.bash
[3.828s] -- Installing: /home/zeeshan/rida_ws/install/simple_planner/share/simple_planner/local_setup.sh
[3.828s] -- Installing: /home/zeeshan/rida_ws/install/simple_planner/share/simple_planner/local_setup.zsh
[3.828s] -- Installing: /home/zeeshan/rida_ws/install/simple_planner/share/simple_planner/local_setup.dsv
[3.829s] -- Installing: /home/zeeshan/rida_ws/install/simple_planner/share/simple_planner/package.dsv
[3.829s] -- Installing: /home/zeeshan/rida_ws/install/simple_planner/share/ament_index/resource_index/packages/simple_planner
[3.829s] -- Installing: /home/zeeshan/rida_ws/install/simple_planner/share/simple_planner/cmake/simple_plannerConfig.cmake
[3.830s] -- Installing: /home/zeeshan/rida_ws/install/simple_planner/share/simple_planner/cmake/simple_plannerConfig-version.cmake
[3.830s] -- Installing: /home/zeeshan/rida_ws/install/simple_planner/share/simple_planner/package.xml
[3.834s] Invoked command in '/home/zeeshan/rida_ws/build/simple_planner' returned '0': CMAKE_PREFIX_PATH=${CMAKE_PREFIX_PATH}:/opt/ros/humble /usr/bin/cmake --install /home/zeeshan/rida_ws/build/simple_planner
