[0.646s] Invoking command in '/home/zeeshan/rida_ws/build/simple_planner': CMAKE_PREFIX_PATH=${CMAKE_PREFIX_PATH}:/home/zeeshan/rida_ws/install/new_pkg:/opt/ros/humble /usr/bin/cmake --build /home/zeeshan/rida_ws/build/simple_planner -- -j4 -l4
[0.772s] [ 50%] Built target path_planner
[0.772s] [100%] Built target map_handler
[0.795s] Invoked command in '/home/zeeshan/rida_ws/build/simple_planner' returned '0': CMAKE_PREFIX_PATH=${CMAKE_PREFIX_PATH}:/home/zeeshan/rida_ws/install/new_pkg:/opt/ros/humble /usr/bin/cmake --build /home/zeeshan/rida_ws/build/simple_planner -- -j4 -l4
[0.854s] Invoking command in '/home/zeeshan/rida_ws/build/simple_planner': CMAKE_PREFIX_PATH=${CMAKE_PREFIX_PATH}:/home/zeeshan/rida_ws/install/new_pkg:/opt/ros/humble /usr/bin/cmake --install /home/zeeshan/rida_ws/build/simple_planner
[0.870s] -- Install configuration: ""
[0.871s] -- Up-to-date: /home/zeeshan/rida_ws/install/simple_planner/lib/simple_planner/map_handler
[0.871s] -- Up-to-date: /home/zeeshan/rida_ws/install/simple_planner/lib/simple_planner/path_planner
[0.871s] -- Up-to-date: /home/zeeshan/rida_ws/install/simple_planner/share/simple_planner/launch
[0.871s] -- Installing: /home/zeeshan/rida_ws/install/simple_planner/share/simple_planner/launch/launch_planner.launch.py
[0.873s] -- Up-to-date: /home/zeeshan/rida_ws/install/simple_planner/share/ament_index/resource_index/package_run_dependencies/simple_planner
[0.874s] -- Up-to-date: /home/zeeshan/rida_ws/install/simple_planner/share/ament_index/resource_index/parent_prefix_path/simple_planner
[0.874s] -- Up-to-date: /home/zeeshan/rida_ws/install/simple_planner/share/simple_planner/environment/ament_prefix_path.sh
[0.874s] -- Up-to-date: /home/zeeshan/rida_ws/install/simple_planner/share/simple_planner/environment/ament_prefix_path.dsv
[0.874s] -- Up-to-date: /home/zeeshan/rida_ws/install/simple_planner/share/simple_planner/environment/path.sh
[0.874s] -- Up-to-date: /home/zeeshan/rida_ws/install/simple_planner/share/simple_planner/environment/path.dsv
[0.875s] -- Up-to-date: /home/zeeshan/rida_ws/install/simple_planner/share/simple_planner/local_setup.bash
[0.875s] -- Up-to-date: /home/zeeshan/rida_ws/install/simple_planner/share/simple_planner/local_setup.sh
[0.875s] -- Up-to-date: /home/zeeshan/rida_ws/install/simple_planner/share/simple_planner/local_setup.zsh
[0.875s] -- Up-to-date: /home/zeeshan/rida_ws/install/simple_planner/share/simple_planner/local_setup.dsv
[0.875s] -- Installing: /home/zeeshan/rida_ws/install/simple_planner/share/simple_planner/package.dsv
[0.875s] -- Up-to-date: /home/zeeshan/rida_ws/install/simple_planner/share/ament_index/resource_index/packages/simple_planner
[0.875s] -- Up-to-date: /home/zeeshan/rida_ws/install/simple_planner/share/simple_planner/cmake/simple_plannerConfig.cmake
[0.876s] -- Up-to-date: /home/zeeshan/rida_ws/install/simple_planner/share/simple_planner/cmake/simple_plannerConfig-version.cmake
[0.877s] -- Up-to-date: /home/zeeshan/rida_ws/install/simple_planner/share/simple_planner/package.xml
[0.879s] Invoked command in '/home/zeeshan/rida_ws/build/simple_planner' returned '0': CMAKE_PREFIX_PATH=${CMAKE_PREFIX_PATH}:/home/zeeshan/rida_ws/install/new_pkg:/opt/ros/humble /usr/bin/cmake --install /home/zeeshan/rida_ws/build/simple_planner
