[0.230s] DEBUG:colcon:Command line arguments: ['/usr/bin/colcon', 'build', '--packages-select', 'cpp_pkg']
[0.231s] DEBUG:colcon:Parsed command line arguments: Namespace(log_base=None, log_level=None, verb_name='build', build_base='build', install_base='install', merge_install=False, symlink_install=False, test_result_base=None, continue_on_error=False, executor='parallel', parallel_workers=4, event_handlers=None, ignore_user_meta=False, metas=['./colcon.meta'], base_paths=['.'], packages_ignore=None, packages_ignore_regex=None, paths=None, packages_up_to=None, packages_up_to_regex=None, packages_above=None, packages_above_and_dependencies=None, packages_above_depth=None, packages_select_by_dep=None, packages_skip_by_dep=None, packages_skip_up_to=None, packages_select_build_failed=False, packages_skip_build_finished=False, packages_select_test_failures=False, packages_skip_test_passed=False, packages_select=['cpp_pkg'], packages_skip=None, packages_select_regex=None, packages_skip_regex=None, packages_start=None, packages_end=None, allow_overriding=[], cmake_args=None, cmake_target=None, cmake_target_skip_unavailable=False, cmake_clean_cache=False, cmake_clean_first=False, cmake_force_configure=False, ament_cmake_args=None, catkin_cmake_args=None, catkin_skip_building_tests=False, mixin_files=None, mixin=None, verb_parser=<colcon_mixin.mixin.mixin_argument.MixinArgumentDecorator object at 0x78a8c3567070>, verb_extension=<colcon_core.verb.build.BuildVerb object at 0x78a8c369c1f0>, main=<bound method BuildVerb.main of <colcon_core.verb.build.BuildVerb object at 0x78a8c369c1f0>>, mixin_verb=('build',))
[0.606s] Level 1:colcon.colcon_core.package_discovery:discover_packages(colcon_meta) check parameters
[0.607s] Level 1:colcon.colcon_core.package_discovery:discover_packages(recursive) check parameters
[0.607s] Level 1:colcon.colcon_core.package_discovery:discover_packages(ignore) check parameters
[0.607s] Level 1:colcon.colcon_core.package_discovery:discover_packages(path) check parameters
[0.607s] Level 1:colcon.colcon_core.package_discovery:discover_packages(colcon_meta) discover
[0.607s] Level 1:colcon.colcon_core.package_discovery:discover_packages(recursive) discover
[0.607s] INFO:colcon.colcon_core.package_discovery:Crawling recursively for packages in '/home/zeeshan/rida_ws'
[0.607s] Level 1:colcon.colcon_core.package_identification:_identify(.) by extensions ['ignore', 'ignore_ament_install']
[0.607s] Level 1:colcon.colcon_core.package_identification:_identify(.) by extension 'ignore'
[0.607s] Level 1:colcon.colcon_core.package_identification:_identify(.) by extension 'ignore_ament_install'
[0.608s] Level 1:colcon.colcon_core.package_identification:_identify(.) by extensions ['colcon_pkg']
[0.608s] Level 1:colcon.colcon_core.package_identification:_identify(.) by extension 'colcon_pkg'
[0.608s] Level 1:colcon.colcon_core.package_identification:_identify(.) by extensions ['colcon_meta']
[0.608s] Level 1:colcon.colcon_core.package_identification:_identify(.) by extension 'colcon_meta'
[0.608s] Level 1:colcon.colcon_core.package_identification:_identify(.) by extensions ['ros']
[0.608s] Level 1:colcon.colcon_core.package_identification:_identify(.) by extension 'ros'
[0.630s] Level 1:colcon.colcon_core.package_identification:_identify(.) by extensions ['cmake', 'python']
[0.630s] Level 1:colcon.colcon_core.package_identification:_identify(.) by extension 'cmake'
[0.631s] Level 1:colcon.colcon_core.package_identification:_identify(.) by extension 'python'
[0.631s] Level 1:colcon.colcon_core.package_identification:_identify(.) by extensions ['python_setup_py']
[0.631s] Level 1:colcon.colcon_core.package_identification:_identify(.) by extension 'python_setup_py'
[0.631s] Level 1:colcon.colcon_core.package_identification:_identify(build) by extensions ['ignore', 'ignore_ament_install']
[0.631s] Level 1:colcon.colcon_core.package_identification:_identify(build) by extension 'ignore'
[0.631s] Level 1:colcon.colcon_core.package_identification:_identify(build) ignored
[0.632s] Level 1:colcon.colcon_core.package_identification:_identify(install) by extensions ['ignore', 'ignore_ament_install']
[0.632s] Level 1:colcon.colcon_core.package_identification:_identify(install) by extension 'ignore'
[0.632s] Level 1:colcon.colcon_core.package_identification:_identify(install) ignored
[0.632s] Level 1:colcon.colcon_core.package_identification:_identify(log) by extensions ['ignore', 'ignore_ament_install']
[0.632s] Level 1:colcon.colcon_core.package_identification:_identify(log) by extension 'ignore'
[0.632s] Level 1:colcon.colcon_core.package_identification:_identify(log) ignored
[0.632s] Level 1:colcon.colcon_core.package_identification:_identify(src) by extensions ['ignore', 'ignore_ament_install']
[0.633s] Level 1:colcon.colcon_core.package_identification:_identify(src) by extension 'ignore'
[0.633s] Level 1:colcon.colcon_core.package_identification:_identify(src) by extension 'ignore_ament_install'
[0.633s] Level 1:colcon.colcon_core.package_identification:_identify(src) by extensions ['colcon_pkg']
[0.633s] Level 1:colcon.colcon_core.package_identification:_identify(src) by extension 'colcon_pkg'
[0.633s] Level 1:colcon.colcon_core.package_identification:_identify(src) by extensions ['colcon_meta']
[0.633s] Level 1:colcon.colcon_core.package_identification:_identify(src) by extension 'colcon_meta'
[0.633s] Level 1:colcon.colcon_core.package_identification:_identify(src) by extensions ['ros']
[0.633s] Level 1:colcon.colcon_core.package_identification:_identify(src) by extension 'ros'
[0.633s] Level 1:colcon.colcon_core.package_identification:_identify(src) by extensions ['cmake', 'python']
[0.633s] Level 1:colcon.colcon_core.package_identification:_identify(src) by extension 'cmake'
[0.633s] Level 1:colcon.colcon_core.package_identification:_identify(src) by extension 'python'
[0.634s] Level 1:colcon.colcon_core.package_identification:_identify(src) by extensions ['python_setup_py']
[0.634s] Level 1:colcon.colcon_core.package_identification:_identify(src) by extension 'python_setup_py'
[0.634s] Level 1:colcon.colcon_core.package_identification:_identify(src/cpp_pkg) by extensions ['ignore', 'ignore_ament_install']
[0.634s] Level 1:colcon.colcon_core.package_identification:_identify(src/cpp_pkg) by extension 'ignore'
[0.634s] Level 1:colcon.colcon_core.package_identification:_identify(src/cpp_pkg) by extension 'ignore_ament_install'
[0.634s] Level 1:colcon.colcon_core.package_identification:_identify(src/cpp_pkg) by extensions ['colcon_pkg']
[0.634s] Level 1:colcon.colcon_core.package_identification:_identify(src/cpp_pkg) by extension 'colcon_pkg'
[0.634s] Level 1:colcon.colcon_core.package_identification:_identify(src/cpp_pkg) by extensions ['colcon_meta']
[0.634s] Level 1:colcon.colcon_core.package_identification:_identify(src/cpp_pkg) by extension 'colcon_meta'
[0.635s] Level 1:colcon.colcon_core.package_identification:_identify(src/cpp_pkg) by extensions ['ros']
[0.635s] Level 1:colcon.colcon_core.package_identification:_identify(src/cpp_pkg) by extension 'ros'
[0.640s] DEBUG:colcon.colcon_core.package_identification:Package 'src/cpp_pkg' with type 'ros.ament_cmake' and name 'cpp_pkg'
[0.640s] Level 1:colcon.colcon_core.package_identification:_identify(src/new_pkg) by extensions ['ignore', 'ignore_ament_install']
[0.640s] Level 1:colcon.colcon_core.package_identification:_identify(src/new_pkg) by extension 'ignore'
[0.640s] Level 1:colcon.colcon_core.package_identification:_identify(src/new_pkg) by extension 'ignore_ament_install'
[0.640s] Level 1:colcon.colcon_core.package_identification:_identify(src/new_pkg) by extensions ['colcon_pkg']
[0.640s] Level 1:colcon.colcon_core.package_identification:_identify(src/new_pkg) by extension 'colcon_pkg'
[0.640s] Level 1:colcon.colcon_core.package_identification:_identify(src/new_pkg) by extensions ['colcon_meta']
[0.640s] Level 1:colcon.colcon_core.package_identification:_identify(src/new_pkg) by extension 'colcon_meta'
[0.641s] Level 1:colcon.colcon_core.package_identification:_identify(src/new_pkg) by extensions ['ros']
[0.641s] Level 1:colcon.colcon_core.package_identification:_identify(src/new_pkg) by extension 'ros'
[0.642s] DEBUG:colcon.colcon_core.package_identification:Package 'src/new_pkg' with type 'ros.ament_python' and name 'new_pkg'
[0.642s] Level 1:colcon.colcon_core.package_discovery:discover_packages(recursive) using defaults
[0.642s] Level 1:colcon.colcon_core.package_discovery:discover_packages(ignore) discover
[0.642s] Level 1:colcon.colcon_core.package_discovery:discover_packages(ignore) using defaults
[0.642s] Level 1:colcon.colcon_core.package_discovery:discover_packages(path) discover
[0.642s] Level 1:colcon.colcon_core.package_discovery:discover_packages(path) using defaults
[0.683s] INFO:colcon.colcon_core.package_selection:Skipping not selected package 'new_pkg' in 'src/new_pkg'
[0.683s] Level 1:colcon.colcon_core.package_discovery:discover_packages(prefix_path) check parameters
[0.684s] Level 1:colcon.colcon_core.package_discovery:discover_packages(prefix_path) discover
[0.685s] WARNING:colcon.colcon_ros.prefix_path.ament:The path '/home/zeeshan/rida_ws/install/new_pkg' in the environment variable AMENT_PREFIX_PATH doesn't exist
[0.685s] WARNING:colcon.colcon_ros.prefix_path.ament:The path '/home/zeeshan/rida_ws/install/cpp_pkg' in the environment variable AMENT_PREFIX_PATH doesn't exist
[0.685s] WARNING:colcon.colcon_ros.prefix_path.catkin:The path '/home/zeeshan/rida_ws/install/cpp_pkg' in the environment variable CMAKE_PREFIX_PATH doesn't exist
[0.688s] DEBUG:colcon.colcon_installed_package_information.package_discovery:Found 0 installed packages in /home/zeeshan/rida_ws/install
[0.691s] DEBUG:colcon.colcon_installed_package_information.package_discovery:Found 314 installed packages in /opt/ros/humble
[0.695s] Level 1:colcon.colcon_core.package_discovery:discover_packages(prefix_path) using defaults
[0.817s] Level 5:colcon.colcon_core.verb:set package 'cpp_pkg' build argument 'cmake_args' from command line to 'None'
[0.818s] Level 5:colcon.colcon_core.verb:set package 'cpp_pkg' build argument 'cmake_target' from command line to 'None'
[0.818s] Level 5:colcon.colcon_core.verb:set package 'cpp_pkg' build argument 'cmake_target_skip_unavailable' from command line to 'False'
[0.818s] Level 5:colcon.colcon_core.verb:set package 'cpp_pkg' build argument 'cmake_clean_cache' from command line to 'False'
[0.818s] Level 5:colcon.colcon_core.verb:set package 'cpp_pkg' build argument 'cmake_clean_first' from command line to 'False'
[0.818s] Level 5:colcon.colcon_core.verb:set package 'cpp_pkg' build argument 'cmake_force_configure' from command line to 'False'
[0.818s] Level 5:colcon.colcon_core.verb:set package 'cpp_pkg' build argument 'ament_cmake_args' from command line to 'None'
[0.818s] Level 5:colcon.colcon_core.verb:set package 'cpp_pkg' build argument 'catkin_cmake_args' from command line to 'None'
[0.818s] Level 5:colcon.colcon_core.verb:set package 'cpp_pkg' build argument 'catkin_skip_building_tests' from command line to 'False'
[0.818s] DEBUG:colcon.colcon_core.verb:Building package 'cpp_pkg' with the following arguments: {'ament_cmake_args': None, 'build_base': '/home/zeeshan/rida_ws/build/cpp_pkg', 'catkin_cmake_args': None, 'catkin_skip_building_tests': False, 'cmake_args': None, 'cmake_clean_cache': False, 'cmake_clean_first': False, 'cmake_force_configure': False, 'cmake_target': None, 'cmake_target_skip_unavailable': False, 'install_base': '/home/zeeshan/rida_ws/install/cpp_pkg', 'merge_install': False, 'path': '/home/zeeshan/rida_ws/src/cpp_pkg', 'symlink_install': False, 'test_result_base': None}
[0.819s] INFO:colcon.colcon_core.executor:Executing jobs using 'parallel' executor
[0.821s] DEBUG:colcon.colcon_parallel_executor.executor.parallel:run_until_complete
[0.821s] INFO:colcon.colcon_ros.task.ament_cmake.build:Building ROS package in '/home/zeeshan/rida_ws/src/cpp_pkg' with build type 'ament_cmake'
[0.822s] INFO:colcon.colcon_cmake.task.cmake.build:Building CMake package in '/home/zeeshan/rida_ws/src/cpp_pkg'
[0.827s] INFO:colcon.colcon_core.plugin_system:Skipping extension 'colcon_core.shell.bat': Not used on non-Windows systems
[0.827s] INFO:colcon.colcon_core.shell:Skip shell extension 'powershell' for command environment: Not usable outside of PowerShell
[0.827s] DEBUG:colcon.colcon_core.shell:Skip shell extension 'dsv' for command environment
[0.847s] DEBUG:colcon.colcon_core.event_handler.log_command:Invoking command in '/home/zeeshan/rida_ws/build/cpp_pkg': CMAKE_PREFIX_PATH=${CMAKE_PREFIX_PATH}:/home/zeeshan/rida_ws/install/new_pkg:/opt/ros/humble /usr/bin/cmake /home/zeeshan/rida_ws/src/cpp_pkg -DCMAKE_INSTALL_PREFIX=/home/zeeshan/rida_ws/install/cpp_pkg
[3.552s] DEBUG:colcon.colcon_core.event_handler.log_command:Invoked command in '/home/zeeshan/rida_ws/build/cpp_pkg' returned '0': CMAKE_PREFIX_PATH=${CMAKE_PREFIX_PATH}:/home/zeeshan/rida_ws/install/new_pkg:/opt/ros/humble /usr/bin/cmake /home/zeeshan/rida_ws/src/cpp_pkg -DCMAKE_INSTALL_PREFIX=/home/zeeshan/rida_ws/install/cpp_pkg
[3.555s] DEBUG:colcon.colcon_core.event_handler.log_command:Invoking command in '/home/zeeshan/rida_ws/build/cpp_pkg': CMAKE_PREFIX_PATH=${CMAKE_PREFIX_PATH}:/home/zeeshan/rida_ws/install/new_pkg:/opt/ros/humble /usr/bin/cmake --build /home/zeeshan/rida_ws/build/cpp_pkg -- -j4 -l4
[10.646s] DEBUG:colcon.colcon_core.event_handler.log_command:Invoked command in '/home/zeeshan/rida_ws/build/cpp_pkg' returned '0': CMAKE_PREFIX_PATH=${CMAKE_PREFIX_PATH}:/home/zeeshan/rida_ws/install/new_pkg:/opt/ros/humble /usr/bin/cmake --build /home/zeeshan/rida_ws/build/cpp_pkg -- -j4 -l4
[10.712s] DEBUG:colcon.colcon_core.event_handler.log_command:Invoking command in '/home/zeeshan/rida_ws/build/cpp_pkg': CMAKE_PREFIX_PATH=${CMAKE_PREFIX_PATH}:/home/zeeshan/rida_ws/install/new_pkg:/opt/ros/humble /usr/bin/cmake --install /home/zeeshan/rida_ws/build/cpp_pkg
[10.735s] Level 1:colcon.colcon_core.environment:create_environment_scripts_only(cpp_pkg)
[10.737s] DEBUG:colcon.colcon_core.event_handler.log_command:Invoked command in '/home/zeeshan/rida_ws/build/cpp_pkg' returned '0': CMAKE_PREFIX_PATH=${CMAKE_PREFIX_PATH}:/home/zeeshan/rida_ws/install/new_pkg:/opt/ros/humble /usr/bin/cmake --install /home/zeeshan/rida_ws/build/cpp_pkg
[10.741s] Level 1:colcon.colcon_core.environment:checking '/home/zeeshan/rida_ws/install/cpp_pkg' for CMake module files
[10.742s] Level 1:colcon.colcon_core.environment:checking '/home/zeeshan/rida_ws/install/cpp_pkg' for CMake config files
[10.743s] Level 1:colcon.colcon_core.shell:create_environment_hook('cpp_pkg', 'cmake_prefix_path')
[10.743s] INFO:colcon.colcon_core.shell:Creating environment hook '/home/zeeshan/rida_ws/install/cpp_pkg/share/cpp_pkg/hook/cmake_prefix_path.ps1'
[10.744s] INFO:colcon.colcon_core.shell:Creating environment descriptor '/home/zeeshan/rida_ws/install/cpp_pkg/share/cpp_pkg/hook/cmake_prefix_path.dsv'
[10.745s] INFO:colcon.colcon_core.shell:Creating environment hook '/home/zeeshan/rida_ws/install/cpp_pkg/share/cpp_pkg/hook/cmake_prefix_path.sh'
[10.747s] Level 1:colcon.colcon_core.environment:checking '/home/zeeshan/rida_ws/install/cpp_pkg/lib'
[10.747s] Level 1:colcon.colcon_core.environment:checking '/home/zeeshan/rida_ws/install/cpp_pkg/bin'
[10.747s] Level 1:colcon.colcon_core.environment:checking '/home/zeeshan/rida_ws/install/cpp_pkg/lib/pkgconfig/cpp_pkg.pc'
[10.748s] Level 1:colcon.colcon_core.environment:checking '/home/zeeshan/rida_ws/install/cpp_pkg/lib/python3.10/site-packages'
[10.748s] Level 1:colcon.colcon_core.environment:checking '/home/zeeshan/rida_ws/install/cpp_pkg/bin'
[10.749s] INFO:colcon.colcon_core.shell:Creating package script '/home/zeeshan/rida_ws/install/cpp_pkg/share/cpp_pkg/package.ps1'
[10.750s] INFO:colcon.colcon_core.shell:Creating package descriptor '/home/zeeshan/rida_ws/install/cpp_pkg/share/cpp_pkg/package.dsv'
[10.751s] INFO:colcon.colcon_core.shell:Creating package script '/home/zeeshan/rida_ws/install/cpp_pkg/share/cpp_pkg/package.sh'
[10.753s] INFO:colcon.colcon_core.shell:Creating package script '/home/zeeshan/rida_ws/install/cpp_pkg/share/cpp_pkg/package.bash'
[10.754s] INFO:colcon.colcon_core.shell:Creating package script '/home/zeeshan/rida_ws/install/cpp_pkg/share/cpp_pkg/package.zsh'
[10.755s] Level 1:colcon.colcon_core.environment:create_file_with_runtime_dependencies(/home/zeeshan/rida_ws/install/cpp_pkg/share/colcon-core/packages/cpp_pkg)
[10.802s] Level 1:colcon.colcon_core.environment:create_environment_scripts_only(cpp_pkg)
[10.803s] Level 1:colcon.colcon_core.environment:checking '/home/zeeshan/rida_ws/install/cpp_pkg' for CMake module files
[10.804s] Level 1:colcon.colcon_core.environment:checking '/home/zeeshan/rida_ws/install/cpp_pkg' for CMake config files
[10.805s] Level 1:colcon.colcon_core.shell:create_environment_hook('cpp_pkg', 'cmake_prefix_path')
[10.805s] INFO:colcon.colcon_core.shell:Creating environment hook '/home/zeeshan/rida_ws/install/cpp_pkg/share/cpp_pkg/hook/cmake_prefix_path.ps1'
[10.806s] INFO:colcon.colcon_core.shell:Creating environment descriptor '/home/zeeshan/rida_ws/install/cpp_pkg/share/cpp_pkg/hook/cmake_prefix_path.dsv'
[10.807s] INFO:colcon.colcon_core.shell:Creating environment hook '/home/zeeshan/rida_ws/install/cpp_pkg/share/cpp_pkg/hook/cmake_prefix_path.sh'
[10.808s] Level 1:colcon.colcon_core.environment:checking '/home/zeeshan/rida_ws/install/cpp_pkg/lib'
[10.809s] Level 1:colcon.colcon_core.environment:checking '/home/zeeshan/rida_ws/install/cpp_pkg/bin'
[10.809s] Level 1:colcon.colcon_core.environment:checking '/home/zeeshan/rida_ws/install/cpp_pkg/lib/pkgconfig/cpp_pkg.pc'
[10.809s] Level 1:colcon.colcon_core.environment:checking '/home/zeeshan/rida_ws/install/cpp_pkg/lib/python3.10/site-packages'
[10.810s] Level 1:colcon.colcon_core.environment:checking '/home/zeeshan/rida_ws/install/cpp_pkg/bin'
[10.810s] INFO:colcon.colcon_core.shell:Creating package script '/home/zeeshan/rida_ws/install/cpp_pkg/share/cpp_pkg/package.ps1'
[10.812s] INFO:colcon.colcon_core.shell:Creating package descriptor '/home/zeeshan/rida_ws/install/cpp_pkg/share/cpp_pkg/package.dsv'
[10.813s] INFO:colcon.colcon_core.shell:Creating package script '/home/zeeshan/rida_ws/install/cpp_pkg/share/cpp_pkg/package.sh'
[10.814s] INFO:colcon.colcon_core.shell:Creating package script '/home/zeeshan/rida_ws/install/cpp_pkg/share/cpp_pkg/package.bash'
[10.815s] INFO:colcon.colcon_core.shell:Creating package script '/home/zeeshan/rida_ws/install/cpp_pkg/share/cpp_pkg/package.zsh'
[10.816s] Level 1:colcon.colcon_core.environment:create_file_with_runtime_dependencies(/home/zeeshan/rida_ws/install/cpp_pkg/share/colcon-core/packages/cpp_pkg)
[10.816s] DEBUG:colcon.colcon_parallel_executor.executor.parallel:closing loop
[10.817s] DEBUG:colcon.colcon_parallel_executor.executor.parallel:loop closed
[10.817s] DEBUG:colcon.colcon_parallel_executor.executor.parallel:run_until_complete finished with '0'
[10.817s] DEBUG:colcon.colcon_core.event_reactor:joining thread
[10.828s] INFO:colcon.colcon_core.plugin_system:Skipping extension 'colcon_notification.desktop_notification.terminal_notifier': Not used on non-Darwin systems
[10.828s] INFO:colcon.colcon_core.plugin_system:Skipping extension 'colcon_notification.desktop_notification.win32': Not used on non-Windows systems
[10.828s] INFO:colcon.colcon_notification.desktop_notification:Sending desktop notification using 'notify2'
[10.855s] DEBUG:colcon.colcon_core.event_reactor:joined thread
[10.855s] INFO:colcon.colcon_core.shell:Creating prefix script '/home/zeeshan/rida_ws/install/local_setup.ps1'
[10.858s] INFO:colcon.colcon_core.shell:Creating prefix util module '/home/zeeshan/rida_ws/install/_local_setup_util_ps1.py'
[10.860s] INFO:colcon.colcon_core.shell:Creating prefix chain script '/home/zeeshan/rida_ws/install/setup.ps1'
[10.863s] INFO:colcon.colcon_core.shell:Creating prefix script '/home/zeeshan/rida_ws/install/local_setup.sh'
[10.864s] INFO:colcon.colcon_core.shell:Creating prefix util module '/home/zeeshan/rida_ws/install/_local_setup_util_sh.py'
[10.865s] INFO:colcon.colcon_core.shell:Creating prefix chain script '/home/zeeshan/rida_ws/install/setup.sh'
[10.868s] INFO:colcon.colcon_core.shell:Creating prefix script '/home/zeeshan/rida_ws/install/local_setup.bash'
[10.869s] INFO:colcon.colcon_core.shell:Creating prefix chain script '/home/zeeshan/rida_ws/install/setup.bash'
[10.871s] INFO:colcon.colcon_core.shell:Creating prefix script '/home/zeeshan/rida_ws/install/local_setup.zsh'
[10.872s] INFO:colcon.colcon_core.shell:Creating prefix chain script '/home/zeeshan/rida_ws/install/setup.zsh'
